[{"start": 0, "end": 46, "text": "AT half-past eight they drove out of the town.", "tag": "Curious", "color": "#F0E442"}]
[{"start": 0, "end": 923, "text": "The highroad was dry, a lovely April sun was shining warmly, but the snow was still lying in the ditches and in the woods. Winter, dark, long, and spiteful, was hardly over; spring had come all of a sudden. But neither the warmth nor the languid transparent woods, warmed by the breath of spring, nor the black flocks of birds flying over the huge puddles that were like lakes, nor the marvelous fathomless sky, into which it seemed one would have gone away so joyfully, presented anything new or interesting to Marya Vassilyevna who was sitting in the cart. For thirteen years she had been schoolmistress, and there was no reckoning how many times during all those years she had been to the town for her salary; and whether it were spring as now, or a rainy autumn evening, or winter, it was all the same to her, and she always\u2014invariably\u2014longed for one thing only, to get to the end of her journey as quickly as could be.", "tag": "Present", "color": "#0072B2"}]
[]
[{"start": 309, "end": 748, "text": "Her father had died when she was ten years old, and her mother had died soon after.... She had a brother, an officer; at first they used to write to each other, then her brother had given up answering her letters, he had got out of the way of writing. Of her old belongings, all that was left was a photograph of her mother, but it had grown dim from the dampness of the school, and now nothing could be seen but the hair and the eyebrows.", "tag": "Connected", "color": "#D55E00"}]
[]
[{"start": 0, "end": 154, "text": "\u201cThey have caught a government clerk in the town. They have taken him away. The story is that with some Germans he killed Alexeyev, the Mayor, in Moscow.\u201d", "tag": "Curious", "color": "#F0E442"}]
[]
[]
[{"start": 183, "end": 390, "text": "And just as she was thinking about the examination, she was overtaken by a neighboring landowner called Hanov in a carriage with four horses, the very man who had been examiner in her school the year before.", "tag": "Curious", "color": "#F0E442"}]
[]
[{"start": 512, "end": 682, "text": "He had been dressed all in new clothes on that occasion, and Marya Vassilyevna thought him very attractive, and all the while she sat beside him she had felt embarrassed.", "tag": "Curious", "color": "#F0E442"}]
[]
[]
[]
[{"start": 0, "end": 206, "text": "The road grew worse and worse.... They drove into the wood. Here there was no room to turn round, the wheels sank deeply in, water splashed and gurgled through them, and sharp twigs struck them in the face.", "tag": "Present", "color": "#0072B2"}]
[]
[{"start": 639, "end": 715, "text": "but he only laughed, and apparently did not mind, and wanted no better life.", "tag": "Other", "color": "#009E73"}]
[]
[]
[]
[]
[]
[{"start": 253, "end": 493, "text": "Marya Vassilyevna was filled with dread and pity for this man going to his ruin for no visible cause or reason, and it came into her mind that if she had been his wife or sister she would have devoted her whole life to saving him from ruin.", "tag": "Connected", "color": "#D55E00"}]
[{"start": 0, "end": 172, "text": "\u201cAnd it is beyond all understanding,\u201d she thought, \u201cwhy God gives beauty, this graciousness, and sad, sweet eyes to weak, unlucky, useless people\u2014why they are so charming.\u201d", "tag": "Other", "color": "#009E73"}]
[]
[{"start": 0, "end": 290, "text": "And again she thought of her pupils, of the examination, of the watchman, of the School Council; and when the wind brought the sound of the retreating carriage these thoughts were mingled with others. She longed to think of beautiful eyes, of love, of the happiness which would never be....", "tag": "Curious", "color": "#F0E442"}]
[{"start": 650, "end": 771, "text": "And this life was making her grow old and coarse, making her ugly, angular, and awkward, as though she were made of lead.", "tag": "Present", "color": "#0072B2"}, {"start": 1005, "end": 1223, "text": "And no one thought her attractive, and life was passing drearily, without affection, without friendly sympathy, without interesting acquaintances. How awful it would have been in her position if she had fallen in love!", "tag": "Connected", "color": "#D55E00"}]
[]
[]
[{"start": 670, "end": 938, "text": "It is a hard-working, an uninteresting life, and only silent, patient cart-horses like Mary Vassilyevna could put up with it for long; the lively, nervous, impressionable people who talked about vocation and serving the idea were soon weary of it and gave up the work.", "tag": "Connected", "color": "#D55E00"}]
[]
[]
[]
[]
[]
[]
[]
[]
[]
[]
[]
[]
[]
[{"start": 192, "end": 346, "text": "The patches of sunshine had been on the floor, then they passed to the counter, to the wall, and disappeared altogether; so by the sun it was past midday.", "tag": "Other", "color": "#009E73"}]
[]
[]
[]
[]
[]
[]
[]
[]
[{"start": 0, "end": 222, "text": "The forest, thank God! was behind them, and now it would be flat, open ground all the way to Vyazovye, and there was not far to go now. They had to cross the river and then the railway line, and then Vyazovye was in sight.", "tag": "Connected", "color": "#D55E00"}]
[]
[]
[]
[]
[]
[]
[{"start": 0, "end": 315, "text": "They reached the river. In the summer it was a little stream easily crossed by wading. It usually dried up in August, but now, after the spring floods, it was a river forty feet in breadth, rapid, muddy, and cold; on the bank and right up to the water there were fresh tracks of wheels, so it had been crossed here.", "tag": "Present", "color": "#0072B2"}]
[]
[]
[]
[]
[]
[{"start": 0, "end": 183, "text": "Her shoes and goloshes were full of water, the lower part of her dress and of her coat and one sleeve were wet and dripping: the sugar and flour had got wet, and that was worst of all", "tag": "Connected", "color": "#D55E00"}]
[]
[]
[{"start": 378, "end": 786, "text": "And with amazing distinctness, for the first time in those thirteen years, there rose before her mind a vivid picture of her mother, her father, her brother, their flat in Moscow, the aquarium with little fish, everything to the tiniest detail; she heard the sound of the piano, her father\u2019s voice; she felt as she had been then, young, good-looking, well-dressed, in a bright warm room among her own people.", "tag": "Connected", "color": "#D55E00"}]
[]
[{"start": 0, "end": 500, "text": "And she began crying, she did not know why. Just at that instant Hanov drove up with his team of four horses, and seeing him she imagined happiness such as she had never had, and smiled and nodded to him as an equal and a friend, and it seemed to her that her happiness, her triumph, was glowing in the sky and on all sides, in the windows and on the trees. Her father and mother had never died, she had never been a schoolmistress, it was a long, tedious, strange dream, and now she had awakened....", "tag": "Connected", "color": "#D55E00"}]
[]
[]
[]
