[]
[]
[{"start": 0, "end": 100, "text": "\u201cIt\u2019s awful! Without languages I\u2019m like a bird without wings. I might just as well give up the work.", "tag": "Curious", "color": "#F0E442"}]
[]
[]
[]
[{"start": 0, "end": 208, "text": "And a young lady elaborately dressed in the last fashion walked in. She introduced herself as a teacher of French, Alice Osipovna Enqu\u00eate, and told Vorotov that she had been sent to him by one of his friends.", "tag": "Present", "color": "#0072B2"}]
[]
[]
[]
[]
[{"start": 0, "end": 37, "text": "With a cold, business-like expression", "tag": "Connected", "color": "#D55E00"}]
[]
[]
[]
[]
[]
[]
[]
[]
[{"start": 0, "end": 44, "text": "The French girl looked at him in perplexity.", "tag": "Connected", "color": "#D55E00"}]
[]
[]
[]
[]
[]
[]
[]
[]
[{"start": 43, "end": 66, "text": "saying coldly and dryly", "tag": "Connected", "color": "#D55E00"}]
[]
[]
[]
[]
[]
[{"start": 732, "end": 886, "text": "He kept wondering how to inspire her with confidence and get to know her better, and to help her, to make her understand how badly she taught, poor thing.", "tag": "Curious", "color": "#F0E442"}]
[]
[{"start": 67, "end": 153, "text": "he understood why Frenchwomen had the reputation of frivolous creatures easily seduced", "tag": "Confused", "color": "#CC79A7"}, {"start": 227, "end": 314, "text": "while she, unconscious of his thoughts and probably not in the least interested in them", "tag": "Connected", "color": "#D55E00"}]
[]
[{"start": 224, "end": 305, "text": "Seeing her out after the lesson, Vorotov dressed and went to the theatre himself.", "tag": "Curious", "color": "#F0E442"}]
[{"start": 404, "end": 477, "text": "and for the first time in his life experienced the sensation of jealousy.", "tag": "Other", "color": "#009E73"}]
[]
[]
[]
[]
[{"start": 0, "end": 202, "text": "And Alice turned pale\u2014probably from dismay, reflecting that after this declaration she could not come here again and get a rouble a lesson. With a frightened look in her eyes she said in a loud whisper:", "tag": "Present", "color": "#0072B2"}]
[{"start": 0, "end": 60, "text": "\u201cAch, you mustn\u2019t! Don\u2019t speak, I entreat you! You mustn\u2019t!\u201d", "tag": "Connected", "color": "#D55E00"}]
[{"start": 48, "end": 114, "text": "he was tortured by shame; he blamed himself and thought intensely.", "tag": "Other", "color": "#009E73"}]
[]
[]
[{"start": 0, "end": 255, "text": "She still comes to this day. Four books have already been translated, but Vorotov knows no French but the word \u201cM\u00e9moires,\u201d and when he is asked about his literary researches, he waves his hand, and without answering, turns the conversation to the weather.", "tag": "Curious", "color": "#F0E442"}]
