[{"start": 14, "end": 15, "text": "i", "tag": "Confused", "color": "#CC79A7"}, {"start": 0, "end": 3, "text": "AT ", "tag": "Confused", "color": "#CC79A7"}]
[{"start": 23, "end": 33, "text": " lovely Ap", "tag": "Present", "color": "#0072B2"}, {"start": 36, "end": 58, "text": " sun was shining warml", "tag": "Present", "color": "#0072B2"}, {"start": 123, "end": 172, "text": "Winter, dark, long, and spiteful, was hardly over", "tag": "Present", "color": "#0072B2"}, {"start": 238, "end": 264, "text": "languid transparent woods,", "tag": "Present", "color": "#0072B2"}, {"start": 265, "end": 471, "text": "warmed by the breath of spring, nor the black flocks of birds flying over the huge puddles that were like lakes, nor the marvelous fathomless sky, into which it seemed one would have gone away so joyfully, ", "tag": "Present", "color": "#0072B2"}, {"start": 558, "end": 606, "text": " For thirteen years she had been schoolmistress,", "tag": "Curious", "color": "#F0E442"}, {"start": 787, "end": 923, "text": "t was all the same to her, and she always\u2014invariably\u2014longed for one thing only, to get to the end of her journey as quickly as could be.", "tag": "Curious", "color": "#F0E442"}]
[{"start": 0, "end": 107, "text": "She felt as though she had been living in that part of the country for ages and ages, for a hundred years, ", "tag": "Connected", "color": "#D55E00"}, {"start": 207, "end": 285, "text": "Her past was here, her present was here, and she could imagine no other future", "tag": "Connected", "color": "#D55E00"}]
[{"start": 118, "end": 214, "text": "She had once had a father and mother; they had lived in Moscow in a big flat near the Red Gate, ", "tag": "Connected", "color": "#D55E00"}, {"start": 582, "end": 634, "text": ", all that was left was a photograph of her mother, ", "tag": "Curious", "color": "#F0E442"}]
[{"start": 40, "end": 50, "text": "old Semyon", "tag": "Curious", "color": "#F0E442"}]
[{"start": 77, "end": 130, "text": "he story is that with some Germans he killed Alexeyev", "tag": "Curious", "color": "#F0E442"}]
[]
[{"start": 18, "end": 36, "text": " it in the paper, ", "tag": "Curious", "color": "#F0E442"}]
[{"start": 45, "end": 86, "text": "arya Vassilyevna thought of her school, o", "tag": "Present", "color": "#0072B2"}, {"start": 301, "end": 0, "text": "", "tag": "Curious", "color": "#F0E442"}]
[]
[{"start": 11, "end": 166, "text": " a man of forty with a listless expression and a face that showed signs of wear, was beginning to look old, but was still handsome and admired by women. He", "tag": "Present", "color": "#0072B2"}, {"start": 174, "end": 226, "text": "n his big homestead alone, and was not in the servic", "tag": "Curious", "color": "#F0E442"}, {"start": 383, "end": 401, "text": "hat he drank heavi", "tag": "Curious", "color": "#F0E442"}, {"start": 755, "end": 802, "text": "hile this one did not remember a single prayer,", "tag": "Other", "color": "#009E73"}]
[{"start": 21, "end": 28, "text": "Bakvist", "tag": "Confused", "color": "#CC79A7"}]
[{"start": 523, "end": 569, "text": "y. And she felt annoyed with the Zemstvo board", "tag": "Curious", "color": "#F0E442"}, {"start": 732, "end": 804, "text": "was rude to her, and hit the schoolboys; but no one paid any attention. ", "tag": "Connected", "color": "#D55E00"}, {"start": 1167, "end": 1294, "text": "he School Council met very rarely, and there was no knowing where it met; the school guardian was an almost illiterate peasant,", "tag": "Present", "color": "#0072B2"}]
[{"start": 0, "end": 56, "text": "\u201cHe really is handsome,\u201d she thought, glancing at Hanov.", "tag": "Curious", "color": "#F0E442"}]
[{"start": 96, "end": 166, "text": ", the wheels sank deeply in, water splashed and gurgled through them, ", "tag": "Present", "color": "#0072B2"}]
[{"start": 27, "end": 42, "text": "and he laughed.", "tag": "Other", "color": "#009E73"}]
[{"start": 187, "end": 226, "text": ", in this God-forsaken, dreary place? H", "tag": "Other", "color": "#009E73"}, {"start": 370, "end": 429, "text": ". Why live here if one could live in Petersburg or abroad? ", "tag": "Other", "color": "#009E73"}, {"start": 681, "end": 716, "text": "t mind, and wanted no better life. ", "tag": "Connected", "color": "#D55E00"}, {"start": 717, "end": 787, "text": "e was kind, soft, naive, and he did not understand this coarse life, j", "tag": "Connected", "color": "#D55E00"}]
[]
[{"start": 115, "end": 148, "text": "\u2014it was her parcel of purchases. ", "tag": "Curious", "color": "#F0E442"}, {"start": 275, "end": 296, "text": "gnawed away the road;", "tag": "Other", "color": "#009E73"}]
[{"start": 22, "end": 41, "text": ", and laughed again", "tag": "Other", "color": "#009E73"}]
[{"start": 53, "end": 74, "text": "said Semyon surlily. ", "tag": "Present", "color": "#0072B2"}]
[]
[{"start": 395, "end": 493, "text": " if she had been his wife or sister she would have devoted her whole life to saving him from ruin.", "tag": "Curious", "color": "#F0E442"}, {"start": 494, "end": 502, "text": "His wife", "tag": "Other", "color": "#009E73"}, {"start": 753, "end": 926, "text": " In reality, life was arranged and human relations were complicated so utterly beyond all understanding that when one thought about it one felt uncanny and one\u2019s heart sank.", "tag": "Other", "color": "#009E73"}]
[{"start": 53, "end": 172, "text": "hy God gives beauty, this graciousness, and sad, sweet eyes to weak, unlucky, useless people\u2014why they are so charming.\u201d", "tag": "Other", "color": "#009E73"}]
[]
[{"start": 0, "end": 96, "text": "And again she thought of her pupils, of the examination, of the watchman, of the School Council;", "tag": "Connected", "color": "#D55E00"}, {"start": 200, "end": 290, "text": " She longed to think of beautiful eyes, of love, of the happiness which would never be....", "tag": "Connected", "color": "#D55E00"}]
[{"start": 0, "end": 9, "text": "His wife?", "tag": "Other", "color": "#009E73"}, {"start": 300, "end": 375, "text": "Her head ached every day after her work, and after dinner she had heart-bur", "tag": "Connected", "color": "#D55E00"}, {"start": 522, "end": 552, "text": "that overfed, insolent peasant", "tag": "Connected", "color": "#D55E00"}, {"start": 587, "end": 648, "text": "nd at night she dreamed of examinations, peasants, snowdrifts", "tag": "Present", "color": "#0072B2"}, {"start": 654, "end": 699, "text": "this life was making her grow old and coarse,", "tag": "Connected", "color": "#D55E00"}, {"start": 700, "end": 738, "text": "making her ugly, angular, and awkward,", "tag": "Present", "color": "#0072B2"}, {"start": 758, "end": 770, "text": "made of lead", "tag": "Other", "color": "#009E73"}, {"start": 929, "end": 1005, "text": "she used formal, deferential expressions when she spoke of any one of them. ", "tag": "Other", "color": "#009E73"}]
[]
[]
[{"start": 0, "end": 48, "text": "She had become a schoolmistress from necessity, ", "tag": "Curious", "color": "#F0E442"}, {"start": 222, "end": 273, "text": "in her work was not the children, nor enlightenment", "tag": "Other", "color": "#009E73"}, {"start": 385, "end": 667, "text": "eachers, badly paid doctors, and their assistants, with their terribly hard work, have not even the comfort of thinking that they are serving an idea or the people, as their heads are always stuffed with thoughts of their daily bread, of wood for the fire, of bad roads, of illnesse", "tag": "Other", "color": "#009E73"}]
[{"start": 8, "end": 348, "text": "ept picking out the driest and shortest way, first by a meadow, then by the backs of the village huts; but in one place the peasants would not let them pass, in another it was the priest\u2019s land and they could not cross it, in another Ivan Ionov had bought a plot from the landowner and had dug a ditch round it. They kept having to turn bac", "tag": "Confused", "color": "#CC79A7"}]
[{"start": 13, "end": 31, "text": "Nizhneye Gorodistc", "tag": "Confused", "color": "#CC79A7"}, {"start": 49, "end": 74, "text": "n on the dung-strewn eart", "tag": "Present", "color": "#0072B2"}, {"start": 245, "end": 299, "text": "d there was a smell of vodka, tobacco, and sheepskins.", "tag": "Present", "color": "#0072B2"}, {"start": 586, "end": 674, "text": "r, perspiring from the tea they had just swallowed and the stifling fumes of the tavern.", "tag": "Present", "color": "#0072B2"}]
[{"start": 0, "end": 147, "text": "\u201cI say, Kuzma!\u201d voices kept shouting in confusion. \u201cWhat there!\u201d \u201cThe Lord bless us!\u201d \u201cIvan Dementyitch, I can tell you that!\u201d \u201cLook out, old man!\u201d", "tag": "Confused", "color": "#CC79A7"}]
[]
[{"start": 39, "end": 94, "text": "Semyon, who was sitting some way off, responded angrily", "tag": "Connected", "color": "#D55E00"}]
[]
[{"start": 0, "end": 15, "text": "\u201cSwinish crow!\u201d", "tag": "Confused", "color": "#CC79A7"}]
[]
[]
[]
[{"start": 0, "end": 167, "text": "Marya Vassilyevna drank her tea with satisfaction, and she, too, began turning red like the peasants, and fell to thinking again about firewood, about the watchman....", "tag": "Connected", "color": "#D55E00"}]
[{"start": 91, "end": 129, "text": "We know her; she\u2019s a good young lady.\u201d", "tag": "Other", "color": "#009E73"}]
[]
[]
[]
[]
[]
[]
[]
[{"start": 40, "end": 104, "text": "It\u2019s wrong to slander people, grandfather. That\u2019s all nonsense.\u201d", "tag": "Other", "color": "#009E73"}]
[]
[{"start": 98, "end": 207, "text": " They always thought she received too large a salary, twenty-one roubles a month (five would have been enough", "tag": "Curious", "color": "#F0E442"}]
[{"start": 10, "end": 25, "text": ", thank God! wa", "tag": "Other", "color": "#009E73"}]
[{"start": 0, "end": 100, "text": "\u201cWhere are you driving?\u201d Marya Vassilyevna asked Semyon. \u201cTake the road to the right to the bridge.\u201d", "tag": "Curious", "color": "#F0E442"}]
[]
[{"start": 0, "end": 33, "text": "\u201cMind you don\u2019t drown the horse.\u201d", "tag": "Curious", "color": "#F0E442"}]
[]
[]
[{"start": 44, "end": 74, "text": "hat a pig-headed fellow he is.", "tag": "Connected", "color": "#D55E00"}, {"start": 75, "end": 100, "text": "Lord have mercy upon us! ", "tag": "Other", "color": "#009E73"}]
[{"start": 108, "end": 191, "text": "n August, but now, after the spring floods, it was a river forty feet in breadth, r", "tag": "Present", "color": "#0072B2"}]
[]
[]
[]
[]
[{"start": 89, "end": 134, "text": ". \u201cIt\u2019s a perfect plague with this Zemstvo..\u201d", "tag": "Confused", "color": "#CC79A7"}]
[]
[]
[{"start": 46, "end": 54, "text": "A train ", "tag": "Confused", "color": "#CC79A7"}, {"start": 344, "end": 379, "text": "too, and a pink smoke rose from the", "tag": "Present", "color": "#0072B2"}]
[{"start": 260, "end": 274, "text": ". Her mother! ", "tag": "Confused", "color": "#CC79A7"}, {"start": 274, "end": 294, "text": "What a resemblance! ", "tag": "Curious", "color": "#F0E442"}, {"start": 294, "end": 379, "text": "Her mother had had just such luxuriant hair, just such a brow and bend of the head. A", "tag": "Present", "color": "#0072B2"}, {"start": 380, "end": 587, "text": "d with amazing distinctness, for the first time in those thirteen years, there rose before her mind a vivid picture of her mother, her father, her brother, their flat in Moscow, the aquarium with little fish", "tag": "Connected", "color": "#D55E00"}, {"start": 589, "end": 620, "text": "everything to the tiniest detai", "tag": "Connected", "color": "#D55E00"}, {"start": 787, "end": 926, "text": "A feeling of joy and happiness suddenly came over her, she pressed her hands to her temples in an ecstacy, and called softly, beseechingly:", "tag": "Other", "color": "#009E73"}]
[{"start": 0, "end": 9, "text": "\u201cMother!\u201d", "tag": "Curious", "color": "#F0E442"}]
[{"start": 0, "end": 45, "text": "And she began crying, she did not know why. J", "tag": "Connected", "color": "#D55E00"}]
[]
[]
[{"start": 0, "end": 36, "text": "\u201cAnd here is Vyazovye. Here we are.\u201d", "tag": "Confused", "color": "#CC79A7"}]
