[{"start": 57, "end": 59, "text": "is", "tag": "Confused", "color": "#CC79A7"}]
[{"start": 23, "end": 129, "text": "breathing hard (although he was only twenty-six he was fat, heavy, and suffered from shortness of breath).", "tag": "Present", "color": "#0072B2"}]
[]
[{"start": 106, "end": 123, "text": "began to look out", "tag": "Confused", "color": "#CC79A7"}]
[{"start": 62, "end": 65, "text": "the", "tag": "Confused", "color": "#CC79A7"}]
[]
[]
[{"start": 115, "end": 214, "text": "to breathe more freely he always wore a nightshirt at work instead of a stiff linen one with collar", "tag": "Present", "color": "#0072B2"}]
[{"start": 75, "end": 117, "text": "he was a genuine Frenchwoman, very elegant", "tag": "Curious", "color": "#F0E442"}, {"start": 520, "end": 520, "text": "", "tag": "Confused", "color": "#CC79A7"}, {"start": 365, "end": 515, "text": "Vorotov thought that she was not less than three-and-twenty and might be twenty-five; but then again he began to think she was not more than eighteen.", "tag": "Confused", "color": "#CC79A7"}, {"start": 516, "end": 516, "text": "", "tag": "Confused", "color": "#CC79A7"}]
[{"start": 114, "end": 114, "text": "", "tag": "Other", "color": "#009E73"}]
[{"start": 117, "end": 134, "text": "stroking the baiz", "tag": "Confused", "color": "#CC79A7"}]
[{"start": 0, "end": 38, "text": "With a cold, business-like expression,", "tag": "Connected", "color": "#D55E00"}, {"start": 178, "end": 192, "text": "d died lately ", "tag": "Connected", "color": "#D55E00"}]
[{"start": 110, "end": 134, "text": "could not settle to work", "tag": "Confused", "color": "#CC79A7"}]
[]
[{"start": 0, "end": 46, "text": "Having never seen virtuous Frenchwomen before,", "tag": "Confused", "color": "#CC79A7"}]
[{"start": 90, "end": 111, "text": " rosy from the frost.", "tag": "Present", "color": "#0072B2"}]
[]
[{"start": 196, "end": 218, "text": "comparative philology,", "tag": "Confused", "color": "#CC79A7"}, {"start": 196, "end": 196, "text": "", "tag": "Curious", "color": "#F0E442"}]
[]
[]
[]
[]
[]
[]
[]
[]
[]
[{"start": 138, "end": 160, "text": "wearied the young lady", "tag": "Curious", "color": "#F0E442"}, {"start": 156, "end": 160, "text": "lady", "tag": "Curious", "color": "#F0E442"}, {"start": 179, "end": 189, "text": "questions ", "tag": "Present", "color": "#0072B2"}, {"start": 189, "end": 198, "text": "languidly", "tag": "Present", "color": "#0072B2"}]
[]
[{"start": 42, "end": 90, "text": " saying coldly and dryly, \u201cAu revoir, monsieur,\u201d", "tag": "Connected", "color": "#D55E00"}]
[]
[]
[{"start": 106, "end": 196, "text": "er face quivered and her cold, business-like expression vanished. She coloured a little, a", "tag": "Present", "color": "#0072B2"}, {"start": 292, "end": 304, "text": "perturbation", "tag": "Other", "color": "#009E73"}]
[]
[{"start": 249, "end": 357, "text": "it struck him that she might have interpreted his brief absence in some way of her own, and he felt awkward.", "tag": "Confused", "color": "#CC79A7"}]
[{"start": 12, "end": 18, "text": "began ", "tag": "Confused", "color": "#CC79A7"}]
[{"start": 46, "end": 85, "text": " smart pink dress, slightly d\u00e9collet\u00e9, ", "tag": "Confused", "color": "#CC79A7"}, {"start": 136, "end": 168, "text": "to be wrapped in a cloud, and, i", "tag": "Confused", "color": "#CC79A7"}]
[]
[{"start": 0, "end": 146, "text": "\u201c\u2018He was walking the street and meeting a gentleman his friend and saying, \u201cWhere are you striving to seeing your face so pale it makes me sad.\u201d\u2019\u201d", "tag": "Confused", "color": "#CC79A7"}]
[{"start": 83, "end": 148, "text": "k. One day she came an hour too early for the lesson, apologizing", "tag": "Connected", "color": "#D55E00"}, {"start": 201, "end": 224, "text": "to the Little Theatre. ", "tag": "Curious", "color": "#F0E442"}]
[]
[{"start": 310, "end": 386, "text": "nd Vorotov felt there was a terrible gulf between himself and that circle. H", "tag": "Curious", "color": "#F0E442"}, {"start": 429, "end": 440, "text": "chilly nod ", "tag": "Connected", "color": "#D55E00"}]
[{"start": 240, "end": 369, "text": " Mdlle. Enqu\u00eate\u2019s face did not cease to be cold; precisely at eight o\u2019clock every evening she said coldly, \u201cAu revoir, monsieur,\u201d", "tag": "Present", "color": "#0072B2"}]
[]
[]
[]
[{"start": 0, "end": 0, "text": "", "tag": "Present", "color": "#0072B2"}]
[{"start": 69, "end": 69, "text": "", "tag": "Other", "color": "#009E73"}]
[{"start": 78, "end": 148, "text": "d to write her a letter of apology. But Alice came without a letter. F", "tag": "Present", "color": "#0072B2"}]
[{"start": 0, "end": 114, "text": "\u201c\u2018Oh, young gentleman, don\u2019t tear those flowers in my garden which I want to be giving to my ill daughter. . . .\u2019\u201d", "tag": "Other", "color": "#009E73"}]
[{"start": 68, "end": 118, "text": ", but Vorotov knows no French but the word \u201cM\u00e9moir", "tag": "Present", "color": "#0072B2"}]
