[]
[{"start": 0, "end": 122, "text": "The highroad was dry, a lovely April sun was shining warmly, but the snow was still lying in the ditches and in the woods.", "tag": "Present", "color": "#0072B2"}, {"start": 786, "end": 923, "text": "it was all the same to her, and she always\u2014invariably\u2014longed for one thing only, to get to the end of her journey as quickly as could be.", "tag": "Connected", "color": "#D55E00"}]
[{"start": 0, "end": 383, "text": "She felt as though she had been living in that part of the country for ages and ages, for a hundred years, and it seemed to her that she knew every stone, every tree on the road from the town to her school. Her past was here, her present was here, and she could imagine no other future than the school, the road to the town and back again, and again the school and again the road....", "tag": "Connected", "color": "#D55E00"}]
[{"start": 561, "end": 748, "text": "Of her old belongings, all that was left was a photograph of her mother, but it had grown dim from the dampness of the school, and now nothing could be seen but the hair and the eyebrows.", "tag": "Present", "color": "#0072B2"}]
[]
[{"start": 0, "end": 154, "text": "\u201cThey have caught a government clerk in the town. They have taken him away. The story is that with some Germans he killed Alexeyev, the Mayor, in Moscow.\u201d", "tag": "Curious", "color": "#F0E442"}]
[]
[]
[]
[]
[{"start": 573, "end": 618, "text": "Marya Vassilyevna thought him very attractive", "tag": "Connected", "color": "#D55E00"}]
[]
[]
[{"start": 50, "end": 55, "text": "Hanov", "tag": "Connected", "color": "#D55E00"}, {"start": 0, "end": 50, "text": "\u201cHe really is handsome,\u201d she thought, glancing at ", "tag": "Connected", "color": "#D55E00"}]
[]
[]
[]
[]
[{"start": 0, "end": 148, "text": "The cart lurched violently and was on the point of upsetting; something heavy rolled on to Marya Vassilyevna\u2019s feet\u2014it was her parcel of purchases. ", "tag": "Present", "color": "#0072B2"}]
[]
[]
[]
[]
[]
[]
[{"start": 201, "end": 290, "text": "She longed to think of beautiful eyes, of love, of the happiness which would never be....", "tag": "Connected", "color": "#D55E00"}]
[{"start": 650, "end": 771, "text": "And this life was making her grow old and coarse, making her ugly, angular, and awkward, as though she were made of lead.", "tag": "Connected", "color": "#D55E00"}, {"start": 1005, "end": 1223, "text": "And no one thought her attractive, and life was passing drearily, without affection, without friendly sympathy, without interesting acquaintances. How awful it would have been in her position if she had fallen in love!", "tag": "Connected", "color": "#D55E00"}]
[]
[]
[]
[]
[{"start": 0, "end": 33, "text": "They reached Nizhneye Gorodistche", "tag": "Confused", "color": "#CC79A7"}]
[]
[]
[]
[]
[]
[]
[]
[]
[]
[]
[]
[]
[]
[]
[]
[]
[]
[]
[]
[{"start": 342, "end": 537, "text": "The guardian thought the same as the peasants, and he himself made a profit off the firewood and received payments from the peasants for being a guardian\u2014without the knowledge of the authorities.", "tag": "Confused", "color": "#CC79A7"}]
[]
[]
[]
[]
[]
[]
[]
[]
[]
[]
[]
[]
[]
[]
[]
[]
[{"start": 536, "end": 926, "text": "their flat in Moscow, the aquarium with little fish, everything to the tiniest detail; she heard the sound of the piano, her father\u2019s voice; she felt as she had been then, young, good-looking, well-dressed, in a bright warm room among her own people. A feeling of joy and happiness suddenly came over her, she pressed her hands to her temples in an ecstacy, and called softly, beseechingly:", "tag": "Present", "color": "#0072B2"}]
[]
[{"start": 0, "end": 43, "text": "And she began crying, she did not know why.", "tag": "Present", "color": "#0072B2"}, {"start": 358, "end": 500, "text": "Her father and mother had never died, she had never been a schoolmistress, it was a long, tedious, strange dream, and now she had awakened....", "tag": "Confused", "color": "#CC79A7"}]
[]
[]
[]
