[]
[{"start": 23, "end": 129, "text": "breathing hard (although he was only twenty-six he was fat, heavy, and suffered from shortness of breath).", "tag": "Connected", "color": "#D55E00"}]
[]
[{"start": 0, "end": 138, "text": "And he made up his mind at all costs to overcome his innate laziness, and to learn French and German; and began to look out for a teacher.", "tag": "Connected", "color": "#D55E00"}]
[]
[]
[]
[]
[{"start": 365, "end": 515, "text": "Vorotov thought that she was not less than three-and-twenty and might be twenty-five; but then again he began to think she was not more than eighteen.", "tag": "Confused", "color": "#CC79A7"}, {"start": 654, "end": 793, "text": "only once a look of perplexity flitted over her face when she learnt that she was not required to teach children, but a stout grown-up man.", "tag": "Confused", "color": "#CC79A7"}]
[]
[{"start": 0, "end": 148, "text": "And he asked her if she would not have some tea or coffee, whether it was a fine day, and with a good-natured smile, stroking the baize of the table", "tag": "Confused", "color": "#CC79A7"}]
[]
[{"start": 0, "end": 209, "text": "She went away leaving behind her the faint fragrance of a woman\u2019s clothes. For a long time afterwards Vorotov could not settle to work, but, sitting at the table stroking its green baize surface, he meditated.", "tag": "Present", "color": "#0072B2"}]
[]
[]
[]
[]
[{"start": 0, "end": 294, "text": "\u201cExcuse me,\u201d Vorotov interrupted, smiling. \u201cI must warn you, mademoiselle, that you must change your method a little in my case. You see, I know Russian, Greek, and Latin well. . . . I\u2019ve studied comparative philology, and I think we might omit Margot and pass straight to reading some author.\u201d", "tag": "Confused", "color": "#CC79A7"}]
[{"start": 0, "end": 72, "text": "And he explained to the French girl how grown-up people learn languages.", "tag": "Present", "color": "#0072B2"}]
[]
[{"start": 111, "end": 359, "text": "If this strange proposal had been made to her by a child, she would certainly have been angry and have scolded it, but as he was a grown-up man and very stout and she could not scold him, she only shrugged her shoulders hardly perceptibly and said:", "tag": "Present", "color": "#0072B2"}]
[]
[]
[]
[]
[]
[]
[{"start": 162, "end": 396, "text": "She answered his questions languidly, grew confused, and evidently did not understand her pupil well, and did not attempt to understand him. Vorotov asked her questions, and at the same time kept looking at her fair hair and thinking:", "tag": "Present", "color": "#0072B2"}]
[{"start": 0, "end": 141, "text": "\u201cHer hair isn\u2019t naturally curly; she curls it. It\u2019s a strange thing! She works from morning to night, and yet she has time to curl her hair.\u201d", "tag": "Present", "color": "#0072B2"}]
[{"start": 0, "end": 260, "text": "At eight o\u2019clock precisely she got up, and saying coldly and dryly, \u201cAu revoir, monsieur,\u201d walked out of the study, leaving behind her the same tender, delicate, disturbing fragrance. For a long time again her pupil did nothing; he sat at the table meditating.", "tag": "Present", "color": "#0072B2"}]
[{"start": 300, "end": 454, "text": "When she came the seventh time he took out of his pocket an envelope with seven roubles in it, and holding it in his hand, became very confused and began:", "tag": "Curious", "color": "#F0E442"}]
[]
[{"start": 268, "end": 410, "text": "And Vorotov, seeing her perturbation, realised how much a rouble meant to her, and how bitter it would be to her to lose what she was earning.", "tag": "Present", "color": "#0072B2"}]
[]
[]
[]
[{"start": 0, "end": 371, "text": "One day Mdlle. Enqu\u00eate came to the lesson in a smart pink dress, slightly d\u00e9collet\u00e9, and surrounded by such a fragrance that she seemed to be wrapped in a cloud, and, if one blew upon her, ready to fly away into the air or melt away like smoke. She apologised and said she could stay only half an hour for the lesson, as she was going straight from the lesson to a dance.", "tag": "Present", "color": "#0072B2"}]
[]
[]
[{"start": 427, "end": 667, "text": "He could not admit that a serious man, preparing for a learned career, lethargic in his habits, could fling up his work and go to the theatre simply to meet there a girl he knew very little, who was unintelligent and utterly unintellectual.", "tag": "Connected", "color": "#D55E00"}]
[{"start": 0, "end": 477, "text": "Yet for some reason his heart was beating during the intervals, and without realizing what he was doing, he raced about the corridors and foyer like a boy impatiently looking for some one, and he was disappointed when the interval was over.And when he saw the familiar pink dress and the handsome shoulders under the tulle, his heart quivered as though with a foretaste of happiness; he smiled joyfully, and for the first time in his life experienced the sensation of jealousy.", "tag": "Connected", "color": "#D55E00"}]
[{"start": 169, "end": 308, "text": "She was evidently happy, contented, warm, sincere. What for? Why? Perhaps because these men were her friends and belonged to her own circle", "tag": "Confused", "color": "#CC79A7"}]
[{"start": 0, "end": 69, "text": "After the meeting at the theatre Vorotov realised that he was in love", "tag": "Connected", "color": "#D55E00"}]
[{"start": 0, "end": 353, "text": "Sometimes in the middle of a lesson he would begin dreaming, hoping, making plans. He inwardly composed declarations of love, remembered that Frenchwomen were frivolous and easily won, but it was enough for him to glance at the face of his teacher for his ideas to be extinguished as a candle is blown out when you bring it into the wind on the verandah", "tag": "Connected", "color": "#D55E00"}]
[{"start": 0, "end": 60, "text": "\u201cYou are dear to me! I . . . I love you! Allow me to speak.\u201d", "tag": "Curious", "color": "#F0E442"}]
[]
[]
[{"start": 0, "end": 219, "text": "And Vorotov did not sleep all night afterwards; he was tortured by shame; he blamed himself and thought intensely. It seemed to him that he had insulted the girl by his declaration, that she would not come to him again.", "tag": "Present", "color": "#0072B2"}]
[]
[]
[{"start": 0, "end": 255, "text": "She still comes to this day. Four books have already been translated, but Vorotov knows no French but the word \u201cM\u00e9moires,\u201d and when he is asked about his literary researches, he waves his hand, and without answering, turns the conversation to the weather.", "tag": "Curious", "color": "#F0E442"}]
