[{"start": 6, "end": 81, "text": "cultivated man to be ignorant of foreign languages is a great inconvenience", "tag": "Connected", "color": "#D55E00"}]
[{"start": 39, "end": 128, "text": "although he was only twenty-six he was fat, heavy, and suffered from shortness of breath)", "tag": "Present", "color": "#0072B2"}]
[{"start": 30, "end": 62, "text": " I\u2019m like a bird without wings. ", "tag": "Connected", "color": "#D55E00"}]
[{"start": 4, "end": 68, "text": "he made up his mind at all costs to overcome his innate laziness", "tag": "Connected", "color": "#D55E00"}]
[]
[]
[{"start": 4, "end": 66, "text": "a young lady elaborately dressed in the last fashion walked in", "tag": "Present", "color": "#0072B2"}]
[{"start": 63, "end": 214, "text": "putting his hand over the collar of his nightshirt (to breathe more freely he always wore a nightshirt at work instead of a stiff linen one with collar", "tag": "Present", "color": "#0072B2"}, {"start": 288, "end": 298, "text": "Delighted!", "tag": "Curious", "color": "#F0E442"}]
[{"start": 158, "end": 231, "text": "pale, languid face, her short curly hair, and her unnaturally slim waist,", "tag": "Present", "color": "#0072B2"}, {"start": 281, "end": 449, "text": "broad, well-developed shoulders, the elegant lines of her back and her severe eyes, Vorotov thought that she was not less than three-and-twenty and might be twenty-five", "tag": "Present", "color": "#0072B2"}, {"start": 535, "end": 557, "text": "cold and business-like", "tag": "Present", "color": "#0072B2"}, {"start": 565, "end": 615, "text": "face of a person who has come to speak about money", "tag": "Connected", "color": "#D55E00"}, {"start": 654, "end": 707, "text": "only once a look of perplexity flitted over her face ", "tag": "Present", "color": "#0072B2"}]
[]
[]
[]
[{"start": 75, "end": 209, "text": "For a long time afterwards Vorotov could not settle to work, but, sitting at the table stroking its green baize surface, he meditated.", "tag": "Present", "color": "#0072B2"}]
[{"start": 1, "end": 283, "text": "It\u2019s very pleasant to see a girl working to earn her own living,\u201d he thought. \u201cOn the other hand, it\u2019s very unpleasant to think that poverty should not spare such elegant and pretty girls asAlice Osipovna, and that she, too, should have to struggle for existence. It\u2019s a sad thing!\u201d", "tag": "Other", "color": "#009E73"}]
[{"start": 187, "end": 211, "text": "followed another calling", "tag": "Confused", "color": "#CC79A7"}]
[{"start": 66, "end": 111, "text": "Mdlle. Enqu\u00eate appeared, rosy from the frost.", "tag": "Present", "color": "#0072B2"}, {"start": 123, "end": 129, "text": "Margot", "tag": "Confused", "color": "#CC79A7"}]
[]
[{"start": 245, "end": 251, "text": "Margot", "tag": "Confused", "color": "#CC79A7"}]
[{"start": 4, "end": 71, "text": "he explained to the French girl how grown-up people learn languages", "tag": "Present", "color": "#0072B2"}]
[{"start": 269, "end": 304, "text": "We\u2019ll take some author and read him", "tag": "Curious", "color": "#F0E442"}]
[{"start": 16, "end": 43, "text": "looked at him in perplexity", "tag": "Present", "color": "#0072B2"}, {"start": 111, "end": 349, "text": "If this strange proposal had been made to her by a child, she would certainly have been angry and have scolded it, but as he was a grown-up man and very stout and she could not scold him, she only shrugged her shoulders hardly perceptibly", "tag": "Connected", "color": "#D55E00"}]
[]
[{"start": 48, "end": 73, "text": "a dog\u2019s-eared French book", "tag": "Present", "color": "#0072B2"}]
[]
[]
[]
[]
[{"start": 7, "end": 96, "text": "good-natured smile, breathing hard, he spent a quarter of an hour over the word \u201cM\u00e9moires", "tag": "Present", "color": "#0072B2"}, {"start": 133, "end": 160, "text": "this wearied the young lady", "tag": "Connected", "color": "#D55E00"}]
[]
[{"start": 0, "end": 88, "text": "At eight o\u2019clock precisely she got up, and saying coldly and dryly, \u201cAu revoir, monsieur", "tag": "Connected", "color": "#D55E00"}, {"start": 184, "end": 259, "text": "For a long time again her pupil did nothing; he sat at the table meditating", "tag": "Present", "color": "#0072B2"}]
[]
[]
[{"start": 65, "end": 267, "text": "for the first time during their lessons her face quivered and her cold, business-like expression vanished. She coloured a little, and dropping her eyes, began nervously fingering her slender gold chain.", "tag": "Present", "color": "#0072B2"}, {"start": 306, "end": 410, "text": "realised how much a rouble meant to her, and how bitter it would be to her to lose what she was earning.", "tag": "Other", "color": "#009E73"}]
[]
[{"start": 142, "end": 237, "text": "he went into the next room and sat there for ten minutes. And then he returned more embarrassed", "tag": "Connected", "color": "#D55E00"}, {"start": 341, "end": 356, "text": "he felt awkward", "tag": "Connected", "color": "#D55E00"}]
[{"start": 277, "end": 445, "text": "he did not listen, breathed hard, and having nothing better to do, gazed at her curly head, or her soft white hands or her neck and sniffed the fragrance of her clothes", "tag": "Present", "color": "#0072B2"}, {"start": 830, "end": 885, "text": "to make her understand how badly she taught, poor thing", "tag": "Present", "color": "#0072B2"}]
[{"start": 8, "end": 160, "text": "Mdlle. Enqu\u00eate came to the lesson in a smart pink dress, slightly d\u00e9collet\u00e9, and surrounded by such a fragrance that she seemed to be wrapped in a cloud", "tag": "Present", "color": "#0072B2"}, {"start": 167, "end": 243, "text": "if one blew upon her, ready to fly away into the air or melt away like smoke", "tag": "Other", "color": "#009E73"}, {"start": 318, "end": 371, "text": "as she was going straight from the lesson to a dance.", "tag": "Curious", "color": "#F0E442"}]
[{"start": 155, "end": 225, "text": "he was carried away by this cloud of fragrance, beauty, and bare flesh", "tag": "Other", "color": "#009E73"}, {"start": 266, "end": 314, "text": "and probably not in the least interested in them", "tag": "Connected", "color": "#D55E00"}]
[{"start": 76, "end": 143, "text": "Where are you striving to seeing your face so pale it makes me sad.", "tag": "Confused", "color": "#CC79A7"}]
[{"start": 319, "end": 425, "text": "fancied that he was going simply for change and amusement, and that he was not thinking about Alice at all", "tag": "Connected", "color": "#D55E00"}, {"start": 426, "end": 596, "text": " He could not admit that a serious man, preparing for a learned career, lethargic in his habits, could fling up his work and go to the theatre simply to meet there a girl", "tag": "Connected", "color": "#D55E00"}]
[{"start": 0, "end": 186, "text": "Yet for some reason his heart was beating during the intervals, and without realizing what he was doing, he raced about the corridors and foyer like a boy impatiently looking for some on", "tag": "Connected", "color": "#D55E00"}, {"start": 324, "end": 383, "text": "his heart quivered as though with a foretaste of happiness;", "tag": "Connected", "color": "#D55E00"}]
[{"start": 0, "end": 129, "text": "Alice was walking with two unattractive-looking students and an officer. She was laughing, talking loudly, and obviously flirting", "tag": "Present", "color": "#0072B2"}, {"start": 313, "end": 383, "text": "Vorotov felt there was a terrible gulf between himself and that circle", "tag": "Connected", "color": "#D55E00"}, {"start": 414, "end": 461, "text": "she gave him a chilly nod and walked quickly by", "tag": "Present", "color": "#0072B2"}]
[{"start": 241, "end": 367, "text": "Mdlle. Enqu\u00eate\u2019s face did not cease to be cold; precisely at eight o\u2019clock every evening she said coldly, \u201cAu revoir, monsieur", "tag": "Connected", "color": "#D55E00"}]
[{"start": 533, "end": 593, "text": "gasping for breath and stammering, began to declare his love", "tag": "Present", "color": "#0072B2"}]
[]
[{"start": 4, "end": 138, "text": "Alice turned pale\u2014probably from dismay, reflecting that after this declaration she could not come here again and get a rouble a lesson", "tag": "Present", "color": "#0072B2"}]
[]
[{"start": 3, "end": 46, "text": " Vorotov did not sleep all night afterwards", "tag": "Present", "color": "#0072B2"}]
[{"start": 0, "end": 112, "text": "He resolved to find out her address from the address bureau in the morning, and to write her a letter of apology", "tag": "Connected", "color": "#D55E00"}]
[]
[{"start": 127, "end": 254, "text": "when he is asked about his literary researches, he waves his hand, and without answering, turns the conversation to the weather", "tag": "Connected", "color": "#D55E00"}]
