[]
[{"start": 22, "end": 59, "text": "a lovely April sun was shining warmly", "tag": "Present", "color": "#0072B2"}, {"start": 69, "end": 121, "text": "snow was still lying in the ditches and in the woods", "tag": "Present", "color": "#0072B2"}, {"start": 131, "end": 172, "text": "dark, long, and spiteful, was hardly over", "tag": "Other", "color": "#009E73"}, {"start": 219, "end": 410, "text": "the warmth nor the languid transparent woods, warmed by the breath of spring, nor the black flocks of birds flying over the huge puddles that were like lakes, nor the marvelous fathomless sky", "tag": "Present", "color": "#0072B2"}, {"start": 785, "end": 922, "text": " it was all the same to her, and she always\u2014invariably\u2014longed for one thing only, to get to the end of her journey as quickly as could be", "tag": "Connected", "color": "#D55E00"}]
[{"start": 0, "end": 84, "text": "She felt as though she had been living in that part of the country for ages and ages", "tag": "Connected", "color": "#D55E00"}, {"start": 111, "end": 285, "text": "it seemed to her that she knew every stone, every tree on the road from the town to her school. Her past was here, her present was here, and she could imagine no other future", "tag": "Connected", "color": "#D55E00"}]
[{"start": 218, "end": 307, "text": "of all that life there was left in her memory only something vague and fluid like a dream", "tag": "Connected", "color": "#D55E00"}, {"start": 584, "end": 685, "text": "all that was left was a photograph of her mother, but it had grown dim from the dampness of the schoo", "tag": "Present", "color": "#0072B2"}]
[]
[]
[]
[]
[{"start": 4, "end": 42, "text": "again they were silent for a long time", "tag": "Present", "color": "#0072B2"}, {"start": 187, "end": 233, "text": "just as she was thinking about the examination", "tag": "Connected", "color": "#D55E00"}]
[{"start": 33, "end": 64, "text": "You are driving home, I suppose", "tag": "Curious", "color": "#F0E442"}]
[{"start": 12, "end": 141, "text": "a man of forty with a listless expression and a face that showed signs of wear, was beginning to look old, but was still handsome", "tag": "Present", "color": "#0072B2"}, {"start": 409, "end": 509, "text": "indeed at the examination the year before the very papers he brought with him smelt of wine and scen", "tag": "Present", "color": "#0072B2"}, {"start": 624, "end": 681, "text": "all the while she sat beside him she had felt embarrassed", "tag": "Connected", "color": "#D55E00"}, {"start": 709, "end": 738, "text": "frigid and sensible examiners", "tag": "Present", "color": "#0072B2"}]
[]
[{"start": 5, "end": 58, "text": "turned off the highroad into a by-road to the village", "tag": "Present", "color": "#0072B2"}, {"start": 157, "end": 200, "text": "dragging the heavy carriage through the mud", "tag": "Present", "color": "#0072B2"}, {"start": 268, "end": 380, "text": "at one time through a snowdrift, at another through a pool, often jumping out of the cart and helping the horse.", "tag": "Present", "color": "#0072B2"}, {"start": 409, "end": 434, "text": "thinking about the school", "tag": "Connected", "color": "#D55E00"}, {"start": 616, "end": 635, "text": "How unbusiness-like", "tag": "Connected", "color": "#D55E00"}, {"start": 777, "end": 802, "text": "no one paid any attention", "tag": "Connected", "color": "#D55E00"}, {"start": 857, "end": 947, "text": "when one did find him he would say with tears in his eyes that he hadn\u2019t a moment to spare", "tag": "Present", "color": "#0072B2"}, {"start": 1075, "end": 1099, "text": "Excise Duties Department", "tag": "Confused", "color": "#CC79A7"}, {"start": 1245, "end": 1260, "text": "school guardian", "tag": "Confused", "color": "#CC79A7"}, {"start": 1389, "end": 1461, "text": "goodness knows to whom she could appeal with complaints or inquiries....", "tag": "Connected", "color": "#D55E00"}]
[]
[{"start": 39, "end": 206, "text": "drove into the wood. Here there was no room to turn round, the wheels sank deeply in, water splashed and gurgled through them, and sharp twigs struck them in the face.", "tag": "Present", "color": "#0072B2"}]
[]
[{"start": 37, "end": 87, "text": "could not understand why this queer man lived here", "tag": "Connected", "color": "#D55E00"}, {"start": 176, "end": 223, "text": "in this mud, in this God-forsaken, dreary place", "tag": "Connected", "color": "#D55E00"}, {"start": 372, "end": 428, "text": "Why live here if one could live in Petersburg or abroad?", "tag": "Connected", "color": "#D55E00"}, {"start": 642, "end": 714, "text": " he only laughed, and apparently did not mind, and wanted no better life", "tag": "Curious", "color": "#F0E442"}]
[]
[{"start": 4, "end": 60, "text": "cart lurched violently and was on the point of upsetting", "tag": "Present", "color": "#0072B2"}, {"start": 197, "end": 249, "text": " here in the winding ditches rivulets were gurgling.", "tag": "Present", "color": "#0072B2"}, {"start": 275, "end": 295, "text": "gnawed away the road", "tag": "Other", "color": "#009E73"}]
[]
[{"start": 53, "end": 72, "text": "said Semyon surlily", "tag": "Present", "color": "#0072B2"}]
[]
[{"start": 0, "end": 163, "text": "Beside old Semyon he looked graceful and vigorous, but yet in his walk there was something just perceptible which betrayed in him a being already touched by decay,", "tag": "Present", "color": "#0072B2"}, {"start": 253, "end": 332, "text": "Marya Vassilyevna was filled with dread and pity for this man going to his ruin", "tag": "Connected", "color": "#D55E00"}, {"start": 630, "end": 752, "text": "yet for some reason the mere thought that he and she might be close to one another and equals seemed impossible and absurd", "tag": "Other", "color": "#009E73"}, {"start": 787, "end": 904, "text": " human relations were complicated so utterly beyond all understanding that when one thought about it one felt uncanny", "tag": "Other", "color": "#009E73"}]
[]
[]
[{"start": 4, "end": 94, "text": "again she thought of her pupils, of the examination, of the watchman, of the School Counci", "tag": "Connected", "color": "#D55E00"}, {"start": 206, "end": 289, "text": "onged to think of beautiful eyes, of love, of the happiness which would never be...", "tag": "Other", "color": "#009E73"}]
[{"start": 191, "end": 233, "text": "it was all so inconvenient, so comfortless", "tag": "Connected", "color": "#D55E00"}, {"start": 300, "end": 376, "text": "Her head ached every day after her work, and after dinner she had heart-burn", "tag": "Connected", "color": "#D55E00"}, {"start": 590, "end": 648, "text": "at night she dreamed of examinations, peasants, snowdrifts", "tag": "Connected", "color": "#D55E00"}, {"start": 668, "end": 771, "text": "making her grow old and coarse, making her ugly, angular, and awkward, as though she were made of lead.", "tag": "Connected", "color": "#D55E00"}, {"start": 1005, "end": 1150, "text": "And no one thought her attractive, and life was passing drearily, without affection, without friendly sympathy, without interesting acquaintances", "tag": "Present", "color": "#0072B2"}]
[]
[{"start": 5, "end": 27, "text": " a sharp ascent uphill", "tag": "Connected", "color": "#D55E00"}]
[{"start": 301, "end": 383, "text": "what time had she for thinking of vocation, of serving the cause of enlightenment?", "tag": "Connected", "color": "#D55E00"}, {"start": 467, "end": 669, "text": "have not even the comfort of thinking that they are serving an idea or the people, as their heads are always stuffed with thoughts of their daily bread, of wood for the fire, of bad roads, of illnesses.", "tag": "Connected", "color": "#D55E00"}, {"start": 757, "end": 762, "text": "Mary ", "tag": "Confused", "color": "#CC79A7"}, {"start": 805, "end": 938, "text": "the lively, nervous, impressionable people who talked about vocation and serving the idea were soon weary of it and gave up the work.", "tag": "Other", "color": "#009E73"}]
[{"start": 320, "end": 350, "text": "They kept having to turn back.", "tag": "Present", "color": "#0072B2"}]
[{"start": 13, "end": 33, "text": "Nizhneye Gorodistche", "tag": "Confused", "color": "#CC79A7"}, {"start": 41, "end": 228, "text": "he tavern on the dung-strewn earth, where the snow was still lying, there stood wagons that had brought great bottles of crude sulphuric acid. There were a great many people in the tavern", "tag": "Present", "color": "#0072B2"}, {"start": 248, "end": 298, "text": "here was a smell of vodka, tobacco, and sheepskins", "tag": "Present", "color": "#0072B2"}, {"start": 392, "end": 478, "text": "without ceasing for a moment, came the sound of a concertina being played in the shop.", "tag": "Present", "color": "#0072B2"}]
[]
[]
[]
[{"start": 1, "end": 53, "text": "The young lady!\u201d someone mimicked in another corner.", "tag": "Present", "color": "#0072B2"}]
[]
[{"start": 76, "end": 126, "text": "We pay with our money and the young lady with hers", "tag": "Other", "color": "#009E73"}]
[]
[]
[{"start": 55, "end": 101, "text": "she, too, began turning red like the peasants,", "tag": "Present", "color": "#0072B2"}, {"start": 106, "end": 167, "text": "fell to thinking again about firewood, about the watchman....", "tag": "Connected", "color": "#D55E00"}]
[]
[]
[{"start": 1, "end": 73, "text": "he swing-door was continually banging, some coming in, others going out.", "tag": "Present", "color": "#0072B2"}, {"start": 192, "end": 345, "text": "The patches of sunshine had been on the floor, then they passed to the counter, to the wall, and disappeared altogether; so by the sun it was past midday", "tag": "Present", "color": "#0072B2"}, {"start": 500, "end": 646, "text": "following his example, the others shook hands, too, at parting, and went out one after another, and the swing-door squeaked and slammed nine times", "tag": "Present", "color": "#0072B2"}]
[]
[]
[]
[]
[]
[]
[]
[]
[{"start": 0, "end": 102, "text": "The forest, thank God! was behind them, and now it would be flat, open ground all the way to Vyazovye,", "tag": "Present", "color": "#0072B2"}]
[{"start": 58, "end": 99, "text": "Take the road to the right to the bridge.", "tag": "Connected", "color": "#D55E00"}]
[]
[]
[]
[]
[{"start": 138, "end": 174, "text": "It\u2019s fully two miles nearer this way", "tag": "Connected", "color": "#D55E00"}]
[{"start": 23, "end": 314, "text": " In the summer it was a little stream easily crossed by wading. It usually dried up in August, but now, after the spring floods, it was a river forty feet in breadth, rapid, muddy, and cold; on the bank and right up to the water there were fresh tracks of wheels, so it had been crossed here", "tag": "Present", "color": "#0072B2"}]
[{"start": 82, "end": 125, "text": "jerking his elbows as a bird does its wings", "tag": "Present", "color": "#0072B2"}]
[{"start": 4, "end": 169, "text": "horse went on into the water up to his belly and stopped, but at once went on again with an effort, and Marya Vassilyevna was aware of a keen chilliness in her feet.", "tag": "Present", "color": "#0072B2"}]
[]
[]
[{"start": 124, "end": 134, "text": "Zemstvo..\u201d", "tag": "Confused", "color": "#CC79A7"}]
[{"start": 0, "end": 183, "text": "Her shoes and goloshes were full of water, the lower part of her dress and of her coat and one sleeve were wet and dripping: the sugar and flour had got wet, and that was worst of all", "tag": "Present", "color": "#0072B2"}]
[{"start": 21, "end": 49, "text": "How tiresome you are really!", "tag": "Connected", "color": "#D55E00"}]
[{"start": 219, "end": 386, "text": "the school with the green roof, and the church with its crosses flashing in the evening sun: and the station windows flashed too, and a pink smoke rose from the engine", "tag": "Present", "color": "#0072B2"}, {"start": 394, "end": 451, "text": "it seemed to her that everything was trembling with cold.", "tag": "Connected", "color": "#D55E00"}]
[{"start": 294, "end": 376, "text": "Her mother had had just such luxuriant hair, just such a brow and bend of the head", "tag": "Present", "color": "#0072B2"}, {"start": 623, "end": 675, "text": "she heard the sound of the piano, her father\u2019s voice", "tag": "Present", "color": "#0072B2"}]
[]
[{"start": 234, "end": 500, "text": "it seemed to her that her happiness, her triumph, was glowing in the sky and on all sides, in the windows and on the trees. Her father and mother had never died, she had never been a schoolmistress, it was a long, tedious, strange dream, and now she had awakened....", "tag": "Connected", "color": "#D55E00"}]
[]
[{"start": 0, "end": 28, "text": "And at once it all vanished.", "tag": "Connected", "color": "#D55E00"}, {"start": 60, "end": 126, "text": "Marya Vassilyevna, shivering and numb with cold, got into the cart", "tag": "Connected", "color": "#D55E00"}]
[{"start": 23, "end": 36, "text": "Here we are.\u201d", "tag": "Curious", "color": "#F0E442"}]
