[{"start": 0, "end": 82, "text": "For a cultivated man to be ignorant of foreign languages is a great inconvenience.", "tag": "Connected", "color": "#D55E00"}]
[{"start": 0, "end": 12, "text": "\u201cIt\u2019s awful,", "tag": "Curious", "color": "#F0E442"}]
[{"start": 13, "end": 61, "text": "Without languages I\u2019m like a bird without wings.", "tag": "Connected", "color": "#D55E00"}]
[{"start": 4, "end": 102, "text": "he made up his mind at all costs to overcome his innate laziness, and to learn French and German; ", "tag": "Connected", "color": "#D55E00"}]
[{"start": 0, "end": 123, "text": "One winter noon, as Vorotov was sitting in his study at work, the servant told him that a young lady was inquiring for him.", "tag": "Present", "color": "#0072B2"}]
[{"start": 0, "end": 27, "text": "\u201cAsk her in,\u201d said Vorotov.", "tag": "Curious", "color": "#F0E442"}]
[{"start": 161, "end": 208, "text": "she had been sent to him by one of his friends.", "tag": "Curious", "color": "#F0E442"}]
[{"start": 1, "end": 216, "text": "Delighted! Please sit down,\u201d said Vorotov, breathing hard and putting his hand over the collar of his nightshirt (to breathe more freely he always wore a nightshirt at work instead of a stiff linen one with collar).", "tag": "Present", "color": "#0072B2"}]
[{"start": 74, "end": 514, "text": "She was a genuine Frenchwoman, very elegant and still quite young. Judging from her pale, languid face, her short curly hair, and her unnaturally slim waist, she might have been eighteen; but looking at her broad, well-developed shoulders, the elegant lines of her back and her severe eyes, Vorotov thought that she was not less than three-and-twenty and might be twenty-five; but then again he began to think she was not more than eighteen", "tag": "Present", "color": "#0072B2"}]
[{"start": 92, "end": 165, "text": "As regards your terms\u2014a rouble a lesson\u2014I\u2019ve nothing to say against that.", "tag": "Present", "color": "#0072B2"}]
[{"start": 4, "end": 239, "text": "he asked her if she would not have some tea or coffee, whether it was a fine day, and with a good-natured smile, stroking the baize of the table, he inquired in a friendly voice who she was, where she had studied, and what she lived on", "tag": "Connected", "color": "#D55E00"}]
[{"start": 39, "end": 281, "text": "Alice Osipovna answered that she had completed her studies at a private school and had the diploma of a private teacher, that her father had died lately of scarlet fever, that her mother was alive and made artificial flowers; that she, Mdlle.", "tag": "Connected", "color": "#D55E00"}]
[{"start": 75, "end": 209, "text": "For a long time afterwards Vorotov could not settle to work, but, sitting at the table stroking its green baize surface, he meditated.", "tag": "Confused", "color": "#CC79A7"}]
[{"start": 99, "end": 283, "text": "it\u2019s very unpleasant to think that poverty should not spare such elegant and pretty girls asAlice Osipovna, and that she, too, should have to struggle for existence. It\u2019s a sad thing!\u201d", "tag": "Present", "color": "#0072B2"}]
[{"start": 0, "end": 245, "text": "Having never seen virtuous Frenchwomen before, he reflected also that this elegantly dressed young lady with her well-developed shoulders and exaggeratedly small waist in all probability followed another calling as well as giving French lessons.", "tag": "Present", "color": "#0072B2"}]
[{"start": 0, "end": 194, "text": "The next evening when the clock pointed to five minutes to seven, Mdlle. Enqu\u00eate appeared, rosy from the frost. She opened Margot, which she had brought with her, and without introduction began:", "tag": "Curious", "color": "#F0E442"}]
[{"start": 0, "end": 89, "text": "\u201cFrench grammar has twenty-six letters. The first letter is called A, the second B . . .\u201d", "tag": "Other", "color": "#009E73"}]
[{"start": 223, "end": 293, "text": "I think we might omit Margot and pass straight to reading some author.", "tag": "Connected", "color": "#D55E00"}]
[{"start": 36, "end": 72, "text": "how grown-up people learn languages.", "tag": "Present", "color": "#0072B2"}]
[{"start": 65, "end": 248, "text": "laid before him the French, German, and Latin gospels, and read them side by side, carefully analysing each word, and would you believe it, he attained his object in less than a year.", "tag": "Curious", "color": "#F0E442"}]
[{"start": 45, "end": 349, "text": "Evidently the suggestion seemed to her very na\u00efve and ridiculous. If this strange proposal had been made to her by a child, she would certainly have been angry and have scolded it, but as he was a grown-up man and very stout and she could not scold him, she only shrugged her shoulders hardly perceptibly", "tag": "Confused", "color": "#CC79A7"}]
[{"start": 1, "end": 16, "text": "As you please.\u201d", "tag": "Connected", "color": "#D55E00"}]
[{"start": 0, "end": 74, "text": "Vorotov rummaged in his bookcase and picked out a dog\u2019s-eared French book.", "tag": "Present", "color": "#0072B2"}]
[{"start": 0, "end": 15, "text": "\u201cWill this do?\u201d", "tag": "Curious", "color": "#F0E442"}]
[{"start": 0, "end": 30, "text": "\u201cIt\u2019s all the same,\u201d she said.", "tag": "Curious", "color": "#F0E442"}]
[{"start": 1, "end": 48, "text": "In that case let us begin, and good luck to it!", "tag": "Present", "color": "#0072B2"}]
[{"start": 0, "end": 43, "text": "\u201cReminiscences,\u201d Mdlle. Enqu\u00eate translated.", "tag": "Curious", "color": "#F0E442"}]
[{"start": 0, "end": 97, "text": "With a good-natured smile, breathing hard, he spent a quarter of an hour over the word \u201cM\u00e9moires,", "tag": "Connected", "color": "#D55E00"}]
[{"start": 1, "end": 68, "text": "Her hair isn\u2019t naturally curly; she curls it. It\u2019s a strange thing!", "tag": "Connected", "color": "#D55E00"}]
[{"start": 0, "end": 183, "text": "At eight o\u2019clock precisely she got up, and saying coldly and dryly, \u201cAu revoir, monsieur,\u201d walked out of the study, leaving behind her the same tender, delicate, disturbing fragrance.", "tag": "Present", "color": "#0072B2"}]
[{"start": 0, "end": 299, "text": "During the days that followed he became convinced that his teacher was a charming, conscientious, and precise young lady, but that she was very badly educated, and incapable of teaching grown-up people, and he made up his mind not to waste his time, to get rid of her, and to engage another teacher.", "tag": "Connected", "color": "#D55E00"}]
[{"start": 0, "end": 92, "text": "\u201cExcuse me, Alice Osipovna, but I ought to tell you . . . I\u2019m under painful necessity . . .\u201d", "tag": "Curious", "color": "#F0E442"}]
[{"start": 0, "end": 267, "text": "Seeing the envelope, the French girl guessed what was meant, and for the first time during their lessons her face quivered and her cold, business-like expression vanished. She coloured a little, and dropping her eyes, began nervously fingering her slender gold chain.", "tag": "Present", "color": "#0072B2"}]
[{"start": 155, "end": 209, "text": "\u201cExcuse me, I . . . I must leave you for ten minutes.\u201d", "tag": "Curious", "color": "#F0E442"}]
[{"start": 80, "end": 199, "text": "but only to ask her permission to leave her for a short time, he went into the next room and sat there for ten minutes.", "tag": "Present", "color": "#0072B2"}, {"start": 200, "end": 248, "text": "And then he returned more embarrassed than ever:", "tag": "Present", "color": "#0072B2"}]
[{"start": 0, "end": 209, "text": "The lessons began again. Yorotov felt no interest in them. Realising that he would gain nothing from the lessons, he gave the French girl liberty to do as she liked, asking her nothing and not interrupting her", "tag": "Connected", "color": "#D55E00"}, {"start": 211, "end": 446, "text": "She translated away as she pleased ten pages during a lesson, and he did not listen, breathed hard, and having nothing better to do, gazed at her curly head, or her soft white hands or her neck and sniffed the fragrance of her clothes.", "tag": "Curious", "color": "#F0E442"}, {"start": 447, "end": 886, "text": "He caught himself thinking very unsuitable thoughts, and felt ashamed, or he was moved to tenderness, and then he felt vexed and wounded that she was so cold and business-like with him, and treated him as a pupil, never smiling and seeming afraid that he might accidentally touch her. He kept wondering how to inspire her with confidence and get to know her better, and to help her, to make her understand how badly she taught, poor thing.", "tag": "Present", "color": "#0072B2"}]
[{"start": 0, "end": 371, "text": "One day Mdlle. Enqu\u00eate came to the lesson in a smart pink dress, slightly d\u00e9collet\u00e9, and surrounded by such a fragrance that she seemed to be wrapped in a cloud, and, if one blew upon her, ready to fly away into the air or melt away like smoke. She apologised and said she could stay only half an hour for the lesson, as she was going straight from the lesson to a dance.", "tag": "Present", "color": "#0072B2"}]
[{"start": 0, "end": 154, "text": "He looked at her throat and the back of her bare neck, and thought he understood why Frenchwomen had the reputation of frivolous creatures easily seduced;", "tag": "Confused", "color": "#CC79A7"}, {"start": 155, "end": 375, "text": "he was carried away by this cloud of fragrance, beauty, and bare flesh, while she, unconscious of his thoughts and probably not in the least interested in them, rapidly turned over the pages and translated at full steam:", "tag": "Connected", "color": "#D55E00"}]
[]
[{"start": 86, "end": 667, "text": "One day she came an hour too early for the lesson, apologizing and saying that she wanted to leave at seven and go to the Little Theatre. Seeing her out after the lesson, Vorotov dressed and went to the theatre himself. He went, and fancied that he was going simply for change and amusement, and that he was not thinking about Alice at all. He could not admit that a serious man, preparing for a learned career, lethargic in his habits, could fling up his work and go to the theatre simply to meet there a girl he knew very little, who was unintelligent and utterly unintellectual.", "tag": "Connected", "color": "#D55E00"}, {"start": 0, "end": 84, "text": "The \u201cM\u00e9moires\u201d had long been finished, and now Alice was translating some other book", "tag": "Present", "color": "#0072B2"}]
[{"start": 1, "end": 477, "text": "et for some reason his heart was beating during the intervals, and without realizing what he was doing, he raced about the corridors and foyer like a boy impatiently looking for some one, and he was disappointed when the interval was over.And when he saw the familiar pink dress and the handsome shoulders under the tulle, his heart quivered as though with a foretaste of happiness; he smiled joyfully, and for the first time in his life experienced the sensation of jealousy.", "tag": "Connected", "color": "#D55E00"}]
[{"start": 0, "end": 169, "text": "Alice was walking with two unattractive-looking students and an officer. She was laughing, talking loudly, and obviously flirting. Vorotov had never seen her like that. ", "tag": "Present", "color": "#0072B2"}, {"start": 169, "end": 582, "text": "She was evidently happy, contented, warm, sincere. What for? Why? Perhaps because these men were her friends and belonged to her own circle.And Vorotov felt there was a terrible gulf between himself and that circle. He bowed to his teacher, but she gave him a chilly nod and walked quickly by; she evidently did not care for her friends to know that she had pupils, and that she had to give lessons to earn money.", "tag": "Connected", "color": "#D55E00"}]
[{"start": 0, "end": 241, "text": "After the meeting at the theatre Vorotov realised that he was in love. . . . During the subsequent lessons he feasted his eyes on his elegant teacher, and without struggling with himself, gave full rein to his imaginations, pure and impure. ", "tag": "Connected", "color": "#D55E00"}, {"start": 248, "end": 487, "text": "Enqu\u00eate\u2019s face did not cease to be cold; precisely at eight o\u2019clock every evening she said coldly, \u201cAu revoir, monsieur,\u201d and he felt she cared nothing about him, and never would care anything about him, and that his position was hopeless.", "tag": "Present", "color": "#0072B2"}]
[{"start": 0, "end": 594, "text": "Sometimes in the middle of a lesson he would begin dreaming, hoping, making plans. He inwardly composed declarations of love, remembered that Frenchwomen were frivolous and easily won, but it was enough for him to glance at the face of his teacher for his ideas to be extinguished as a candle is blown out when you bring it into the wind on the verandah. Once, overcome, forgetting himself as though in delirium, he could not restrain himself, and barred her way as she was going from the study into the entry after the lesson, and, gasping for breath and stammering, began to declare his love:", "tag": "Present", "color": "#0072B2"}]
[{"start": 1, "end": 60, "text": "You are dear to me! I . . . I love you! Allow me to speak.\u201d", "tag": "Connected", "color": "#D55E00"}]
[{"start": 0, "end": 202, "text": "And Alice turned pale\u2014probably from dismay, reflecting that after this declaration she could not come here again and get a rouble a lesson. With a frightened look in her eyes she said in a loud whisper:", "tag": "Curious", "color": "#F0E442"}]
[{"start": 0, "end": 60, "text": "\u201cAch, you mustn\u2019t! Don\u2019t speak, I entreat you! You mustn\u2019t!\u201d", "tag": "Curious", "color": "#F0E442"}]
[{"start": 0, "end": 115, "text": "And Vorotov did not sleep all night afterwards; he was tortured by shame; he blamed himself and thought intensely. ", "tag": "Present", "color": "#0072B2"}, {"start": 116, "end": 219, "text": "t seemed to him that he had insulted the girl by his declaration, that she would not come to him again.", "tag": "Connected", "color": "#D55E00"}]
[{"start": 0, "end": 113, "text": "He resolved to find out her address from the address bureau in the morning, and to write her a letter of apology.", "tag": "Curious", "color": "#F0E442"}, {"start": 114, "end": 266, "text": "But Alice came without a letter. For the first minute she felt uncomfortable, then she opened a book and began briskly and rapidly translating as usual:", "tag": "Present", "color": "#0072B2"}]
[{"start": 1, "end": 113, "text": "\u2018Oh, young gentleman, don\u2019t tear those flowers in my garden which I want to be giving to my ill daughter. . . .\u2019", "tag": "Connected", "color": "#D55E00"}]
[{"start": 0, "end": 255, "text": "She still comes to this day. Four books have already been translated, but Vorotov knows no French but the word \u201cM\u00e9moires,\u201d and when he is asked about his literary researches, he waves his hand, and without answering, turns the conversation to the weather.", "tag": "Present", "color": "#0072B2"}]
