[]
[{"start": 38, "end": 128, "text": "(although he was only twenty-six he was fat, heavy, and suffered from shortness of breath)", "tag": "Confused", "color": "#CC79A7"}]
[]
[]
[]
[]
[]
[]
[{"start": 141, "end": 142, "text": "J", "tag": "Present", "color": "#0072B2"}, {"start": 142, "end": 793, "text": "udging from her pale, languid face, her short curly hair, and her unnaturally slim waist, she might have been eighteen; but looking at her broad, well-developed shoulders, the elegant lines of her back and her severe eyes, Vorotov thought that she was not less than three-and-twenty and might be twenty-five; but then again he began to think she was not more than eighteen. Her face looked as cold and business-like as the face of a person who has come to speak about money. She did not once smile or frown, and only once a look of perplexity flitted over her face when she learnt that she was not required to teach children, but a stout grown-up man.", "tag": "Present", "color": "#0072B2"}]
[]
[{"start": 0, "end": 240, "text": "And he asked her if she would not have some tea or coffee, whether it was a fine day, and with a good-natured smile, stroking the baize of the table, he inquired in a friendly voice who she was, where she had studied, and what she lived on.", "tag": "Other", "color": "#009E73"}]
[]
[{"start": 0, "end": 74, "text": "She went away leaving behind her the faint fragrance of a woman\u2019s clothes.", "tag": "Connected", "color": "#D55E00"}]
[]
[]
[]
[]
[]
[]
[]
[{"start": 0, "end": 358, "text": "The French girl looked at him in perplexity. Evidently the suggestion seemed to her very na\u00efve and ridiculous. If this strange proposal had been made to her by a child, she would certainly have been angry and have scolded it, but as he was a grown-up man and very stout and she could not scold him, she only shrugged her shoulders hardly perceptibly and said", "tag": "Present", "color": "#0072B2"}]
[]
[]
[]
[]
[]
[]
[{"start": 162, "end": 302, "text": "She answered his questions languidly, grew confused, and evidently did not understand her pupil well, and did not attempt to understand him.", "tag": "Other", "color": "#009E73"}]
[]
[]
[{"start": 0, "end": 453, "text": "During the days that followed he became convinced that his teacher was a charming, conscientious, and precise young lady, but that she was very badly educated, and incapable of teaching grown-up people, and he made up his mind not to waste his time, to get rid of her, and to engage another teacher. When she came the seventh time he took out of his pocket an envelope with seven roubles in it, and holding it in his hand, became very confused and began", "tag": "Curious", "color": "#F0E442"}]
[]
[{"start": 0, "end": 410, "text": "Seeing the envelope, the French girl guessed what was meant, and for the first time during their lessons her face quivered and her cold, business-like expression vanished. She coloured a little, and dropping her eyes, began nervously fingering her slender gold chain. And Vorotov, seeing her perturbation, realised how much a rouble meant to her, and how bitter it would be to her to lose what she was earning.", "tag": "Present", "color": "#0072B2"}]
[]
[{"start": 0, "end": 357, "text": "And trying to appear as though he had not in the least meant to get rid of her, but only to ask her permission to leave her for a short time, he went into the next room and sat there for ten minutes. And then he returned more embarrassed than ever: it struck him that she might have interpreted his brief absence in some way of her own, and he felt awkward.", "tag": "Present", "color": "#0072B2"}]
[]
[]
[]
[]
[]
[{"start": 240, "end": 477, "text": "And when he saw the familiar pink dress and the handsome shoulders under the tulle, his heart quivered as though with a foretaste of happiness; he smiled joyfully, and for the first time in his life experienced the sensation of jealousy.", "tag": "Curious", "color": "#F0E442"}]
[]
[]
[]
[]
[]
[]
[]
[]
[]
[]
