[]
[{"start": 0, "end": 558, "text": "The highroad was dry, a lovely April sun was shining warmly, but the snow was still lying in the ditches and in the woods. Winter, dark, long, and spiteful, was hardly over; spring had come all of a sudden. But neither the warmth nor the languid transparent woods, warmed by the breath of spring, nor the black flocks of birds flying over the huge puddles that were like lakes, nor the marvelous fathomless sky, into which it seemed one would have gone away so joyfully, presented anything new or interesting to Marya Vassilyevna who was sitting in the cart.", "tag": "Present", "color": "#0072B2"}]
[]
[{"start": 0, "end": 748, "text": "She had got out of the habit of thinking of her past before she became a schoolmistress, and had almost forgotten it. She had once had a father and mother; they had lived in Moscow in a big flat near the Red Gate, but of all that life there was left in her memory only something vague and fluid like a dream. Her father had died when she was ten years old, and her mother had died soon after.... She had a brother, an officer; at first they used to write to each other, then her brother had given up answering her letters, he had got out of the way of writing. Of her old belongings, all that was left was a photograph of her mother, but it had grown dim from the dampness of the school, and now nothing could be seen but the hair and the eyebrows.", "tag": "Curious", "color": "#F0E442"}]
[]
[{"start": 0, "end": 154, "text": "\u201cThey have caught a government clerk in the town. They have taken him away. The story is that with some Germans he killed Alexeyev, the Mayor, in Moscow.\u201d", "tag": "Curious", "color": "#F0E442"}]
[]
[]
[{"start": 0, "end": 182, "text": "And again they were silent for a long time. Marya Vassilyevna thought of her school, of the examination that was coming soon, and of the girl and four boys she was sending up for it.", "tag": "Confused", "color": "#CC79A7"}, {"start": 183, "end": 442, "text": "And just as she was thinking about the examination, she was overtaken by a neighboring landowner called Hanov in a carriage with four horses, the very man who had been examiner in her school the year before. When he came up to her he recognized her and bowed.", "tag": "Present", "color": "#0072B2"}]
[]
[{"start": 0, "end": 683, "text": "This Hanov, a man of forty with a listless expression and a face that showed signs of wear, was beginning to look old, but was still handsome and admired by women. He lived in his big homestead alone, and was not in the service; and people used to say of him that he did nothing at home but walk up and down the room whistling, or play chess with his old footman. People said, too, that he drank heavily. And indeed at the examination the year before the very papers he brought with him smelt of wine and scent. He had been dressed all in new clothes on that occasion, and Marya Vassilyevna thought him very attractive, and all the while she sat beside him she had felt embarrassed. ", "tag": "Present", "color": "#0072B2"}, {"start": 683, "end": 921, "text": "She was accustomed to see frigid and sensible examiners at the school, while this one did not remember a single prayer, or know what to ask questions about, and was exceedingly courteous and delicate, giving nothing but the highest marks.", "tag": "Confused", "color": "#CC79A7"}]
[{"start": 1, "end": 107, "text": "I am going to visit Bakvist,\u201d he went on, addressing Marya Vassilyevna, \u201cbut I am told he is not at home.\u201d", "tag": "Curious", "color": "#F0E442"}]
[{"start": 0, "end": 380, "text": "They turned off the highroad into a by-road to the village, Hanov leading the way and Semyon following. The four horses moved at a walking pace, with effort dragging the heavy carriage through the mud. Semyon tacked from side to side, keeping to the edge of the road, at one time through a snowdrift, at another through a pool, often jumping out of the cart and helping the horse.", "tag": "Present", "color": "#0072B2"}, {"start": 526, "end": 802, "text": "And she felt annoyed with the Zemstvo board at which she had found no one the day before. How unbusiness-like! Here she had been asking them for the last two years to dismiss the watchman, who did nothing, was rude to her, and hit the schoolboys; but no one paid any attention", "tag": "Curious", "color": "#F0E442"}, {"start": 1241, "end": 1461, "text": "the school guardian was an almost illiterate peasant, the head of a tanning business, unintelligent, rude, and a great friend of the watchman\u2019s\u2014and goodness knows to whom she could appeal with complaints or inquiries....", "tag": "Confused", "color": "#CC79A7"}]
[]
[{"start": 0, "end": 206, "text": "The road grew worse and worse.... They drove into the wood. Here there was no room to turn round, the wheels sank deeply in, water splashed and gurgled through them, and sharp twigs struck them in the face.", "tag": "Present", "color": "#0072B2"}]
[{"start": 0, "end": 42, "text": "\u201cWhat a road!\u201d said Hanov, and he laughed.", "tag": "Other", "color": "#009E73"}]
[{"start": 0, "end": 714, "text": "The schoolmistress looked at him and could not understand why this queer man lived here. What could his money, his interesting appearance, his refined bearing do for him here, in this mud, in this God-forsaken, dreary place? He got no special advantages out of life, and here, like Semyon, was driving at a jog-trot on an appalling road and enduring the same discomforts. Why live here if one could live in Petersburg or abroad? And one would have thought it would be nothing for a rich man like him to make a good road instead of this bad one, to avoid enduring this misery and seeing the despair on the faces of his coachman and Semyon; but he only laughed, and apparently did not mind, and wanted no better life", "tag": "Curious", "color": "#F0E442"}, {"start": 716, "end": 1033, "text": "He was kind, soft, naive, and he did not understand this coarse life, just as at the examination he did not know the prayers. He subscribed nothing to the schools but globes, and genuinely regarded himself as a useful person and a prominent worker in the cause of popular education. And what use were his globes here?", "tag": "Confused", "color": "#CC79A7"}]
[]
[{"start": 0, "end": 455, "text": "The cart lurched violently and was on the point of upsetting; something heavy rolled on to Marya Vassilyevna\u2019s feet\u2014it was her parcel of purchases. There was a steep ascent uphill through the clay; here in the winding ditches rivulets were gurgling. The water seemed to have gnawed away the road; and how could one get along here! The horses breathed hard. Hanov got out of his carriage and walked at the side of the road in his long overcoat. He was hot.", "tag": "Present", "color": "#0072B2"}]
[]
[]
[{"start": 0, "end": 63, "text": "\u201cI am dull at home, grandfather. I don\u2019t like staying at home.\u201d", "tag": "Confused", "color": "#CC79A7"}]
[{"start": 195, "end": 253, "text": "And all at once there was a whiff of spirits in the wood. ", "tag": "Confused", "color": "#CC79A7"}, {"start": 365, "end": 926, "text": "and it came into her mind that if she had been his wife or sister she would have devoted her whole life to saving him from ruin. His wife! Life was so ordered that here he was living in his great house alone, and she was living in a God-forsaken village alone, and yet for some reason the mere thought that he and she might be close to one another and equals seemed impossible and absurd. In reality, life was arranged and human relations were complicated so utterly beyond all understanding that when one thought about it one felt uncanny and one\u2019s heart sank.", "tag": "Curious", "color": "#F0E442"}]
[]
[]
[]
[{"start": 0, "end": 235, "text": "His wife? It was cold in the morning, there was no one to heat the stove, the watchman disappeared; the children came in as soon as it was light, bringing in snow and mud and making a noise: it was all so inconvenient, so comfortless. ", "tag": "Confused", "color": "#CC79A7"}, {"start": 300, "end": 1223, "text": "Her head ached every day after her work, and after dinner she had heart-burn. She had to collect money from the school-children for wood and for the watchman, and to give it to the school guardian, and then to entreat him\u2014that overfed, insolent peasant\u2014for God\u2019s sake to send her wood. And at night she dreamed of examinations, peasants, snowdrifts. And this life was making her grow old and coarse, making her ugly, angular, and awkward, as though she were made of lead. She was always afraid, and she would get up from her seat and not venture to sit down in the presence of a member of the Zemstvo or the school guardian. And she used formal, deferential expressions when she spoke of any one of them. And no one thought her attractive, and life was passing drearily, without affection, without friendly sympathy, without interesting acquaintances. How awful it would have been in her position if she had fallen in love!", "tag": "Present", "color": "#0072B2"}]
[]
[{"start": 0, "end": 31, "text": "Again a sharp ascent uphill....", "tag": "Present", "color": "#0072B2"}]
[{"start": 0, "end": 84, "text": "She had become a schoolmistress from necessity, without feeling any vocation for it;", "tag": "Curious", "color": "#F0E442"}, {"start": 384, "end": 669, "text": "Teachers, badly paid doctors, and their assistants, with their terribly hard work, have not even the comfort of thinking that they are serving an idea or the people, as their heads are always stuffed with thoughts of their daily bread, of wood for the fire, of bad roads, of illnesses.", "tag": "Confused", "color": "#CC79A7"}]
[{"start": 0, "end": 350, "text": "Semyon kept picking out the driest and shortest way, first by a meadow, then by the backs of the village huts; but in one place the peasants would not let them pass, in another it was the priest\u2019s land and they could not cross it, in another Ivan Ionov had bought a plot from the landowner and had dug a ditch round it. They kept having to turn back.", "tag": "Present", "color": "#0072B2"}]
[{"start": 0, "end": 674, "text": "They reached Nizhneye Gorodistche. Near the tavern on the dung-strewn earth, where the snow was still lying, there stood wagons that had brought great bottles of crude sulphuric acid. There were a great many people in the tavern, all drivers, and there was a smell of vodka, tobacco, and sheepskins. There was a loud noise of conversation and the banging of the swing-door. Through the wall, without ceasing for a moment, came the sound of a concertina being played in the shop. Marya Vassilyevna sat down and drank some tea, while at the next table peasants were drinking vodka and beer, perspiring from the tea they had just swallowed and the stifling fumes of the tavern.", "tag": "Present", "color": "#0072B2"}]
[]
[]
[{"start": 1, "end": 127, "text": "What are you swearing at, you there?\u201d Semyon, who was sitting some way off, responded angrily. \u201cDon\u2019t you see the young lady?\u201d", "tag": "Curious", "color": "#F0E442"}]
[]
[{"start": 0, "end": 15, "text": "\u201cSwinish crow!\u201d", "tag": "Confused", "color": "#CC79A7"}]
[]
[]
[]
[]
[]
[]
[{"start": 0, "end": 345, "text": "The swing-door was continually banging, some coming in, others going out. Marya Vassilyevna sat on, thinking all the time of the same things, while the concertina went on playing and playing. The patches of sunshine had been on the floor, then they passed to the counter, to the wall, and disappeared altogether; so by the sun it was past midday", "tag": "Present", "color": "#0072B2"}, {"start": 347, "end": 647, "text": "The peasants at the next table were getting ready to go. The little man, somewhat unsteadily, went up to Marya Vassilyevna and held out his hand to her; following his example, the others shook hands, too, at parting, and went out one after another, and the swing-door squeaked and slammed nine times.", "tag": "Confused", "color": "#CC79A7"}]
[]
[{"start": 0, "end": 52, "text": "They set off. And again they went at a walking pace.", "tag": "Present", "color": "#0072B2"}]
[{"start": 0, "end": 152, "text": "\u201cA little while back they were building a school here in their Nizhneye Gorodistche,\u201d said Semyon, turning round. \u201cIt was a wicked thing that was done!\u201d", "tag": "Confused", "color": "#CC79A7"}]
[{"start": 0, "end": 12, "text": "\u201cWhy, what?\u201d", "tag": "Curious", "color": "#F0E442"}]
[{"start": 1, "end": 133, "text": "They say the president put a thousand in his pocket, and the school guardian another thousand in his, and the teacher five hundred.\u201d", "tag": "Curious", "color": "#F0E442"}]
[]
[]
[{"start": 0, "end": 537, "text": "But it was clear that Semyon did not believe the schoolmistress. The peasants did not believe her. They always thought she received too large a salary, twenty-one roubles a month (five would have been enough), and that of the money that she collected from the children for the firewood and the watchman the greater part she kept for herself. The guardian thought the same as the peasants, and he himself made a profit off the firewood and received payments from the peasants for being a guardian\u2014without the knowledge of the authorities.", "tag": "Curious", "color": "#F0E442"}]
[{"start": 0, "end": 222, "text": "The forest, thank God! was behind them, and now it would be flat, open ground all the way to Vyazovye, and there was not far to go now. They had to cross the river and then the railway line, and then Vyazovye was in sight.", "tag": "Present", "color": "#0072B2"}]
[]
[]
[]
[]
[{"start": 0, "end": 130, "text": "\u201cLook, Hanov is driving to the bridge,\u201d said Marya Vassilyevna, seeing the four horses far away to the right. \u201cIt is he, I think.\u201d", "tag": "Present", "color": "#0072B2"}]
[{"start": 0, "end": 176, "text": "\u201cIt is. So he didn\u2019t find Bakvist at home. What a pig-headed fellow he is. Lord have mercy upon us! He\u2019s driven over there, and what for? It\u2019s fully two miles nearer this way.\u201d", "tag": "Confused", "color": "#CC79A7"}]
[]
[{"start": 0, "end": 135, "text": "\u201cGo on!\u201d shouted Semyon angrily and anxiously, tugging violently at the reins and jerking his elbows as a bird does its wings. \u201cGo on!\u201d", "tag": "Present", "color": "#0072B2"}]
[{"start": 0, "end": 169, "text": "The horse went on into the water up to his belly and stopped, but at once went on again with an effort, and Marya Vassilyevna was aware of a keen chilliness in her feet.", "tag": "Present", "color": "#0072B2"}]
[]
[]
[]
[{"start": 0, "end": 253, "text": "Her shoes and goloshes were full of water, the lower part of her dress and of her coat and one sleeve were wet and dripping: the sugar and flour had got wet, and that was worst of all, and Marya Vassilyevna could only clasp her hands in despair and say:", "tag": "Present", "color": "#0072B2"}]
[]
[{"start": 0, "end": 451, "text": "The barrier was down at the railway crossing. A train was coming out of the station. Marya Vassilyevna stood at the crossing waiting till it should pass, and shivering all over with cold. Vyazovye was in sight now, and the school with the green roof, and the church with its crosses flashing in the evening sun: and the station windows flashed too, and a pink smoke rose from the engine... and it seemed to her that everything was trembling with cold.", "tag": "Present", "color": "#0072B2"}]
[{"start": 262, "end": 926, "text": "Her mother! What a resemblance! Her mother had had just such luxuriant hair, just such a brow and bend of the head. And with amazing distinctness, for the first time in those thirteen years, there rose before her mind a vivid picture of her mother, her father, her brother, their flat in Moscow, the aquarium with little fish, everything to the tiniest detail; she heard the sound of the piano, her father\u2019s voice; she felt as she had been then, young, good-looking, well-dressed, in a bright warm room among her own people. A feeling of joy and happiness suddenly came over her, she pressed her hands to her temples in an ecstacy, and called softly, beseechingly:", "tag": "Curious", "color": "#F0E442"}]
[]
[{"start": 0, "end": 500, "text": "And she began crying, she did not know why. Just at that instant Hanov drove up with his team of four horses, and seeing him she imagined happiness such as she had never had, and smiled and nodded to him as an equal and a friend, and it seemed to her that her happiness, her triumph, was glowing in the sky and on all sides, in the windows and on the trees. Her father and mother had never died, she had never been a schoolmistress, it was a long, tedious, strange dream, and now she had awakened....", "tag": "Curious", "color": "#F0E442"}]
[]
[{"start": 0, "end": 239, "text": "And at once it all vanished. The barrier was slowly raised. Marya Vassilyevna, shivering and numb with cold, got into the cart. The carriage with the four horses crossed the railway line; Semyon followed it. The signalman took off his cap.", "tag": "Curious", "color": "#F0E442"}]
[{"start": 1, "end": 36, "text": "And here is Vyazovye. Here we are.\u201d", "tag": "Confused", "color": "#CC79A7"}]
