[{"start": 0, "end": 192, "text": "For a cultivated man to be ignorant of foreign languages is a great inconvenience. Vorotov became acutely conscious of it when, after taking his degree, he began upon a piece of research work.", "tag": "Confused", "color": "#CC79A7"}]
[{"start": 0, "end": 129, "text": "\u201cIt\u2019s awful,\u201d he said, breathing hard (although he was only twenty-six he was fat, heavy, and suffered from shortness of breath).", "tag": "Present", "color": "#0072B2"}]
[]
[]
[]
[]
[{"start": 0, "end": 208, "text": "And a young lady elaborately dressed in the last fashion walked in. She introduced herself as a teacher of French, Alice Osipovna Enqu\u00eate, and told Vorotov that she had been sent to him by one of his friends.", "tag": "Curious", "color": "#F0E442"}]
[{"start": 0, "end": 299, "text": "\u201cDelighted! Please sit down,\u201d said Vorotov, breathing hard and putting his hand over the collar of his nightshirt (to breathe more freely he always wore a nightshirt at work instead of a stiff linen one with collar). \u201cIt was Pyotr Sergeitch sent you? Yes, yes . . . I asked him about it. Delighted!\u201d", "tag": "Present", "color": "#0072B2"}]
[]
[]
[]
[{"start": 0, "end": 416, "text": "With a cold, business-like expression, Alice Osipovna answered that she had completed her studies at a private school and had the diploma of a private teacher, that her father had died lately of scarlet fever, that her mother was alive and made artificial flowers; that she, Mdlle. Enqu\u00eate, taught in a private school till dinnertime, and after dinner was busy till evening giving lessons in different good families.", "tag": "Curious", "color": "#F0E442"}]
[]
[]
[{"start": 0, "end": 245, "text": "Having never seen virtuous Frenchwomen before, he reflected also that this elegantly dressed young lady with her well-developed shoulders and exaggeratedly small waist in all probability followed another calling as well as giving French lessons.", "tag": "Confused", "color": "#CC79A7"}]
[]
[]
[]
[]
[]
[{"start": 0, "end": 43, "text": "The French girl looked at him in perplexity", "tag": "Connected", "color": "#D55E00"}]
[]
[]
[]
[]
[]
[]
[]
[{"start": 1, "end": 141, "text": "Her hair isn\u2019t naturally curly; she curls it. It\u2019s a strange thing! She works from morning to night, and yet she has time to curl her hair.\u201d", "tag": "Present", "color": "#0072B2"}]
[{"start": 0, "end": 0, "text": "", "tag": "Curious", "color": "#F0E442"}]
[]
[]
[{"start": 268, "end": 345, "text": "And Vorotov, seeing her perturbation, realised how much a rouble meant to her", "tag": "Confused", "color": "#CC79A7"}]
[]
[{"start": 0, "end": 357, "text": "And trying to appear as though he had not in the least meant to get rid of her, but only to ask her permission to leave her for a short time, he went into the next room and sat there for ten minutes. And then he returned more embarrassed than ever: it struck him that she might have interpreted his brief absence in some way of her own, and he felt awkward.", "tag": "Present", "color": "#0072B2"}]
[{"start": 0, "end": 886, "text": "The lessons began again. Yorotov felt no interest in them. Realising that he would gain nothing from the lessons, he gave the French girl liberty to do as she liked, asking her nothing and not interrupting her. She translated away as she pleased ten pages during a lesson, and he did not listen, breathed hard, and having nothing better to do, gazed at her curly head, or her soft white hands or her neck and sniffed the fragrance of her clothes. He caught himself thinking very unsuitable thoughts, and felt ashamed, or he was moved to tenderness, and then he felt vexed and wounded that she was so cold and business-like with him, and treated him as a pupil, never smiling and seeming afraid that he might accidentally touch her. He kept wondering how to inspire her with confidence and get to know her better, and to help her, to make her understand how badly she taught, poor thing.", "tag": "Present", "color": "#0072B2"}]
[{"start": 245, "end": 371, "text": "She apologised and said she could stay only half an hour for the lesson, as she was going straight from the lesson to a dance.", "tag": "Curious", "color": "#F0E442"}]
[{"start": 233, "end": 375, "text": "she, unconscious of his thoughts and probably not in the least interested in them, rapidly turned over the pages and translated at full steam:", "tag": "Connected", "color": "#D55E00"}]
[]
[{"start": 224, "end": 667, "text": "Seeing her out after the lesson, Vorotov dressed and went to the theatre himself. He went, and fancied that he was going simply for change and amusement, and that he was not thinking about Alice at all. He could not admit that a serious man, preparing for a learned career, lethargic in his habits, could fling up his work and go to the theatre simply to meet there a girl he knew very little, who was unintelligent and utterly unintellectual.", "tag": "Confused", "color": "#CC79A7"}, {"start": 224, "end": 0, "text": "", "tag": "Present", "color": "#0072B2"}]
[{"start": 1, "end": 477, "text": "et for some reason his heart was beating during the intervals, and without realizing what he was doing, he raced about the corridors and foyer like a boy impatiently looking for some one, and he was disappointed when the interval was over.And when he saw the familiar pink dress and the handsome shoulders under the tulle, his heart quivered as though with a foretaste of happiness; he smiled joyfully, and for the first time in his life experienced the sensation of jealousy.", "tag": "Present", "color": "#0072B2"}]
[]
[{"start": 0, "end": 487, "text": "After the meeting at the theatre Vorotov realised that he was in love. . . . During the subsequent lessons he feasted his eyes on his elegant teacher, and without struggling with himself, gave full rein to his imaginations, pure and impure. Mdlle. Enqu\u00eate\u2019s face did not cease to be cold; precisely at eight o\u2019clock every evening she said coldly, \u201cAu revoir, monsieur,\u201d and he felt she cared nothing about him, and never would care anything about him, and that his position was hopeless.", "tag": "Present", "color": "#0072B2"}]
[]
[]
[]
[{"start": 1, "end": 60, "text": "Ach, you mustn\u2019t! Don\u2019t speak, I entreat you! You mustn\u2019t!\u201d", "tag": "Confused", "color": "#CC79A7"}, {"start": 0, "end": 0, "text": "", "tag": "Other", "color": "#009E73"}]
[]
[{"start": 114, "end": 266, "text": "But Alice came without a letter. For the first minute she felt uncomfortable, then she opened a book and began briskly and rapidly translating as usual:", "tag": "Present", "color": "#0072B2"}]
[]
[{"start": 0, "end": 255, "text": "She still comes to this day. Four books have already been translated, but Vorotov knows no French but the word \u201cM\u00e9moires,\u201d and when he is asked about his literary researches, he waves his hand, and without answering, turns the conversation to the weather.", "tag": "Confused", "color": "#CC79A7"}]
