[]
[{"start": 1, "end": 129, "text": "It\u2019s awful,\u201d he said, breathing hard (although he was only twenty-six he was fat, heavy, and suffered from shortness of breath).", "tag": "Present", "color": "#0072B2"}]
[]
[]
[]
[]
[{"start": 0, "end": 208, "text": "And a young lady elaborately dressed in the last fashion walked in. She introduced herself as a teacher of French, Alice Osipovna Enqu\u00eate, and told Vorotov that she had been sent to him by one of his friends.", "tag": "Present", "color": "#0072B2"}]
[]
[{"start": 74, "end": 515, "text": "She was a genuine Frenchwoman, very elegant and still quite young. Judging from her pale, languid face, her short curly hair, and her unnaturally slim waist, she might have been eighteen; but looking at her broad, well-developed shoulders, the elegant lines of her back and her severe eyes, Vorotov thought that she was not less than three-and-twenty and might be twenty-five; but then again he began to think she was not more than eighteen.", "tag": "Confused", "color": "#CC79A7"}]
[]
[]
[]
[]
[]
[{"start": 0, "end": 245, "text": "Having never seen virtuous Frenchwomen before, he reflected also that this elegantly dressed young lady with her well-developed shoulders and exaggeratedly small waist in all probability followed another calling as well as giving French lessons.", "tag": "Confused", "color": "#CC79A7"}]
[]
[]
[]
[]
[]
[{"start": 0, "end": 359, "text": "The French girl looked at him in perplexity. Evidently the suggestion seemed to her very na\u00efve and ridiculous. If this strange proposal had been made to her by a child, she would certainly have been angry and have scolded it, but as he was a grown-up man and very stout and she could not scold him, she only shrugged her shoulders hardly perceptibly and said:", "tag": "Present", "color": "#0072B2"}]
[{"start": 0, "end": 16, "text": "\u201cAs you please.\u201d", "tag": "Present", "color": "#0072B2"}]
[]
[]
[]
[]
[]
[]
[{"start": 0, "end": 141, "text": "\u201cHer hair isn\u2019t naturally curly; she curls it. It\u2019s a strange thing! She works from morning to night, and yet she has time to curl her hair.\u201d", "tag": "Confused", "color": "#CC79A7"}]
[]
[{"start": 122, "end": 203, "text": "but that she was very badly educated, and incapable of teaching grown-up people, ", "tag": "Confused", "color": "#CC79A7"}]
[]
[]
[]
[]
[{"start": 277, "end": 446, "text": "he did not listen, breathed hard, and having nothing better to do, gazed at her curly head, or her soft white hands or her neck and sniffed the fragrance of her clothes.", "tag": "Present", "color": "#0072B2"}]
[{"start": 7, "end": 245, "text": " Mdlle. Enqu\u00eate came to the lesson in a smart pink dress, slightly d\u00e9collet\u00e9, and surrounded by such a fragrance that she seemed to be wrapped in a cloud, and, if one blew upon her, ready to fly away into the air or melt away like smoke. ", "tag": "Present", "color": "#0072B2"}]
[{"start": 0, "end": 225, "text": "He looked at her throat and the back of her bare neck, and thought he understood why Frenchwomen had the reputation of frivolous creatures easily seduced; he was carried away by this cloud of fragrance, beauty, and bare flesh", "tag": "Confused", "color": "#CC79A7"}]
[]
[{"start": 427, "end": 667, "text": "He could not admit that a serious man, preparing for a learned career, lethargic in his habits, could fling up his work and go to the theatre simply to meet there a girl he knew very little, who was unintelligent and utterly unintellectual.", "tag": "Curious", "color": "#F0E442"}]
[]
[]
[{"start": 0, "end": 69, "text": "After the meeting at the theatre Vorotov realised that he was in love", "tag": "Confused", "color": "#CC79A7"}, {"start": 187, "end": 241, "text": " gave full rein to his imaginations, pure and impure. ", "tag": "Confused", "color": "#CC79A7"}]
[]
[]
[]
[]
[]
[{"start": 147, "end": 266, "text": "For the first minute she felt uncomfortable, then she opened a book and began briskly and rapidly translating as usual:", "tag": "Connected", "color": "#D55E00"}]
[]
[]
