[]
[{"start": 676, "end": 696, "text": "had been to the town", "tag": "Confused", "color": "#CC79A7"}]
[{"start": 340, "end": 379, "text": "and again the school and again the road", "tag": "Other", "color": "#009E73"}]
[{"start": 93, "end": 116, "text": "had almost forgotten it", "tag": "Confused", "color": "#CC79A7"}, {"start": 696, "end": 747, "text": "nothing could be seen but the hair and the eyebrows", "tag": "Confused", "color": "#CC79A7"}]
[]
[]
[]
[]
[{"start": 312, "end": 323, "text": "four horses", "tag": "Confused", "color": "#CC79A7"}]
[]
[{"start": 12, "end": 162, "text": "a man of forty with a listless expression and a face that showed signs of wear, was beginning to look old, but was still handsome and admired by women", "tag": "Connected", "color": "#D55E00"}, {"start": 487, "end": 510, "text": "smelt of wine and scent", "tag": "Confused", "color": "#CC79A7"}]
[{"start": 0, "end": 107, "text": "\u201cI am going to visit Bakvist,\u201d he went on, addressing Marya Vassilyevna, \u201cbut I am told he is not at home.\u201d", "tag": "Confused", "color": "#CC79A7"}]
[{"start": 436, "end": 524, "text": "wondering whether the arithmetic questions at the examination would be difficult or easy", "tag": "Confused", "color": "#CC79A7"}, {"start": 616, "end": 636, "text": "How unbusiness-like!", "tag": "Confused", "color": "#CC79A7"}]
[]
[{"start": 170, "end": 205, "text": "sharp twigs struck them in the face", "tag": "Confused", "color": "#CC79A7"}]
[]
[{"start": 650, "end": 714, "text": " laughed, and apparently did not mind, and wanted no better life", "tag": "Connected", "color": "#D55E00"}, {"start": 816, "end": 840, "text": "did not know the prayers", "tag": "Confused", "color": "#CC79A7"}, {"start": 845, "end": 889, "text": "subscribed nothing to the schools but globes", "tag": "Confused", "color": "#CC79A7"}]
[]
[{"start": 444, "end": 455, "text": "He was hot.", "tag": "Confused", "color": "#CC79A7"}]
[]
[]
[{"start": 20, "end": 31, "text": "grandfather", "tag": "Confused", "color": "#CC79A7"}]
[{"start": 18, "end": 193, "text": "he looked graceful and vigorous, but yet in his walk there was something just perceptible which betrayed in him a being already touched by decay, weak, and on the road to ruin", "tag": "Confused", "color": "#CC79A7"}, {"start": 223, "end": 251, "text": "whiff of spirits in the wood", "tag": "Confused", "color": "#CC79A7"}, {"start": 494, "end": 503, "text": "His wife!", "tag": "Connected", "color": "#D55E00"}]
[{"start": 51, "end": 92, "text": "\u201cwhy God gives beauty, this graciousness,", "tag": "Confused", "color": "#CC79A7"}]
[]
[]
[{"start": 1152, "end": 1223, "text": "How awful it would have been in her position if she had fallen in love!", "tag": "Confused", "color": "#CC79A7"}]
[]
[]
[]
[]
[]
[]
[]
[]
[]
[]
[]
[]
[]
[]
[]
[]
[]
[]
[]
[]
[]
[]
[]
[]
[{"start": 22, "end": 63, "text": "Semyon did not believe the schoolmistress", "tag": "Confused", "color": "#CC79A7"}]
[]
[]
[]
[]
[]
[]
[{"start": 137, "end": 176, "text": " It\u2019s fully two miles nearer this way.\u201d", "tag": "Confused", "color": "#CC79A7"}]
[]
[]
[]
[]
[]
[]
[{"start": 14, "end": 23, "text": "goloshes ", "tag": "Confused", "color": "#CC79A7"}, {"start": 125, "end": 156, "text": "the sugar and flour had got wet", "tag": "Connected", "color": "#D55E00"}]
[]
[{"start": 103, "end": 124, "text": "stood at the crossing", "tag": "Confused", "color": "#CC79A7"}]
[]
[]
[]
[]
[]
[]
