[{"start": 128, "end": 191, "text": "after taking his degree, he began upon a piece of research work", "tag": "Confused", "color": "#CC79A7"}]
[]
[]
[]
[]
[]
[{"start": 17, "end": 56, "text": "elaborately dressed in the last fashion", "tag": "Confused", "color": "#CC79A7"}]
[]
[{"start": 664, "end": 792, "text": "a look of perplexity flitted over her face when she learnt that she was not required to teach children, but a stout grown-up man", "tag": "Confused", "color": "#CC79A7"}]
[]
[]
[{"start": 101, "end": 263, "text": "a private school and had the diploma of a private teacher, that her father had died lately of scarlet fever, that her mother was alive and made artificial flowers", "tag": "Confused", "color": "#CC79A7"}]
[{"start": 37, "end": 73, "text": "faint fragrance of a woman\u2019s clothes", "tag": "Confused", "color": "#CC79A7"}]
[]
[]
[]
[]
[{"start": 129, "end": 175, "text": "You see, I know Russian, Greek, and Latin well", "tag": "Confused", "color": "#CC79A7"}, {"start": 188, "end": 217, "text": "studied comparative philology", "tag": "Confused", "color": "#CC79A7"}]
[]
[]
[]
[]
[]
[]
[]
[]
[]
[{"start": 43, "end": 127, "text": "he spent a quarter of an hour over the word \u201cM\u00e9moires,\u201d and as much over the word de", "tag": "Confused", "color": "#CC79A7"}, {"start": 200, "end": 213, "text": "grew confused", "tag": "Confused", "color": "#CC79A7"}]
[{"start": 1, "end": 68, "text": "Her hair isn\u2019t naturally curly; she curls it. It\u2019s a strange thing!", "tag": "Confused", "color": "#CC79A7"}, {"start": 69, "end": 140, "text": "She works from morning to night, and yet she has time to curl her hair.", "tag": "Confused", "color": "#CC79A7"}]
[{"start": 161, "end": 182, "text": " disturbing fragrance", "tag": "Confused", "color": "#CC79A7"}]
[{"start": 33, "end": 96, "text": "became convinced that his teacher was a charming, conscientious", "tag": "Confused", "color": "#CC79A7"}, {"start": 139, "end": 158, "text": "very badly educated", "tag": "Confused", "color": "#CC79A7"}]
[]
[{"start": 306, "end": 345, "text": "realised how much a rouble meant to her", "tag": "Connected", "color": "#D55E00"}]
[{"start": 72, "end": 90, "text": "quavering inwardly", "tag": "Confused", "color": "#CC79A7"}]
[]
[{"start": 0, "end": 58, "text": "The lessons began again. Yorotov felt no interest in them.", "tag": "Confused", "color": "#CC79A7"}, {"start": 409, "end": 445, "text": "sniffed the fragrance of her clothes", "tag": "Confused", "color": "#CC79A7"}]
[]
[]
[]
[]
[]
[]
[]
[]
[]
[]
[]
[]
[]
[]
[{"start": 82, "end": 122, "text": "knows no French but the word \u201cM\u00e9moires,\u201d", "tag": "Confused", "color": "#CC79A7"}]
