[]
[{"start": 21, "end": 172, "text": " a lovely April sun was shining warmly, but the snow was still lying in the ditches and in the woods. Winter, dark, long, and spiteful, was hardly over", "tag": "Present", "color": "#0072B2"}, {"start": 0, "end": 116, "text": "The highroad was dry, a lovely April sun was shining warmly, but the snow was still lying in the ditches and in the ", "tag": "Connected", "color": "#D55E00"}, {"start": 0, "end": 0, "text": "", "tag": "Connected", "color": "#D55E00"}, {"start": 0, "end": 0, "text": "", "tag": "Present", "color": "#0072B2"}, {"start": 0, "end": 411, "text": "The highroad was dry, a lovely April sun was shining warmly, but the snow was still lying in the ditches and in the woods. Winter, dark, long, and spiteful, was hardly over; spring had come all of a sudden. But neither the warmth nor the languid transparent woods, warmed by the breath of spring, nor the black flocks of birds flying over the huge puddles that were like lakes, nor the marvelous fathomless sky,", "tag": "Present", "color": "#0072B2"}, {"start": 578, "end": 923, "text": "she had been schoolmistress, and there was no reckoning how many times during all those years she had been to the town for her salary; and whether it were spring as now, or a rainy autumn evening, or winter, it was all the same to her, and she always\u2014invariably\u2014longed for one thing only, to get to the end of her journey as quickly as could be.", "tag": "Connected", "color": "#D55E00"}]
[{"start": 248, "end": 383, "text": "and she could imagine no other future than the school, the road to the town and back again, and again the school and again the road....", "tag": "Connected", "color": "#D55E00"}]
[{"start": 221, "end": 309, "text": "all that life there was left in her memory only something vague and fluid like a dream. ", "tag": "Curious", "color": "#F0E442"}]
[{"start": 0, "end": 91, "text": "When they had driven a couple of miles, old Semyon, who was driving, turned round and said:", "tag": "Confused", "color": "#CC79A7"}]
[{"start": 0, "end": 76, "text": "\u201cThey have caught a government clerk in the town. They have taken him away. ", "tag": "Confused", "color": "#CC79A7"}]
[]
[]
[{"start": 43, "end": 182, "text": " Marya Vassilyevna thought of her school, of the examination that was coming soon, and of the girl and four boys she was sending up for it.", "tag": "Confused", "color": "#CC79A7"}, {"start": 259, "end": 442, "text": "eighboring landowner called Hanov in a carriage with four horses, the very man who had been examiner in her school the year before. When he came up to her he recognized her and bowed.", "tag": "Curious", "color": "#F0E442"}]
[]
[{"start": 92, "end": 162, "text": "was beginning to look old, but was still handsome and admired by women", "tag": "Present", "color": "#0072B2"}, {"start": 386, "end": 403, "text": " he drank heavily", "tag": "Present", "color": "#0072B2"}, {"start": 603, "end": 618, "text": "very attractive", "tag": "Present", "color": "#0072B2"}, {"start": 0, "end": 10, "text": "This Hanov", "tag": "Curious", "color": "#F0E442"}, {"start": 624, "end": 683, "text": "all the while she sat beside him she had felt embarrassed. ", "tag": "Connected", "color": "#D55E00"}]
[]
[{"start": 526, "end": 614, "text": "And she felt annoyed with the Zemstvo board at which she had found no one the day before", "tag": "Confused", "color": "#CC79A7"}, {"start": 290, "end": 379, "text": "snowdrift, at another through a pool, often jumping out of the cart and helping the horse", "tag": "Present", "color": "#0072B2"}, {"start": 1241, "end": 1384, "text": "the school guardian was an almost illiterate peasant, the head of a tanning business, unintelligent, rude, and a great friend of the watchman\u2019s", "tag": "Other", "color": "#009E73"}]
[{"start": 0, "end": 56, "text": "\u201cHe really is handsome,\u201d she thought, glancing at Hanov.", "tag": "Connected", "color": "#D55E00"}]
[{"start": 100, "end": 206, "text": "e wheels sank deeply in, water splashed and gurgled through them, and sharp twigs struck them in the face.", "tag": "Present", "color": "#0072B2"}]
[]
[{"start": 715, "end": 785, "text": " He was kind, soft, naive, and he did not understand this coarse life,", "tag": "Connected", "color": "#D55E00"}, {"start": 890, "end": 999, "text": " and genuinely regarded himself as a useful person and a prominent worker in the cause of popular education. ", "tag": "Connected", "color": "#D55E00"}]
[]
[{"start": 197, "end": 248, "text": " here in the winding ditches rivulets were gurgling", "tag": "Confused", "color": "#CC79A7"}, {"start": 425, "end": 453, "text": "his long overcoat. He was ho", "tag": "Present", "color": "#0072B2"}]
[]
[]
[]
[{"start": 138, "end": 193, "text": "already touched by decay, weak, and on the road to ruin", "tag": "Present", "color": "#0072B2"}, {"start": 370, "end": 503, "text": "t came into her mind that if she had been his wife or sister she would have devoted her whole life to saving him from ruin. His wife!", "tag": "Curious", "color": "#F0E442"}, {"start": 766, "end": 926, "text": "life was arranged and human relations were complicated so utterly beyond all understanding that when one thought about it one felt uncanny and one\u2019s heart sank.", "tag": "Connected", "color": "#D55E00"}]
[]
[]
[{"start": 201, "end": 290, "text": "She longed to think of beautiful eyes, of love, of the happiness which would never be....", "tag": "Curious", "color": "#F0E442"}]
[{"start": 101, "end": 189, "text": "he children came in as soon as it was light, bringing in snow and mud and making a noise", "tag": "Confused", "color": "#CC79A7"}, {"start": 1005, "end": 1223, "text": "And no one thought her attractive, and life was passing drearily, without affection, without friendly sympathy, without interesting acquaintances. How awful it would have been in her position if she had fallen in love!", "tag": "Connected", "color": "#D55E00"}]
[]
[]
[{"start": 741, "end": 751, "text": "art-horses", "tag": "Present", "color": "#0072B2"}]
[{"start": 53, "end": 319, "text": "first by a meadow, then by the backs of the village huts; but in one place the peasants would not let them pass, in another it was the priest\u2019s land and they could not cross it, in another Ivan Ionov had bought a plot from the landowner and had dug a ditch round it.", "tag": "Present", "color": "#0072B2"}]
[{"start": 0, "end": 184, "text": "They reached Nizhneye Gorodistche. Near the tavern on the dung-strewn earth, where the snow was still lying, there stood wagons that had brought great bottles of crude sulphuric acid. ", "tag": "Confused", "color": "#CC79A7"}, {"start": 195, "end": 372, "text": "a great many people in the tavern, all drivers, and there was a smell of vodka, tobacco, and sheepskins. There was a loud noise of conversation and the banging of the swing-door", "tag": "Present", "color": "#0072B2"}, {"start": 478, "end": 674, "text": " Marya Vassilyevna sat down and drank some tea, while at the next table peasants were drinking vodka and beer, perspiring from the tea they had just swallowed and the stifling fumes of the tavern.", "tag": "Present", "color": "#0072B2"}]
[]
[{"start": 0, "end": 131, "text": "A little pock-marked man with a black beard, who was quite drunk, was suddenly surprised by something and began using bad language.", "tag": "Present", "color": "#0072B2"}]
[]
[{"start": 2, "end": 53, "text": "he young lady!\u201d someone mimicked in another corner.", "tag": "Curious", "color": "#F0E442"}]
[]
[{"start": 1, "end": 142, "text": "We meant nothing...\u201d said the little man in confusion. \u201cI beg your pardon. We pay with our money and the young lady with hers. Good-morning!\u201d", "tag": "Confused", "color": "#CC79A7"}]
[]
[]
[{"start": 0, "end": 167, "text": "Marya Vassilyevna drank her tea with satisfaction, and she, too, began turning red like the peasants, and fell to thinking again about firewood, about the watchman....", "tag": "Confused", "color": "#CC79A7"}]
[]
[]
[{"start": 1, "end": 73, "text": "he swing-door was continually banging, some coming in, others going out.", "tag": "Present", "color": "#0072B2"}, {"start": 533, "end": 647, "text": " shook hands, too, at parting, and went out one after another, and the swing-door squeaked and slammed nine times.", "tag": "Present", "color": "#0072B2"}]
[{"start": 1, "end": 47, "text": "Vassilyevna, get ready,\u201d Semyon called to her.", "tag": "Curious", "color": "#F0E442"}]
[]
[]
[]
[{"start": 2, "end": 132, "text": "hey say the president put a thousand in his pocket, and the school guardian another thousand in his, and the teacher five hundred.", "tag": "Confused", "color": "#CC79A7"}]
[{"start": 2, "end": 100, "text": "he whole school only cost a thousand. It\u2019s wrong to slander people, grandfather. That\u2019s all nonsen", "tag": "Confused", "color": "#CC79A7"}]
[]
[{"start": 343, "end": 533, "text": "he guardian thought the same as the peasants, and he himself made a profit off the firewood and received payments from the peasants for being a guardian\u2014without the knowledge of the authorit", "tag": "Connected", "color": "#D55E00"}]
[]
[]
[]
[{"start": 1, "end": 33, "text": "Mind you don\u2019t drown the horse.\u201d", "tag": "Confused", "color": "#CC79A7"}]
[{"start": 1, "end": 7, "text": "What?\u201d", "tag": "Connected", "color": "#D55E00"}]
[]
[]
[]
[{"start": 46, "end": 134, "text": " tugging violently at the reins and jerking his elbows as a bird does its wings. \u201cGo on!", "tag": "Present", "color": "#0072B2"}]
[{"start": 0, "end": 103, "text": "The horse went on into the water up to his belly and stopped, but at once went on again with an effort,", "tag": "Present", "color": "#0072B2"}]
[]
[]
[]
[{"start": 0, "end": 182, "text": "Her shoes and goloshes were full of water, the lower part of her dress and of her coat and one sleeve were wet and dripping: the sugar and flour had got wet, and that was worst of al", "tag": "Present", "color": "#0072B2"}]
[]
[{"start": 215, "end": 386, "text": "and the school with the green roof, and the church with its crosses flashing in the evening sun: and the station windows flashed too, and a pink smoke rose from the engine", "tag": "Present", "color": "#0072B2"}]
[{"start": 296, "end": 407, "text": "r mother had had just such luxuriant hair, just such a brow and bend of the head. And with amazing distinctness", "tag": "Present", "color": "#0072B2"}, {"start": 260, "end": 292, "text": ". Her mother! What a resemblance", "tag": "Confused", "color": "#CC79A7"}, {"start": 785, "end": 926, "text": ". A feeling of joy and happiness suddenly came over her, she pressed her hands to her temples in an ecstacy, and called softly, beseechingly:", "tag": "Curious", "color": "#F0E442"}]
[]
[{"start": 358, "end": 496, "text": "Her father and mother had never died, she had never been a schoolmistress, it was a long, tedious, strange dream, and now she had awakened", "tag": "Confused", "color": "#CC79A7"}]
[{"start": 0, "end": 22, "text": "\u201cVassilyevna, get in!\u201d", "tag": "Confused", "color": "#CC79A7"}]
[{"start": 208, "end": 239, "text": "The signalman took off his cap.", "tag": "Confused", "color": "#CC79A7"}, {"start": 60, "end": 107, "text": "Marya Vassilyevna, shivering and numb with cold", "tag": "Present", "color": "#0072B2"}]
[{"start": 1, "end": 36, "text": "And here is Vyazovye. Here we are.\u201d", "tag": "Confused", "color": "#CC79A7"}]
