[]
[{"start": 23, "end": 129, "text": "breathing hard (although he was only twenty-six he was fat, heavy, and suffered from shortness of breath).", "tag": "Present", "color": "#0072B2"}]
[{"start": 13, "end": 60, "text": "Without languages I\u2019m like a bird without wings", "tag": "Connected", "color": "#D55E00"}]
[{"start": 3, "end": 138, "text": " he made up his mind at all costs to overcome his innate laziness, and to learn French and German; and began to look out for a teacher.", "tag": "Connected", "color": "#D55E00"}]
[]
[]
[{"start": 0, "end": 208, "text": "And a young lady elaborately dressed in the last fashion walked in. She introduced herself as a teacher of French, Alice Osipovna Enqu\u00eate, and told Vorotov that she had been sent to him by one of his friends.", "tag": "Present", "color": "#0072B2"}]
[]
[{"start": 91, "end": 516, "text": " Frenchwoman, very elegant and still quite young. Judging from her pale, languid face, her short curly hair, and her unnaturally slim waist, she might have been eighteen; but looking at her broad, well-developed shoulders, the elegant lines of her back and her severe eyes, Vorotov thought that she was not less than three-and-twenty and might be twenty-five; but then again he began to think she was not more than eighteen. ", "tag": "Present", "color": "#0072B2"}, {"start": 618, "end": 793, "text": "he did not once smile or frown, and only once a look of perplexity flitted over her face when she learnt that she was not required to teach children, but a stout grown-up man.", "tag": "Connected", "color": "#D55E00"}]
[]
[]
[]
[{"start": 15, "end": 194, "text": "eaving behind her the faint fragrance of a woman\u2019s clothes. For a long time afterwards Vorotov could not settle to work, but, sitting at the table stroking its green baize surface", "tag": "Present", "color": "#0072B2"}]
[{"start": 80, "end": 283, "text": "On the other hand, it\u2019s very unpleasant to think that poverty should not spare such elegant and pretty girls asAlice Osipovna, and that she, too, should have to struggle for existence. It\u2019s a sad thing!\u201d", "tag": "Confused", "color": "#CC79A7"}]
[{"start": 97, "end": 182, "text": "g lady with her well-developed shoulders and exaggeratedly small waist in all probabi", "tag": "Present", "color": "#0072B2"}]
[]
[]
[]
[]
[]
[{"start": 0, "end": 43, "text": "The French girl looked at him in perplexity", "tag": "Connected", "color": "#D55E00"}, {"start": 226, "end": 359, "text": "but as he was a grown-up man and very stout and she could not scold him, she only shrugged her shoulders hardly perceptibly and said:", "tag": "Connected", "color": "#D55E00"}]
[{"start": 0, "end": 16, "text": "\u201cAs you please.\u201d", "tag": "Present", "color": "#0072B2"}]
[]
[]
[]
[]
[]
[]
[{"start": 1, "end": 141, "text": "Her hair isn\u2019t naturally curly; she curls it. It\u2019s a strange thing! She works from morning to night, and yet she has time to curl her hair.\u201d", "tag": "Curious", "color": "#F0E442"}]
[{"start": 163, "end": 183, "text": "isturbing fragrance.", "tag": "Confused", "color": "#CC79A7"}, {"start": 184, "end": 259, "text": "For a long time again her pupil did nothing; he sat at the table meditating", "tag": "Confused", "color": "#CC79A7"}]
[{"start": 145, "end": 202, "text": "adly educated, and incapable of teaching grown-up people,", "tag": "Curious", "color": "#F0E442"}, {"start": 129, "end": 143, "text": "t she was very", "tag": "Curious", "color": "#F0E442"}, {"start": 251, "end": 299, "text": "o get rid of her, and to engage another teacher.", "tag": "Curious", "color": "#F0E442"}]
[]
[]
[{"start": 155, "end": 209, "text": "\u201cExcuse me, I . . . I must leave you for ten minutes.\u201d", "tag": "Confused", "color": "#CC79A7"}]
[{"start": 198, "end": 216, "text": ". And then he retu", "tag": "Connected", "color": "#D55E00"}, {"start": 217, "end": 357, "text": "ned more embarrassed than ever: it struck him that she might have interpreted his brief absence in some way of her own, and he felt awkward.", "tag": "Connected", "color": "#D55E00"}]
[{"start": 60, "end": 209, "text": "ealising that he would gain nothing from the lessons, he gave the French girl liberty to do as she liked, asking her nothing and not interrupting her", "tag": "Present", "color": "#0072B2"}, {"start": 447, "end": 731, "text": "He caught himself thinking very unsuitable thoughts, and felt ashamed, or he was moved to tenderness, and then he felt vexed and wounded that she was so cold and business-like with him, and treated him as a pupil, never smiling and seeming afraid that he might accidentally touch her.", "tag": "Connected", "color": "#D55E00"}]
[{"start": 8, "end": 244, "text": "Mdlle. Enqu\u00eate came to the lesson in a smart pink dress, slightly d\u00e9collet\u00e9, and surrounded by such a fragrance that she seemed to be wrapped in a cloud, and, if one blew upon her, ready to fly away into the air or melt away like smoke.", "tag": "Present", "color": "#0072B2"}, {"start": 318, "end": 370, "text": "as she was going straight from the lesson to a dance", "tag": "Curious", "color": "#F0E442"}]
[{"start": 0, "end": 375, "text": "He looked at her throat and the back of her bare neck, and thought he understood why Frenchwomen had the reputation of frivolous creatures easily seduced; he was carried away by this cloud of fragrance, beauty, and bare flesh, while she, unconscious of his thoughts and probably not in the least interested in them, rapidly turned over the pages and translated at full steam:", "tag": "Curious", "color": "#F0E442"}]
[{"start": 75, "end": 146, "text": "\u201cWhere are you striving to seeing your face so pale it makes me sad.\u201d\u2019\u201d", "tag": "Confused", "color": "#CC79A7"}]
[{"start": 427, "end": 667, "text": "He could not admit that a serious man, preparing for a learned career, lethargic in his habits, could fling up his work and go to the theatre simply to meet there a girl he knew very little, who was unintelligent and utterly unintellectual.", "tag": "Curious", "color": "#F0E442"}, {"start": 258, "end": 427, "text": "orotov dressed and went to the theatre himself. He went, and fancied that he was going simply for change and amusement, and that he was not thinking about Alice at all. ", "tag": "Curious", "color": "#F0E442"}]
[{"start": 240, "end": 477, "text": "And when he saw the familiar pink dress and the handsome shoulders under the tulle, his heart quivered as though with a foretaste of happiness; he smiled joyfully, and for the first time in his life experienced the sensation of jealousy.", "tag": "Present", "color": "#0072B2"}]
[{"start": 0, "end": 169, "text": "Alice was walking with two unattractive-looking students and an officer. She was laughing, talking loudly, and obviously flirting. Vorotov had never seen her like that. ", "tag": "Present", "color": "#0072B2"}, {"start": 313, "end": 582, "text": "Vorotov felt there was a terrible gulf between himself and that circle. He bowed to his teacher, but she gave him a chilly nod and walked quickly by; she evidently did not care for her friends to know that she had pupils, and that she had to give lessons to earn money.", "tag": "Curious", "color": "#F0E442"}]
[{"start": 0, "end": 487, "text": "After the meeting at the theatre Vorotov realised that he was in love. . . . During the subsequent lessons he feasted his eyes on his elegant teacher, and without struggling with himself, gave full rein to his imaginations, pure and impure. Mdlle. Enqu\u00eate\u2019s face did not cease to be cold; precisely at eight o\u2019clock every evening she said coldly, \u201cAu revoir, monsieur,\u201d and he felt she cared nothing about him, and never would care anything about him, and that his position was hopeless.", "tag": "Other", "color": "#009E73"}]
[{"start": 83, "end": 354, "text": "He inwardly composed declarations of love, remembered that Frenchwomen were frivolous and easily won, but it was enough for him to glance at the face of his teacher for his ideas to be extinguished as a candle is blown out when you bring it into the wind on the verandah.", "tag": "Connected", "color": "#D55E00"}]
[]
[{"start": 0, "end": 202, "text": "And Alice turned pale\u2014probably from dismay, reflecting that after this declaration she could not come here again and get a rouble a lesson. With a frightened look in her eyes she said in a loud whisper:", "tag": "Other", "color": "#009E73"}]
[{"start": 0, "end": 60, "text": "\u201cAch, you mustn\u2019t! Don\u2019t speak, I entreat you! You mustn\u2019t!\u201d", "tag": "Other", "color": "#009E73"}]
[{"start": 0, "end": 218, "text": "And Vorotov did not sleep all night afterwards; he was tortured by shame; he blamed himself and thought intensely. It seemed to him that he had insulted the girl by his declaration, that she would not come to him again", "tag": "Other", "color": "#009E73"}]
[]
[{"start": 1, "end": 111, "text": "\u2018Oh, young gentleman, don\u2019t tear those flowers in my garden which I want to be giving to my ill daughter. . . ", "tag": "Confused", "color": "#CC79A7"}]
[]
