[]
[{"start": 78, "end": 128, "text": "fat, heavy, and suffered from shortness of breath)", "tag": "Present", "color": "#0072B2"}]
[]
[]
[]
[]
[]
[]
[{"start": 158, "end": 793, "text": "pale, languid face, her short curly hair, and her unnaturally slim waist, she might have been eighteen; but looking at her broad, well-developed shoulders, the elegant lines of her back and her severe eyes, Vorotov thought that she was not less than three-and-twenty and might be twenty-five; but then again he began to think she was not more than eighteen. Her face looked as cold and business-like as the face of a person who has come to speak about money. She did not once smile or frown, and only once a look of perplexity flitted over her face when she learnt that she was not required to teach children, but a stout grown-up man.", "tag": "Present", "color": "#0072B2"}]
[]
[]
[{"start": 7, "end": 416, "text": "cold, business-like expression, Alice Osipovna answered that she had completed her studies at a private school and had the diploma of a private teacher, that her father had died lately of scarlet fever, that her mother was alive and made artificial flowers; that she, Mdlle. Enqu\u00eate, taught in a private school till dinnertime, and after dinner was busy till evening giving lessons in different good families.", "tag": "Present", "color": "#0072B2"}]
[{"start": 4, "end": 73, "text": "went away leaving behind her the faint fragrance of a woman\u2019s clothes", "tag": "Connected", "color": "#D55E00"}]
[{"start": 10, "end": 79, "text": " pleasant to see a girl working to earn her own living,\u201d he thought. ", "tag": "Connected", "color": "#D55E00"}]
[]
[]
[]
[{"start": 196, "end": 217, "text": "comparative philology", "tag": "Confused", "color": "#CC79A7"}]
[{"start": 6, "end": 72, "text": " explained to the French girl how grown-up people learn languages.", "tag": "Other", "color": "#009E73"}]
[]
[{"start": 45, "end": 298, "text": "Evidently the suggestion seemed to her very na\u00efve and ridiculous. If this strange proposal had been made to her by a child, she would certainly have been angry and have scolded it, but as he was a grown-up man and very stout and she could not scold him,", "tag": "Connected", "color": "#D55E00"}]
[]
[]
[]
[]
[]
[]
[{"start": 0, "end": 396, "text": "With a good-natured smile, breathing hard, he spent a quarter of an hour over the word \u201cM\u00e9moires,\u201d and as much over the word de, and this wearied the young lady. She answered his questions languidly, grew confused, and evidently did not understand her pupil well, and did not attempt to understand him. Vorotov asked her questions, and at the same time kept looking at her fair hair and thinking:", "tag": "Connected", "color": "#D55E00"}]
[{"start": 45, "end": 141, "text": ". It\u2019s a strange thing! She works from morning to night, and yet she has time to curl her hair.\u201d", "tag": "Connected", "color": "#D55E00"}]
[]
[{"start": 72, "end": 299, "text": " charming, conscientious, and precise young lady, but that she was very badly educated, and incapable of teaching grown-up people, and he made up his mind not to waste his time, to get rid of her, and to engage another teacher.", "tag": "Connected", "color": "#D55E00"}]
[]
[{"start": 105, "end": 410, "text": "her face quivered and her cold, business-like expression vanished. She coloured a little, and dropping her eyes, began nervously fingering her slender gold chain. And Vorotov, seeing her perturbation, realised how much a rouble meant to her, and how bitter it would be to her to lose what she was earning.", "tag": "Present", "color": "#0072B2"}]
[]
[{"start": 200, "end": 357, "text": "And then he returned more embarrassed than ever: it struck him that she might have interpreted his brief absence in some way of her own, and he felt awkward.", "tag": "Connected", "color": "#D55E00"}]
[{"start": 62, "end": 211, "text": "lising that he would gain nothing from the lessons, he gave the French girl liberty to do as she liked, asking her nothing and not interrupting her. ", "tag": "Connected", "color": "#D55E00"}, {"start": 553, "end": 886, "text": "then he felt vexed and wounded that she was so cold and business-like with him, and treated him as a pupil, never smiling and seeming afraid that he might accidentally touch her. He kept wondering how to inspire her with confidence and get to know her better, and to help her, to make her understand how badly she taught, poor thing.", "tag": "Connected", "color": "#D55E00"}]
[{"start": 47, "end": 371, "text": "smart pink dress, slightly d\u00e9collet\u00e9, and surrounded by such a fragrance that she seemed to be wrapped in a cloud, and, if one blew upon her, ready to fly away into the air or melt away like smoke. She apologised and said she could stay only half an hour for the lesson, as she was going straight from the lesson to a dance.", "tag": "Present", "color": "#0072B2"}]
[{"start": 4, "end": 375, "text": "ooked at her throat and the back of her bare neck, and thought he understood why Frenchwomen had the reputation of frivolous creatures easily seduced; he was carried away by this cloud of fragrance, beauty, and bare flesh, while she, unconscious of his thoughts and probably not in the least interested in them, rapidly turned over the pages and translated at full steam:", "tag": "Connected", "color": "#D55E00"}]
[]
[{"start": 427, "end": 667, "text": "He could not admit that a serious man, preparing for a learned career, lethargic in his habits, could fling up his work and go to the theatre simply to meet there a girl he knew very little, who was unintelligent and utterly unintellectual.", "tag": "Connected", "color": "#D55E00"}]
[{"start": 105, "end": 477, "text": "he raced about the corridors and foyer like a boy impatiently looking for some one, and he was disappointed when the interval was over.And when he saw the familiar pink dress and the handsome shoulders under the tulle, his heart quivered as though with a foretaste of happiness; he smiled joyfully, and for the first time in his life experienced the sensation of jealousy.", "tag": "Present", "color": "#0072B2"}]
[]
[{"start": 77, "end": 370, "text": "During the subsequent lessons he feasted his eyes on his elegant teacher, and without struggling with himself, gave full rein to his imaginations, pure and impure. Mdlle. Enqu\u00eate\u2019s face did not cease to be cold; precisely at eight o\u2019clock every evening she said coldly, \u201cAu revoir, monsieur,\u201d ", "tag": "Confused", "color": "#CC79A7"}]
[{"start": 84, "end": 354, "text": "e inwardly composed declarations of love, remembered that Frenchwomen were frivolous and easily won, but it was enough for him to glance at the face of his teacher for his ideas to be extinguished as a candle is blown out when you bring it into the wind on the verandah.", "tag": "Connected", "color": "#D55E00"}, {"start": 533, "end": 594, "text": "gasping for breath and stammering, began to declare his love:", "tag": "Connected", "color": "#D55E00"}]
[]
[]
[{"start": 1, "end": 60, "text": "Ach, you mustn\u2019t! Don\u2019t speak, I entreat you! You mustn\u2019t!\u201d", "tag": "Confused", "color": "#CC79A7"}]
[]
[]
[]
[{"start": 0, "end": 123, "text": "She still comes to this day. Four books have already been translated, but Vorotov knows no French but the word \u201cM\u00e9moires,\u201d ", "tag": "Connected", "color": "#D55E00"}, {"start": 174, "end": 255, "text": " he waves his hand, and without answering, turns the conversation to the weather.", "tag": "Other", "color": "#009E73"}]
