[]
[{"start": 123, "end": 205, "text": "Winter, dark, long, and spiteful, was hardly over; spring had come all of a sudden", "tag": "Confused", "color": "#CC79A7"}, {"start": 297, "end": 557, "text": "nor the black flocks of birds flying over the huge puddles that were like lakes, nor the marvelous fathomless sky, into which it seemed one would have gone away so joyfully, presented anything new or interesting to Marya Vassilyevna who was sitting in the cart", "tag": "Other", "color": "#009E73"}, {"start": 818, "end": 923, "text": "she always\u2014invariably\u2014longed for one thing only, to get to the end of her journey as quickly as could be.", "tag": "Connected", "color": "#D55E00"}]
[{"start": 111, "end": 379, "text": "it seemed to her that she knew every stone, every tree on the road from the town to her school. Her past was here, her present was here, and she could imagine no other future than the school, the road to the town and back again, and again the school and again the road", "tag": "Connected", "color": "#D55E00"}]
[{"start": 634, "end": 748, "text": "but it had grown dim from the dampness of the school, and now nothing could be seen but the hair and the eyebrows.", "tag": "Other", "color": "#009E73"}]
[{"start": 40, "end": 67, "text": "old Semyon, who was driving", "tag": "Confused", "color": "#CC79A7"}]
[{"start": 75, "end": 130, "text": " The story is that with some Germans he killed Alexeyev", "tag": "Confused", "color": "#CC79A7"}]
[]
[]
[]
[]
[{"start": 229, "end": 363, "text": "and people used to say of him that he did nothing at home but walk up and down the room whistling, or play chess with his old footman.", "tag": "Other", "color": "#009E73"}, {"start": 754, "end": 921, "text": "while this one did not remember a single prayer, or know what to ask questions about, and was exceedingly courteous and delicate, giving nothing but the highest marks.", "tag": "Connected", "color": "#D55E00"}]
[]
[]
[]
[]
[]
[{"start": 89, "end": 224, "text": "What could his money, his interesting appearance, his refined bearing do for him here, in this mud, in this God-forsaken, dreary place?", "tag": "Connected", "color": "#D55E00"}]
[]
[]
[]
[]
[]
[{"start": 395, "end": 504, "text": " if she had been his wife or sister she would have devoted her whole life to saving him from ruin. His wife! ", "tag": "Other", "color": "#009E73"}, {"start": 754, "end": 926, "text": "In reality, life was arranged and human relations were complicated so utterly beyond all understanding that when one thought about it one felt uncanny and one\u2019s heart sank.", "tag": "Connected", "color": "#D55E00"}]
[]
[]
[]
[{"start": 522, "end": 584, "text": "that overfed, insolent peasant\u2014for God\u2019s sake to send her wood", "tag": "Connected", "color": "#D55E00"}, {"start": 586, "end": 649, "text": "And at night she dreamed of examinations, peasants, snowdrifts.", "tag": "Other", "color": "#009E73"}]
[]
[]
[{"start": 0, "end": 164, "text": "She had become a schoolmistress from necessity, without feeling any vocation for it; and she had never thought of a vocation, of serving the cause of enlightenment;", "tag": "Connected", "color": "#D55E00"}, {"start": 805, "end": 938, "text": "the lively, nervous, impressionable people who talked about vocation and serving the idea were soon weary of it and gave up the work.", "tag": "Connected", "color": "#D55E00"}]
[{"start": 111, "end": 319, "text": "but in one place the peasants would not let them pass, in another it was the priest\u2019s land and they could not cross it, in another Ivan Ionov had bought a plot from the landowner and had dug a ditch round it.", "tag": "Other", "color": "#009E73"}]
[]
[]
[]
[]
[]
[]
[{"start": 0, "end": 55, "text": "\u201cWe meant nothing...\u201d said the little man in confusion.", "tag": "Other", "color": "#009E73"}]
[]
[]
[]
[]
[]
[{"start": 192, "end": 345, "text": "The patches of sunshine had been on the floor, then they passed to the counter, to the wall, and disappeared altogether; so by the sun it was past midday", "tag": "Present", "color": "#0072B2"}]
[]
[]
[]
[]
[]
[]
[]
[]
[]
[]
[]
[]
[]
[]
[]
[]
[]
[]
[]
[]
[]
[]
[]
[{"start": 188, "end": 451, "text": "Vyazovye was in sight now, and the school with the green roof, and the church with its crosses flashing in the evening sun: and the station windows flashed too, and a pink smoke rose from the engine... and it seemed to her that everything was trembling with cold.", "tag": "Present", "color": "#0072B2"}]
[{"start": 262, "end": 293, "text": "Her mother! What a resemblance!", "tag": "Curious", "color": "#F0E442"}]
[]
[{"start": 358, "end": 500, "text": "Her father and mother had never died, she had never been a schoolmistress, it was a long, tedious, strange dream, and now she had awakened....", "tag": "Curious", "color": "#F0E442"}]
[]
[{"start": 0, "end": 60, "text": "And at once it all vanished. The barrier was slowly raised. ", "tag": "Other", "color": "#009E73"}, {"start": 208, "end": 239, "text": "The signalman took off his cap.", "tag": "Other", "color": "#009E73"}]
[]
