[]
[{"start": 0, "end": 470, "text": "The highroad was dry, a lovely April sun was shining warmly, but the snow was still lying in the ditches and in the woods. Winter, dark, long, and spiteful, was hardly over; spring had come all of a sudden. But neither the warmth nor the languid transparent woods, warmed by the breath of spring, nor the black flocks of birds flying over the huge puddles that were like lakes, nor the marvelous fathomless sky, into which it seemed one would have gone away so joyfully,", "tag": "Present", "color": "#0072B2"}, {"start": 829, "end": 923, "text": "invariably\u2014longed for one thing only, to get to the end of her journey as quickly as could be.", "tag": "Connected", "color": "#D55E00"}]
[{"start": 0, "end": 383, "text": "She felt as though she had been living in that part of the country for ages and ages, for a hundred years, and it seemed to her that she knew every stone, every tree on the road from the town to her school. Her past was here, her present was here, and she could imagine no other future than the school, the road to the town and back again, and again the school and again the road....", "tag": "Connected", "color": "#D55E00"}]
[{"start": 0, "end": 748, "text": "She had got out of the habit of thinking of her past before she became a schoolmistress, and had almost forgotten it. She had once had a father and mother; they had lived in Moscow in a big flat near the Red Gate, but of all that life there was left in her memory only something vague and fluid like a dream. Her father had died when she was ten years old, and her mother had died soon after.... She had a brother, an officer; at first they used to write to each other, then her brother had given up answering her letters, he had got out of the way of writing. Of her old belongings, all that was left was a photograph of her mother, but it had grown dim from the dampness of the school, and now nothing could be seen but the hair and the eyebrows.", "tag": "Connected", "color": "#D55E00"}]
[]
[]
[]
[]
[{"start": 0, "end": 181, "text": "And again they were silent for a long time. Marya Vassilyevna thought of her school, of the examination that was coming soon, and of the girl and four boys she was sending up for it", "tag": "Connected", "color": "#D55E00"}]
[]
[]
[]
[]
[{"start": 0, "end": 56, "text": "\u201cHe really is handsome,\u201d she thought, glancing at Hanov.", "tag": "Connected", "color": "#D55E00"}]
[{"start": 0, "end": 206, "text": "The road grew worse and worse.... They drove into the wood. Here there was no room to turn round, the wheels sank deeply in, water splashed and gurgled through them, and sharp twigs struck them in the face.", "tag": "Present", "color": "#0072B2"}]
[]
[{"start": 0, "end": 611, "text": "The schoolmistress looked at him and could not understand why this queer man lived here. What could his money, his interesting appearance, his refined bearing do for him here, in this mud, in this God-forsaken, dreary place? He got no special advantages out of life, and here, like Semyon, was driving at a jog-trot on an appalling road and enduring the same discomforts. Why live here if one could live in Petersburg or abroad? And one would have thought it would be nothing for a rich man like him to make a good road instead of this bad one, to avoid enduring this misery and seeing the despair on the faces ", "tag": "Connected", "color": "#D55E00"}, {"start": 716, "end": 1033, "text": "He was kind, soft, naive, and he did not understand this coarse life, just as at the examination he did not know the prayers. He subscribed nothing to the schools but globes, and genuinely regarded himself as a useful person and a prominent worker in the cause of popular education. And what use were his globes here?", "tag": "Connected", "color": "#D55E00"}]
[]
[{"start": 0, "end": 455, "text": "The cart lurched violently and was on the point of upsetting; something heavy rolled on to Marya Vassilyevna\u2019s feet\u2014it was her parcel of purchases. There was a steep ascent uphill through the clay; here in the winding ditches rivulets were gurgling. The water seemed to have gnawed away the road; and how could one get along here! The horses breathed hard. Hanov got out of his carriage and walked at the side of the road in his long overcoat. He was hot.", "tag": "Present", "color": "#0072B2"}]
[]
[]
[]
[{"start": 0, "end": 253, "text": "Beside old Semyon he looked graceful and vigorous, but yet in his walk there was something just perceptible which betrayed in him a being already touched by decay, weak, and on the road to ruin. And all at once there was a whiff of spirits in the wood. ", "tag": "Present", "color": "#0072B2"}, {"start": 253, "end": 753, "text": "Marya Vassilyevna was filled with dread and pity for this man going to his ruin for no visible cause or reason, and it came into her mind that if she had been his wife or sister she would have devoted her whole life to saving him from ruin. His wife! Life was so ordered that here he was living in his great house alone, and she was living in a God-forsaken village alone, and yet for some reason the mere thought that he and she might be close to one another and equals seemed impossible and absurd.", "tag": "Curious", "color": "#F0E442"}, {"start": 754, "end": 926, "text": "In reality, life was arranged and human relations were complicated so utterly beyond all understanding that when one thought about it one felt uncanny and one\u2019s heart sank.", "tag": "Connected", "color": "#D55E00"}]
[{"start": 0, "end": 172, "text": "\u201cAnd it is beyond all understanding,\u201d she thought, \u201cwhy God gives beauty, this graciousness, and sad, sweet eyes to weak, unlucky, useless people\u2014why they are so charming.\u201d", "tag": "Connected", "color": "#D55E00"}]
[]
[{"start": 0, "end": 290, "text": "And again she thought of her pupils, of the examination, of the watchman, of the School Council; and when the wind brought the sound of the retreating carriage these thoughts were mingled with others. She longed to think of beautiful eyes, of love, of the happiness which would never be....", "tag": "Connected", "color": "#D55E00"}]
[{"start": 0, "end": 1223, "text": "His wife? It was cold in the morning, there was no one to heat the stove, the watchman disappeared; the children came in as soon as it was light, bringing in snow and mud and making a noise: it was all so inconvenient, so comfortless. Her abode consisted of one little room and the kitchen close by. Her head ached every day after her work, and after dinner she had heart-burn. She had to collect money from the school-children for wood and for the watchman, and to give it to the school guardian, and then to entreat him\u2014that overfed, insolent peasant\u2014for God\u2019s sake to send her wood. And at night she dreamed of examinations, peasants, snowdrifts. And this life was making her grow old and coarse, making her ugly, angular, and awkward, as though she were made of lead. She was always afraid, and she would get up from her seat and not venture to sit down in the presence of a member of the Zemstvo or the school guardian. And she used formal, deferential expressions when she spoke of any one of them. And no one thought her attractive, and life was passing drearily, without affection, without friendly sympathy, without interesting acquaintances. How awful it would have been in her position if she had fallen in love!", "tag": "Present", "color": "#0072B2"}]
[]
[]
[{"start": 0, "end": 938, "text": "She had become a schoolmistress from necessity, without feeling any vocation for it; and she had never thought of a vocation, of serving the cause of enlightenment; and it always seemed to her that what was most important in her work was not the children, nor enlightenment, but the examinations. And what time had she for thinking of vocation, of serving the cause of enlightenment? Teachers, badly paid doctors, and their assistants, with their terribly hard work, have not even the comfort of thinking that they are serving an idea or the people, as their heads are always stuffed with thoughts of their daily bread, of wood for the fire, of bad roads, of illnesses. It is a hard-working, an uninteresting life, and only silent, patient cart-horses like Mary Vassilyevna could put up with it for long; the lively, nervous, impressionable people who talked about vocation and serving the idea were soon weary of it and gave up the work.", "tag": "Connected", "color": "#D55E00"}]
[]
[{"start": 34, "end": 477, "text": " Near the tavern on the dung-strewn earth, where the snow was still lying, there stood wagons that had brought great bottles of crude sulphuric acid. There were a great many people in the tavern, all drivers, and there was a smell of vodka, tobacco, and sheepskins. There was a loud noise of conversation and the banging of the swing-door. Through the wall, without ceasing for a moment, came the sound of a concertina being played in the shop", "tag": "Present", "color": "#0072B2"}]
[]
[]
[]
[]
[]
[]
[]
[]
[]
[]
[]
[{"start": 1, "end": 347, "text": "he swing-door was continually banging, some coming in, others going out. Marya Vassilyevna sat on, thinking all the time of the same things, while the concertina went on playing and playing. The patches of sunshine had been on the floor, then they passed to the counter, to the wall, and disappeared altogether; so by the sun it was past midday. ", "tag": "Present", "color": "#0072B2"}]
[]
[]
[]
[]
[]
[]
[]
[{"start": 0, "end": 537, "text": "But it was clear that Semyon did not believe the schoolmistress. The peasants did not believe her. They always thought she received too large a salary, twenty-one roubles a month (five would have been enough), and that of the money that she collected from the children for the firewood and the watchman the greater part she kept for herself. The guardian thought the same as the peasants, and he himself made a profit off the firewood and received payments from the peasants for being a guardian\u2014without the knowledge of the authorities.", "tag": "Confused", "color": "#CC79A7"}]
[]
[]
[]
[]
[]
[]
[]
[{"start": 0, "end": 315, "text": "They reached the river. In the summer it was a little stream easily crossed by wading. It usually dried up in August, but now, after the spring floods, it was a river forty feet in breadth, rapid, muddy, and cold; on the bank and right up to the water there were fresh tracks of wheels, so it had been crossed here.", "tag": "Present", "color": "#0072B2"}]
[{"start": 0, "end": 0, "text": "", "tag": "Present", "color": "#0072B2"}]
[{"start": 0, "end": 169, "text": "The horse went on into the water up to his belly and stopped, but at once went on again with an effort, and Marya Vassilyevna was aware of a keen chilliness in her feet.", "tag": "Present", "color": "#0072B2"}]
[]
[]
[]
[{"start": 0, "end": 253, "text": "Her shoes and goloshes were full of water, the lower part of her dress and of her coat and one sleeve were wet and dripping: the sugar and flour had got wet, and that was worst of all, and Marya Vassilyevna could only clasp her hands in despair and say:", "tag": "Present", "color": "#0072B2"}]
[{"start": 0, "end": 53, "text": "\u201cOh, Semyon, Semyon! How tiresome you are really!...\u201d", "tag": "Connected", "color": "#D55E00"}]
[{"start": 0, "end": 46, "text": "The barrier was down at the railway crossing. ", "tag": "Present", "color": "#0072B2"}, {"start": 188, "end": 451, "text": "Vyazovye was in sight now, and the school with the green roof, and the church with its crosses flashing in the evening sun: and the station windows flashed too, and a pink smoke rose from the engine... and it seemed to her that everything was trembling with cold.", "tag": "Present", "color": "#0072B2"}]
[{"start": 0, "end": 132, "text": "Here was the train; the windows reflected the gleaming light like the crosses on the church: it made her eyes ache to look at them. ", "tag": "Present", "color": "#0072B2"}, {"start": 262, "end": 926, "text": "Her mother! What a resemblance! Her mother had had just such luxuriant hair, just such a brow and bend of the head. And with amazing distinctness, for the first time in those thirteen years, there rose before her mind a vivid picture of her mother, her father, her brother, their flat in Moscow, the aquarium with little fish, everything to the tiniest detail; she heard the sound of the piano, her father\u2019s voice; she felt as she had been then, young, good-looking, well-dressed, in a bright warm room among her own people. A feeling of joy and happiness suddenly came over her, she pressed her hands to her temples in an ecstacy, and called softly, beseechingly:", "tag": "Connected", "color": "#D55E00"}]
[{"start": 0, "end": 9, "text": "\u201cMother!\u201d", "tag": "Connected", "color": "#D55E00"}]
[{"start": 0, "end": 500, "text": "And she began crying, she did not know why. Just at that instant Hanov drove up with his team of four horses, and seeing him she imagined happiness such as she had never had, and smiled and nodded to him as an equal and a friend, and it seemed to her that her happiness, her triumph, was glowing in the sky and on all sides, in the windows and on the trees. Her father and mother had never died, she had never been a schoolmistress, it was a long, tedious, strange dream, and now she had awakened....", "tag": "Connected", "color": "#D55E00"}]
[]
[{"start": 0, "end": 239, "text": "And at once it all vanished. The barrier was slowly raised. Marya Vassilyevna, shivering and numb with cold, got into the cart. The carriage with the four horses crossed the railway line; Semyon followed it. The signalman took off his cap.", "tag": "Other", "color": "#009E73"}]
[{"start": 0, "end": 36, "text": "\u201cAnd here is Vyazovye. Here we are.\u201d", "tag": "Other", "color": "#009E73"}]
