[{"start": 0, "end": 82, "text": "For a cultivated man to be ignorant of foreign languages is a great inconvenience.", "tag": "Connected", "color": "#D55E00"}]
[{"start": 0, "end": 129, "text": "\u201cIt\u2019s awful,\u201d he said, breathing hard (although he was only twenty-six he was fat, heavy, and suffered from shortness of breath).", "tag": "Present", "color": "#0072B2"}]
[{"start": 0, "end": 61, "text": "\u201cIt\u2019s awful! Without languages I\u2019m like a bird without wings.", "tag": "Connected", "color": "#D55E00"}]
[]
[]
[]
[{"start": 4, "end": 66, "text": "a young lady elaborately dressed in the last fashion walked in", "tag": "Present", "color": "#0072B2"}]
[{"start": 0, "end": 216, "text": "\u201cDelighted! Please sit down,\u201d said Vorotov, breathing hard and putting his hand over the collar of his nightshirt (to breathe more freely he always wore a nightshirt at work instead of a stiff linen one with collar).", "tag": "Present", "color": "#0072B2"}]
[{"start": 31, "end": 793, "text": "he looked at her shyly and with curiosity. She was a genuine Frenchwoman, very elegant and still quite young. Judging from her pale, languid face, her short curly hair, and her unnaturally slim waist, she might have been eighteen; but looking at her broad, well-developed shoulders, the elegant lines of her back and her severe eyes, Vorotov thought that she was not less than three-and-twenty and might be twenty-five; but then again he began to think she was not more than eighteen. Her face looked as cold and business-like as the face of a person who has come to speak about money. She did not once smile or frown, and only once a look of perplexity flitted over her face when she learnt that she was not required to teach children, but a stout grown-up man.", "tag": "Connected", "color": "#D55E00"}]
[]
[]
[]
[{"start": 0, "end": 74, "text": "She went away leaving behind her the faint fragrance of a woman\u2019s clothes.", "tag": "Present", "color": "#0072B2"}]
[]
[{"start": 168, "end": 211, "text": "in all probability followed another calling", "tag": "Confused", "color": "#CC79A7"}]
[]
[]
[]
[]
[]
[]
[]
[{"start": 0, "end": 74, "text": "Vorotov rummaged in his bookcase and picked out a dog\u2019s-eared French book.", "tag": "Curious", "color": "#F0E442"}]
[]
[]
[]
[]
[{"start": 0, "end": 302, "text": "With a good-natured smile, breathing hard, he spent a quarter of an hour over the word \u201cM\u00e9moires,\u201d and as much over the word de, and this wearied the young lady. She answered his questions languidly, grew confused, and evidently did not understand her pupil well, and did not attempt to understand him.", "tag": "Present", "color": "#0072B2"}]
[]
[{"start": 0, "end": 183, "text": "At eight o\u2019clock precisely she got up, and saying coldly and dryly, \u201cAu revoir, monsieur,\u201d walked out of the study, leaving behind her the same tender, delicate, disturbing fragrance.", "tag": "Present", "color": "#0072B2"}]
[]
[{"start": 0, "end": 92, "text": "\u201cExcuse me, Alice Osipovna, but I ought to tell you . . . I\u2019m under painful necessity . . .\u201d", "tag": "Connected", "color": "#D55E00"}]
[{"start": 0, "end": 267, "text": "Seeing the envelope, the French girl guessed what was meant, and for the first time during their lessons her face quivered and her cold, business-like expression vanished. She coloured a little, and dropping her eyes, began nervously fingering her slender gold chain.", "tag": "Connected", "color": "#D55E00"}, {"start": 272, "end": 410, "text": "Vorotov, seeing her perturbation, realised how much a rouble meant to her, and how bitter it would be to her to lose what she was earning.", "tag": "Connected", "color": "#D55E00"}]
[]
[{"start": 0, "end": 357, "text": "And trying to appear as though he had not in the least meant to get rid of her, but only to ask her permission to leave her for a short time, he went into the next room and sat there for ten minutes. And then he returned more embarrassed than ever: it struck him that she might have interpreted his brief absence in some way of her own, and he felt awkward.", "tag": "Connected", "color": "#D55E00"}]
[{"start": 59, "end": 210, "text": "Realising that he would gain nothing from the lessons, he gave the French girl liberty to do as she liked, asking her nothing and not interrupting her.", "tag": "Curious", "color": "#F0E442"}, {"start": 211, "end": 886, "text": "She translated away as she pleased ten pages during a lesson, and he did not listen, breathed hard, and having nothing better to do, gazed at her curly head, or her soft white hands or her neck and sniffed the fragrance of her clothes. He caught himself thinking very unsuitable thoughts, and felt ashamed, or he was moved to tenderness, and then he felt vexed and wounded that she was so cold and business-like with him, and treated him as a pupil, never smiling and seeming afraid that he might accidentally touch her. He kept wondering how to inspire her with confidence and get to know her better, and to help her, to make her understand how badly she taught, poor thing.", "tag": "Connected", "color": "#D55E00"}]
[{"start": 0, "end": 244, "text": "One day Mdlle. Enqu\u00eate came to the lesson in a smart pink dress, slightly d\u00e9collet\u00e9, and surrounded by such a fragrance that she seemed to be wrapped in a cloud, and, if one blew upon her, ready to fly away into the air or melt away like smoke.", "tag": "Present", "color": "#0072B2"}]
[{"start": 0, "end": 153, "text": "He looked at her throat and the back of her bare neck, and thought he understood why Frenchwomen had the reputation of frivolous creatures easily seduced", "tag": "Present", "color": "#0072B2"}, {"start": 233, "end": 374, "text": "she, unconscious of his thoughts and probably not in the least interested in them, rapidly turned over the pages and translated at full steam", "tag": "Present", "color": "#0072B2"}, {"start": 155, "end": 225, "text": "he was carried away by this cloud of fragrance, beauty, and bare flesh", "tag": "Connected", "color": "#D55E00"}]
[]
[{"start": 257, "end": 667, "text": "Vorotov dressed and went to the theatre himself. He went, and fancied that he was going simply for change and amusement, and that he was not thinking about Alice at all. He could not admit that a serious man, preparing for a learned career, lethargic in his habits, could fling up his work and go to the theatre simply to meet there a girl he knew very little, who was unintelligent and utterly unintellectual.", "tag": "Connected", "color": "#D55E00"}]
[{"start": 0, "end": 477, "text": "Yet for some reason his heart was beating during the intervals, and without realizing what he was doing, he raced about the corridors and foyer like a boy impatiently looking for some one, and he was disappointed when the interval was over.And when he saw the familiar pink dress and the handsome shoulders under the tulle, his heart quivered as though with a foretaste of happiness; he smiled joyfully, and for the first time in his life experienced the sensation of jealousy.", "tag": "Connected", "color": "#D55E00"}]
[{"start": 0, "end": 219, "text": "Alice was walking with two unattractive-looking students and an officer. She was laughing, talking loudly, and obviously flirting. Vorotov had never seen her like that. She was evidently happy, contented, warm, sincere.", "tag": "Present", "color": "#0072B2"}, {"start": 313, "end": 384, "text": "Vorotov felt there was a terrible gulf between himself and that circle.", "tag": "Connected", "color": "#D55E00"}, {"start": 385, "end": 582, "text": "He bowed to his teacher, but she gave him a chilly nod and walked quickly by; she evidently did not care for her friends to know that she had pupils, and that she had to give lessons to earn money.", "tag": "Present", "color": "#0072B2"}]
[{"start": 0, "end": 240, "text": "After the meeting at the theatre Vorotov realised that he was in love. . . . During the subsequent lessons he feasted his eyes on his elegant teacher, and without struggling with himself, gave full rein to his imaginations, pure and impure.", "tag": "Connected", "color": "#D55E00"}]
[{"start": 0, "end": 593, "text": "Sometimes in the middle of a lesson he would begin dreaming, hoping, making plans. He inwardly composed declarations of love, remembered that Frenchwomen were frivolous and easily won, but it was enough for him to glance at the face of his teacher for his ideas to be extinguished as a candle is blown out when you bring it into the wind on the verandah. Once, overcome, forgetting himself as though in delirium, he could not restrain himself, and barred her way as she was going from the study into the entry after the lesson, and, gasping for breath and stammering, began to declare his love", "tag": "Connected", "color": "#D55E00"}]
[]
[{"start": 0, "end": 139, "text": "And Alice turned pale\u2014probably from dismay, reflecting that after this declaration she could not come here again and get a rouble a lesson.", "tag": "Curious", "color": "#F0E442"}]
[]
[{"start": 0, "end": 219, "text": "And Vorotov did not sleep all night afterwards; he was tortured by shame; he blamed himself and thought intensely. It seemed to him that he had insulted the girl by his declaration, that she would not come to him again.", "tag": "Connected", "color": "#D55E00"}]
[{"start": 0, "end": 147, "text": "He resolved to find out her address from the address bureau in the morning, and to write her a letter of apology. But Alice came without a letter. ", "tag": "Curious", "color": "#F0E442"}]
[]
[{"start": 0, "end": 255, "text": "She still comes to this day. Four books have already been translated, but Vorotov knows no French but the word \u201cM\u00e9moires,\u201d and when he is asked about his literary researches, he waves his hand, and without answering, turns the conversation to the weather.", "tag": "Other", "color": "#009E73"}]
