[]
[{"start": 207, "end": 558, "text": "But neither the warmth nor the languid transparent woods, warmed by the breath of spring, nor the black flocks of birds flying over the huge puddles that were like lakes, nor the marvelous fathomless sky, into which it seemed one would have gone away so joyfully, presented anything new or interesting to Marya Vassilyevna who was sitting in the cart.", "tag": "Confused", "color": "#CC79A7"}]
[]
[{"start": 214, "end": 392, "text": "but of all that life there was left in her memory only something vague and fluid like a dream. Her father had died when she was ten years old, and her mother had died soon after.", "tag": "Curious", "color": "#F0E442"}]
[]
[]
[]
[]
[]
[]
[]
[]
[]
[]
[{"start": 60, "end": 206, "text": "Here there was no room to turn round, the wheels sank deeply in, water splashed and gurgled through them, and sharp twigs struck them in the face.", "tag": "Curious", "color": "#F0E442"}]
[]
[{"start": 842, "end": 998, "text": "He subscribed nothing to the schools but globes, and genuinely regarded himself as a useful person and a prominent worker in the cause of popular education.", "tag": "Confused", "color": "#CC79A7"}, {"start": 999, "end": 1033, "text": "And what use were his globes here?", "tag": "Other", "color": "#009E73"}]
[]
[]
[]
[]
[]
[{"start": 71, "end": 193, "text": "there was something just perceptible which betrayed in him a being already touched by decay, weak, and on the road to ruin", "tag": "Connected", "color": "#D55E00"}]
[]
[]
[{"start": 201, "end": 290, "text": "She longed to think of beautiful eyes, of love, of the happiness which would never be....", "tag": "Connected", "color": "#D55E00"}]
[{"start": 522, "end": 585, "text": "that overfed, insolent peasant\u2014for God\u2019s sake to send her wood.", "tag": "Confused", "color": "#CC79A7"}]
[]
[]
[{"start": 670, "end": 938, "text": "It is a hard-working, an uninteresting life, and only silent, patient cart-horses like Mary Vassilyevna could put up with it for long; the lively, nervous, impressionable people who talked about vocation and serving the idea were soon weary of it and gave up the work.", "tag": "Confused", "color": "#CC79A7"}]
[]
[{"start": 13, "end": 33, "text": "Nizhneye Gorodistche", "tag": "Confused", "color": "#CC79A7"}]
[]
[]
[]
[]
[]
[]
[]
[]
[]
[]
[]
[]
[]
[]
[]
[]
[{"start": 0, "end": 133, "text": "\u201cThey say the president put a thousand in his pocket, and the school guardian another thousand in his, and the teacher five hundred.\u201d", "tag": "Confused", "color": "#CC79A7"}]
[]
[]
[]
[]
[]
[]
[]
[]
[]
[]
[]
[]
[{"start": 0, "end": 169, "text": "The horse went on into the water up to his belly and stopped, but at once went on again with an effort, and Marya Vassilyevna was aware of a keen chilliness in her feet.", "tag": "Present", "color": "#0072B2"}]
[]
[]
[{"start": 92, "end": 132, "text": "It\u2019s a perfect plague with this Zemstvo.", "tag": "Confused", "color": "#CC79A7"}]
[]
[]
[]
[{"start": 787, "end": 925, "text": "A feeling of joy and happiness suddenly came over her, she pressed her hands to her temples in an ecstacy, and called softly, beseechingly", "tag": "Connected", "color": "#D55E00"}]
[]
[{"start": 230, "end": 282, "text": "and it seemed to her that her happiness, her triumph", "tag": "Connected", "color": "#D55E00"}, {"start": 358, "end": 500, "text": "Her father and mother had never died, she had never been a schoolmistress, it was a long, tedious, strange dream, and now she had awakened....", "tag": "Confused", "color": "#CC79A7"}]
[]
[]
[{"start": 0, "end": 36, "text": "\u201cAnd here is Vyazovye. Here we are.\u201d", "tag": "Curious", "color": "#F0E442"}]
