[]
[]
[]
[]
[]
[]
[]
[{"start": 114, "end": 215, "text": "(to breathe more freely he always wore a nightshirt at work instead of a stiff linen one with collar)", "tag": "Curious", "color": "#F0E442"}]
[{"start": 31, "end": 72, "text": "he looked at her shyly and with curiosity", "tag": "Other", "color": "#009E73"}]
[]
[]
[]
[]
[]
[]
[{"start": 112, "end": 112, "text": "", "tag": "Curious", "color": "#F0E442"}, {"start": 0, "end": 0, "text": "", "tag": "Confused", "color": "#CC79A7"}]
[]
[]
[]
[]
[]
[]
[]
[]
[]
[]
[]
[]
[]
[]
[]
[]
[{"start": 172, "end": 267, "text": "She coloured a little, and dropping her eyes, began nervously fingering her slender gold chain.", "tag": "Connected", "color": "#D55E00"}]
[]
[{"start": 199, "end": 357, "text": " And then he returned more embarrassed than ever: it struck him that she might have interpreted his brief absence in some way of her own, and he felt awkward.", "tag": "Confused", "color": "#CC79A7"}]
[]
[]
[{"start": 0, "end": 153, "text": "He looked at her throat and the back of her bare neck, and thought he understood why Frenchwomen had the reputation of frivolous creatures easily seduced", "tag": "Confused", "color": "#CC79A7"}]
[]
[]
[{"start": 0, "end": 240, "text": "Yet for some reason his heart was beating during the intervals, and without realizing what he was doing, he raced about the corridors and foyer like a boy impatiently looking for some one, and he was disappointed when the interval was over.", "tag": "Connected", "color": "#D55E00"}]
[]
[]
[]
[]
[]
[]
[{"start": 0, "end": 114, "text": "And Vorotov did not sleep all night afterwards; he was tortured by shame; he blamed himself and thought intensely.", "tag": "Connected", "color": "#D55E00"}]
[]
[]
[{"start": 217, "end": 255, "text": "turns the conversation to the weather.", "tag": "Other", "color": "#009E73"}]
