[{"start": 0, "end": 83, "text": "For a cultivated man to be ignorant of foreign languages is a great inconvenience. ", "tag": "Curious", "color": "#F0E442"}]
[{"start": 38, "end": 129, "text": "(although he was only twenty-six he was fat, heavy, and suffered from shortness of breath).", "tag": "Other", "color": "#009E73"}]
[{"start": 31, "end": 61, "text": "I\u2019m like a bird without wings.", "tag": "Other", "color": "#009E73"}]
[]
[{"start": 88, "end": 122, "text": "a young lady was inquiring for him", "tag": "Curious", "color": "#F0E442"}]
[]
[{"start": 0, "end": 68, "text": "And a young lady elaborately dressed in the last fashion walked in. ", "tag": "Other", "color": "#009E73"}]
[{"start": 44, "end": 113, "text": "breathing hard and putting his hand over the collar of his nightshirt", "tag": "Present", "color": "#0072B2"}, {"start": 217, "end": 288, "text": "\u201cIt was Pyotr Sergeitch sent you? Yes, yes . . . I asked him about it. ", "tag": "Curious", "color": "#F0E442"}]
[{"start": 16, "end": 22, "text": "Mdlle.", "tag": "Confused", "color": "#CC79A7"}, {"start": 74, "end": 793, "text": "She was a genuine Frenchwoman, very elegant and still quite young. Judging from her pale, languid face, her short curly hair, and her unnaturally slim waist, she might have been eighteen; but looking at her broad, well-developed shoulders, the elegant lines of her back and her severe eyes, Vorotov thought that she was not less than three-and-twenty and might be twenty-five; but then again he began to think she was not more than eighteen. Her face looked as cold and business-like as the face of a person who has come to speak about money. She did not once smile or frown, and only once a look of perplexity flitted over her face when she learnt that she was not required to teach children, but a stout grown-up man.", "tag": "Present", "color": "#0072B2"}]
[]
[{"start": 0, "end": 240, "text": "And he asked her if she would not have some tea or coffee, whether it was a fine day, and with a good-natured smile, stroking the baize of the table, he inquired in a friendly voice who she was, where she had studied, and what she lived on.", "tag": "Present", "color": "#0072B2"}]
[{"start": 7, "end": 37, "text": "cold, business-like expression", "tag": "Present", "color": "#0072B2"}, {"start": 169, "end": 263, "text": "father had died lately of scarlet fever, that her mother was alive and made artificial flowers", "tag": "Connected", "color": "#D55E00"}, {"start": 402, "end": 406, "text": "good", "tag": "Confused", "color": "#CC79A7"}]
[{"start": 56, "end": 74, "text": "a woman\u2019s clothes.", "tag": "Confused", "color": "#CC79A7"}, {"start": 181, "end": 186, "text": "baize", "tag": "Confused", "color": "#CC79A7"}]
[{"start": 189, "end": 196, "text": "asAlice", "tag": "Confused", "color": "#CC79A7"}, {"start": 216, "end": 283, "text": "she, too, should have to struggle for existence. It\u2019s a sad thing!\u201d", "tag": "Connected", "color": "#D55E00"}]
[{"start": 187, "end": 244, "text": "followed another calling as well as giving French lessons", "tag": "Curious", "color": "#F0E442"}]
[{"start": 91, "end": 111, "text": "rosy from the frost.", "tag": "Present", "color": "#0072B2"}, {"start": 123, "end": 129, "text": "Margot", "tag": "Confused", "color": "#CC79A7"}]
[]
[]
[]
[{"start": 30, "end": 249, "text": "wanting to learn modern languages, laid before him the French, German, and Latin gospels, and read them side by side, carefully analysing each word, and would you believe it, he attained his object in less than a year. ", "tag": "Present", "color": "#0072B2"}]
[{"start": 45, "end": 359, "text": "Evidently the suggestion seemed to her very na\u00efve and ridiculous. If this strange proposal had been made to her by a child, she would certainly have been angry and have scolded it, but as he was a grown-up man and very stout and she could not scold him, she only shrugged her shoulders hardly perceptibly and said:", "tag": "Connected", "color": "#D55E00"}]
[]
[{"start": 53, "end": 55, "text": "\u2019s", "tag": "Confused", "color": "#CC79A7"}]
[]
[]
[]
[]
[{"start": 125, "end": 127, "text": "de", "tag": "Confused", "color": "#CC79A7"}]
[{"start": 1, "end": 46, "text": "Her hair isn\u2019t naturally curly; she curls it.", "tag": "Present", "color": "#0072B2"}]
[{"start": 162, "end": 172, "text": "disturbing", "tag": "Curious", "color": "#F0E442"}]
[{"start": 73, "end": 120, "text": "charming, conscientious, and precise young lady", "tag": "Connected", "color": "#D55E00"}]
[]
[{"start": 61, "end": 267, "text": "and for the first time during their lessons her face quivered and her cold, business-like expression vanished. She coloured a little, and dropping her eyes, began nervously fingering her slender gold chain.", "tag": "Present", "color": "#0072B2"}]
[{"start": 0, "end": 209, "text": "\u201cI ought to tell you,\u201d he muttered, growing more and more confused, and quavering inwardly; he hurriedly stuffed the envelope into his pocket and went on: \u201cExcuse me, I . . . I must leave you for ten minutes.\u201d", "tag": "Present", "color": "#0072B2"}]
[{"start": 0, "end": 198, "text": "And trying to appear as though he had not in the least meant to get rid of her, but only to ask her permission to leave her for a short time, he went into the next room and sat there for ten minutes", "tag": "Present", "color": "#0072B2"}, {"start": 200, "end": 357, "text": "And then he returned more embarrassed than ever: it struck him that she might have interpreted his brief absence in some way of her own, and he felt awkward.", "tag": "Connected", "color": "#D55E00"}]
[{"start": 273, "end": 446, "text": "and he did not listen, breathed hard, and having nothing better to do, gazed at her curly head, or her soft white hands or her neck and sniffed the fragrance of her clothes.", "tag": "Present", "color": "#0072B2"}, {"start": 447, "end": 731, "text": "He caught himself thinking very unsuitable thoughts, and felt ashamed, or he was moved to tenderness, and then he felt vexed and wounded that she was so cold and business-like with him, and treated him as a pupil, never smiling and seeming afraid that he might accidentally touch her.", "tag": "Curious", "color": "#F0E442"}]
[{"start": 47, "end": 243, "text": "smart pink dress, slightly d\u00e9collet\u00e9, and surrounded by such a fragrance that she seemed to be wrapped in a cloud, and, if one blew upon her, ready to fly away into the air or melt away like smoke", "tag": "Present", "color": "#0072B2"}]
[{"start": 0, "end": 55, "text": "He looked at her throat and the back of her bare neck, ", "tag": "Present", "color": "#0072B2"}, {"start": 270, "end": 314, "text": "probably not in the least interested in them", "tag": "Connected", "color": "#D55E00"}]
[{"start": 76, "end": 142, "text": "Where are you striving to seeing your face so pale it makes me sad", "tag": "Confused", "color": "#CC79A7"}]
[{"start": 427, "end": 667, "text": "He could not admit that a serious man, preparing for a learned career, lethargic in his habits, could fling up his work and go to the theatre simply to meet there a girl he knew very little, who was unintelligent and utterly unintellectual.", "tag": "Confused", "color": "#CC79A7"}]
[{"start": 239, "end": 241, "text": ".A", "tag": "Confused", "color": "#CC79A7"}, {"start": 256, "end": 322, "text": "the familiar pink dress and the handsome shoulders under the tulle", "tag": "Present", "color": "#0072B2"}]
[{"start": 0, "end": 219, "text": "Alice was walking with two unattractive-looking students and an officer. She was laughing, talking loudly, and obviously flirting. Vorotov had never seen her like that. She was evidently happy, contented, warm, sincere.", "tag": "Present", "color": "#0072B2"}, {"start": 220, "end": 234, "text": "What for? Why?", "tag": "Connected", "color": "#D55E00"}, {"start": 309, "end": 384, "text": "And Vorotov felt there was a terrible gulf between himself and that circle.", "tag": "Connected", "color": "#D55E00"}, {"start": 385, "end": 582, "text": "He bowed to his teacher, but she gave him a chilly nod and walked quickly by; she evidently did not care for her friends to know that she had pupils, and that she had to give lessons to earn money.", "tag": "Present", "color": "#0072B2"}]
[{"start": 0, "end": 76, "text": "After the meeting at the theatre Vorotov realised that he was in love. . . .", "tag": "Curious", "color": "#F0E442"}, {"start": 155, "end": 239, "text": "without struggling with himself, gave full rein to his imaginations, pure and impure", "tag": "Curious", "color": "#F0E442"}, {"start": 461, "end": 487, "text": "his position was hopeless.", "tag": "Connected", "color": "#D55E00"}]
[{"start": 262, "end": 353, "text": "to be extinguished as a candle is blown out when you bring it into the wind on the verandah", "tag": "Other", "color": "#009E73"}, {"start": 371, "end": 412, "text": "forgetting himself as though in delirium,", "tag": "Other", "color": "#009E73"}]
[]
[{"start": 0, "end": 202, "text": "And Alice turned pale\u2014probably from dismay, reflecting that after this declaration she could not come here again and get a rouble a lesson. With a frightened look in her eyes she said in a loud whisper:", "tag": "Present", "color": "#0072B2"}]
[]
[{"start": 48, "end": 72, "text": "he was tortured by shame", "tag": "Connected", "color": "#D55E00"}]
[{"start": 114, "end": 265, "text": "But Alice came without a letter. For the first minute she felt uncomfortable, then she opened a book and began briskly and rapidly translating as usual", "tag": "Present", "color": "#0072B2"}]
[]
[]
