[]
[{"start": 22, "end": 122, "text": "a lovely April sun was shining warmly, but the snow was still lying in the ditches and in the woods.", "tag": "Present", "color": "#0072B2"}, {"start": 174, "end": 206, "text": "spring had come all of a sudden.", "tag": "Present", "color": "#0072B2"}, {"start": 786, "end": 923, "text": "it was all the same to her, and she always\u2014invariably\u2014longed for one thing only, to get to the end of her journey as quickly as could be.", "tag": "Connected", "color": "#D55E00"}]
[{"start": 0, "end": 247, "text": "She felt as though she had been living in that part of the country for ages and ages, for a hundred years, and it seemed to her that she knew every stone, every tree on the road from the town to her school. Her past was here, her present was here,", "tag": "Connected", "color": "#D55E00"}]
[{"start": 214, "end": 308, "text": "but of all that life there was left in her memory only something vague and fluid like a dream.", "tag": "Other", "color": "#009E73"}, {"start": 634, "end": 748, "text": "but it had grown dim from the dampness of the school, and now nothing could be seen but the hair and the eyebrows.", "tag": "Present", "color": "#0072B2"}]
[]
[{"start": 0, "end": 154, "text": "\u201cThey have caught a government clerk in the town. They have taken him away. The story is that with some Germans he killed Alexeyev, the Mayor, in Moscow.\u201d", "tag": "Curious", "color": "#F0E442"}]
[]
[]
[{"start": 391, "end": 442, "text": "When he came up to her he recognized her and bowed.", "tag": "Curious", "color": "#F0E442"}]
[]
[{"start": 364, "end": 404, "text": "People said, too, that he drank heavily.", "tag": "Other", "color": "#009E73"}, {"start": 405, "end": 511, "text": "And indeed at the examination the year before the very papers he brought with him smelt of wine and scent.", "tag": "Other", "color": "#009E73"}, {"start": 683, "end": 801, "text": "She was accustomed to see frigid and sensible examiners at the school, while this one did not remember a single prayer", "tag": "Connected", "color": "#D55E00"}]
[{"start": 0, "end": 107, "text": "\u201cI am going to visit Bakvist,\u201d he went on, addressing Marya Vassilyevna, \u201cbut I am told he is not at home.\u201d", "tag": "Curious", "color": "#F0E442"}]
[]
[]
[{"start": 0, "end": 206, "text": "The road grew worse and worse.... They drove into the wood. Here there was no room to turn round, the wheels sank deeply in, water splashed and gurgled through them, and sharp twigs struck them in the face.", "tag": "Present", "color": "#0072B2"}]
[]
[{"start": 716, "end": 842, "text": "He was kind, soft, naive, and he did not understand this coarse life, just as at the examination he did not know the prayers. ", "tag": "Other", "color": "#009E73"}]
[]
[{"start": 198, "end": 249, "text": "here in the winding ditches rivulets were gurgling.", "tag": "Confused", "color": "#CC79A7"}]
[]
[]
[{"start": 32, "end": 63, "text": " I don\u2019t like staying at home.\u201d", "tag": "Connected", "color": "#D55E00"}]
[{"start": 0, "end": 195, "text": "Beside old Semyon he looked graceful and vigorous, but yet in his walk there was something just perceptible which betrayed in him a being already touched by decay, weak, and on the road to ruin. ", "tag": "Other", "color": "#009E73"}, {"start": 754, "end": 926, "text": "In reality, life was arranged and human relations were complicated so utterly beyond all understanding that when one thought about it one felt uncanny and one\u2019s heart sank.", "tag": "Other", "color": "#009E73"}]
[]
[]
[]
[{"start": 650, "end": 771, "text": "And this life was making her grow old and coarse, making her ugly, angular, and awkward, as though she were made of lead.", "tag": "Other", "color": "#009E73"}]
[]
[]
[{"start": 0, "end": 46, "text": "She had become a schoolmistress from necessity", "tag": "Connected", "color": "#D55E00"}]
[{"start": 230, "end": 350, "text": " in another Ivan Ionov had bought a plot from the landowner and had dug a ditch round it. They kept having to turn back.", "tag": "Other", "color": "#009E73"}]
[{"start": 184, "end": 299, "text": "There were a great many people in the tavern, all drivers, and there was a smell of vodka, tobacco, and sheepskins.", "tag": "Other", "color": "#009E73"}, {"start": 300, "end": 478, "text": "There was a loud noise of conversation and the banging of the swing-door. Through the wall, without ceasing for a moment, came the sound of a concertina being played in the shop.", "tag": "Present", "color": "#0072B2"}, {"start": 526, "end": 674, "text": "while at the next table peasants were drinking vodka and beer, perspiring from the tea they had just swallowed and the stifling fumes of the tavern.", "tag": "Other", "color": "#009E73"}]
[]
[]
[]
[]
[]
[]
[]
[]
[]
[]
[]
[{"start": 142, "end": 347, "text": "while the concertina went on playing and playing. The patches of sunshine had been on the floor, then they passed to the counter, to the wall, and disappeared altogether; so by the sun it was past midday. ", "tag": "Present", "color": "#0072B2"}]
[]
[]
[]
[]
[]
[]
[]
[]
[]
[{"start": 0, "end": 100, "text": "\u201cWhere are you driving?\u201d Marya Vassilyevna asked Semyon. \u201cTake the road to the right to the bridge.\u201d", "tag": "Curious", "color": "#F0E442"}]
[{"start": 0, "end": 66, "text": "\u201cWhy, we can go this way as well. It\u2019s not deep enough to matter.\u201d", "tag": "Curious", "color": "#F0E442"}]
[]
[]
[]
[]
[]
[]
[]
[]
[]
[]
[]
[]
[{"start": 188, "end": 390, "text": "Vyazovye was in sight now, and the school with the green roof, and the church with its crosses flashing in the evening sun: and the station windows flashed too, and a pink smoke rose from the engine... ", "tag": "Present", "color": "#0072B2"}, {"start": 390, "end": 451, "text": "and it seemed to her that everything was trembling with cold.", "tag": "Other", "color": "#009E73"}]
[]
[]
[]
[]
[]
[]
