[]
[{"start": 39, "end": 127, "text": "although he was only twenty-six he was fat, heavy, and suffered from shortness of breath", "tag": "Connected", "color": "#D55E00"}]
[]
[]
[]
[]
[]
[]
[]
[]
[]
[]
[{"start": 75, "end": 209, "text": "For a long time afterwards Vorotov could not settle to work, but, sitting at the table stroking its green baize surface, he meditated.", "tag": "Present", "color": "#0072B2"}]
[]
[]
[]
[]
[]
[]
[]
[]
[{"start": 0, "end": 16, "text": "\u201cAs you please.\u201d", "tag": "Curious", "color": "#F0E442"}]
[]
[]
[]
[]
[]
[]
[]
[{"start": 184, "end": 260, "text": "For a long time again her pupil did nothing; he sat at the table meditating.", "tag": "Curious", "color": "#F0E442"}]
[{"start": 207, "end": 299, "text": "he made up his mind not to waste his time, to get rid of her, and to engage another teacher.", "tag": "Confused", "color": "#CC79A7"}]
[]
[{"start": 305, "end": 410, "text": " realised how much a rouble meant to her, and how bitter it would be to her to lose what she was earning.", "tag": "Connected", "color": "#D55E00"}]
[]
[]
[]
[]
[]
[]
[{"start": 427, "end": 667, "text": "He could not admit that a serious man, preparing for a learned career, lethargic in his habits, could fling up his work and go to the theatre simply to meet there a girl he knew very little, who was unintelligent and utterly unintellectual.", "tag": "Connected", "color": "#D55E00"}]
[{"start": 384, "end": 477, "text": "he smiled joyfully, and for the first time in his life experienced the sensation of jealousy.", "tag": "Curious", "color": "#F0E442"}]
[]
[{"start": 0, "end": 69, "text": "After the meeting at the theatre Vorotov realised that he was in love", "tag": "Curious", "color": "#F0E442"}]
[]
[{"start": 0, "end": 60, "text": "\u201cYou are dear to me! I . . . I love you! Allow me to speak.\u201d", "tag": "Curious", "color": "#F0E442"}]
[]
[{"start": 0, "end": 60, "text": "\u201cAch, you mustn\u2019t! Don\u2019t speak, I entreat you! You mustn\u2019t!\u201d", "tag": "Confused", "color": "#CC79A7"}]
[]
[]
[{"start": 23, "end": 114, "text": "don\u2019t tear those flowers in my garden which I want to be giving to my ill daughter. . . .\u2019\u201d", "tag": "Confused", "color": "#CC79A7"}]
[]
