[{"start": 0, "end": 192, "text": "For a cultivated man to be ignorant of foreign languages is a great inconvenience. Vorotov became acutely conscious of it when, after taking his degree, he began upon a piece of research work.", "tag": "Connected", "color": "#D55E00"}]
[{"start": 0, "end": 129, "text": "\u201cIt\u2019s awful,\u201d he said, breathing hard (although he was only twenty-six he was fat, heavy, and suffered from shortness of breath).", "tag": "Connected", "color": "#D55E00"}]
[{"start": 0, "end": 101, "text": "\u201cIt\u2019s awful! Without languages I\u2019m like a bird without wings. I might just as well give up the work.\u201d", "tag": "Present", "color": "#0072B2"}]
[]
[{"start": 0, "end": 122, "text": "One winter noon, as Vorotov was sitting in his study at work, the servant told him that a young lady was inquiring for him", "tag": "Present", "color": "#0072B2"}]
[]
[{"start": 0, "end": 208, "text": "And a young lady elaborately dressed in the last fashion walked in. She introduced herself as a teacher of French, Alice Osipovna Enqu\u00eate, and told Vorotov that she had been sent to him by one of his friends.", "tag": "Present", "color": "#0072B2"}]
[]
[{"start": 0, "end": 793, "text": "As he talked to Mdlle. Enqu\u00eate he looked at her shyly and with curiosity. She was a genuine Frenchwoman, very elegant and still quite young. Judging from her pale, languid face, her short curly hair, and her unnaturally slim waist, she might have been eighteen; but looking at her broad, well-developed shoulders, the elegant lines of her back and her severe eyes, Vorotov thought that she was not less than three-and-twenty and might be twenty-five; but then again he began to think she was not more than eighteen. Her face looked as cold and business-like as the face of a person who has come to speak about money. She did not once smile or frown, and only once a look of perplexity flitted over her face when she learnt that she was not required to teach children, but a stout grown-up man.", "tag": "Present", "color": "#0072B2"}]
[]
[{"start": 1, "end": 240, "text": "nd he asked her if she would not have some tea or coffee, whether it was a fine day, and with a good-natured smile, stroking the baize of the table, he inquired in a friendly voice who she was, where she had studied, and what she lived on.", "tag": "Curious", "color": "#F0E442"}, {"start": 0, "end": 2, "text": "An", "tag": "Curious", "color": "#F0E442"}]
[{"start": 0, "end": 416, "text": "With a cold, business-like expression, Alice Osipovna answered that she had completed her studies at a private school and had the diploma of a private teacher, that her father had died lately of scarlet fever, that her mother was alive and made artificial flowers; that she, Mdlle. Enqu\u00eate, taught in a private school till dinnertime, and after dinner was busy till evening giving lessons in different good families.", "tag": "Present", "color": "#0072B2"}]
[]
[]
[]
[]
[{"start": 1, "end": 89, "text": "French grammar has twenty-six letters. The first letter is called A, the second B . . .\u201d", "tag": "Curious", "color": "#F0E442"}]
[{"start": 0, "end": 294, "text": "\u201cExcuse me,\u201d Vorotov interrupted, smiling. \u201cI must warn you, mademoiselle, that you must change your method a little in my case. You see, I know Russian, Greek, and Latin well. . . . I\u2019ve studied comparative philology, and I think we might omit Margot and pass straight to reading some author.\u201d", "tag": "Curious", "color": "#F0E442"}]
[]
[{"start": 0, "end": 306, "text": "\u201cA friend of mine,\u201d he said, \u201cwanting to learn modern languages, laid before him the French, German, and Latin gospels, and read them side by side, carefully analysing each word, and would you believe it, he attained his object in less than a year. Let us do the same. We\u2019ll take some author and read him.\u201d", "tag": "Curious", "color": "#F0E442"}]
[{"start": 0, "end": 359, "text": "The French girl looked at him in perplexity. Evidently the suggestion seemed to her very na\u00efve and ridiculous. If this strange proposal had been made to her by a child, she would certainly have been angry and have scolded it, but as he was a grown-up man and very stout and she could not scold him, she only shrugged her shoulders hardly perceptibly and said:", "tag": "Curious", "color": "#F0E442"}]
[]
[{"start": 0, "end": 74, "text": "Vorotov rummaged in his bookcase and picked out a dog\u2019s-eared French book.", "tag": "Present", "color": "#0072B2"}]
[]
[]
[]
[]
[{"start": 100, "end": 128, "text": "nd as much over the word de,", "tag": "Confused", "color": "#CC79A7"}]
[{"start": 0, "end": 141, "text": "\u201cHer hair isn\u2019t naturally curly; she curls it. It\u2019s a strange thing! She works from morning to night, and yet she has time to curl her hair.\u201d", "tag": "Present", "color": "#0072B2"}]
[]
[{"start": 0, "end": 443, "text": "During the days that followed he became convinced that his teacher was a charming, conscientious, and precise young lady, but that she was very badly educated, and incapable of teaching grown-up people, and he made up his mind not to waste his time, to get rid of her, and to engage another teacher. When she came the seventh time he took out of his pocket an envelope with seven roubles in it, and holding it in his hand, became very confused", "tag": "Curious", "color": "#F0E442"}]
[]
[]
[{"start": 0, "end": 209, "text": "\u201cI ought to tell you,\u201d he muttered, growing more and more confused, and quavering inwardly; he hurriedly stuffed the envelope into his pocket and went on: \u201cExcuse me, I . . . I must leave you for ten minutes.\u201d", "tag": "Curious", "color": "#F0E442"}]
[]
[{"start": 0, "end": 886, "text": "The lessons began again. Yorotov felt no interest in them. Realising that he would gain nothing from the lessons, he gave the French girl liberty to do as she liked, asking her nothing and not interrupting her. She translated away as she pleased ten pages during a lesson, and he did not listen, breathed hard, and having nothing better to do, gazed at her curly head, or her soft white hands or her neck and sniffed the fragrance of her clothes. He caught himself thinking very unsuitable thoughts, and felt ashamed, or he was moved to tenderness, and then he felt vexed and wounded that she was so cold and business-like with him, and treated him as a pupil, never smiling and seeming afraid that he might accidentally touch her. He kept wondering how to inspire her with confidence and get to know her better, and to help her, to make her understand how badly she taught, poor thing.", "tag": "Present", "color": "#0072B2"}]
[{"start": 0, "end": 63, "text": "One day Mdlle. Enqu\u00eate came to the lesson in a smart pink dress", "tag": "Present", "color": "#0072B2"}, {"start": 245, "end": 371, "text": "She apologised and said she could stay only half an hour for the lesson, as she was going straight from the lesson to a dance.", "tag": "Present", "color": "#0072B2"}]
[{"start": 287, "end": 375, "text": "he least interested in them, rapidly turned over the pages and translated at full steam:", "tag": "Confused", "color": "#CC79A7"}]
[{"start": 0, "end": 146, "text": "\u201c\u2018He was walking the street and meeting a gentleman his friend and saying, \u201cWhere are you striving to seeing your face so pale it makes me sad.\u201d\u2019\u201d", "tag": "Confused", "color": "#CC79A7"}]
[{"start": 0, "end": 667, "text": "The \u201cM\u00e9moires\u201d had long been finished, and now Alice was translating some other book. One day she came an hour too early for the lesson, apologizing and saying that she wanted to leave at seven and go to the Little Theatre. Seeing her out after the lesson, Vorotov dressed and went to the theatre himself. He went, and fancied that he was going simply for change and amusement, and that he was not thinking about Alice at all. He could not admit that a serious man, preparing for a learned career, lethargic in his habits, could fling up his work and go to the theatre simply to meet there a girl he knew very little, who was unintelligent and utterly unintellectual.", "tag": "Curious", "color": "#F0E442"}]
[{"start": 0, "end": 477, "text": "Yet for some reason his heart was beating during the intervals, and without realizing what he was doing, he raced about the corridors and foyer like a boy impatiently looking for some one, and he was disappointed when the interval was over.And when he saw the familiar pink dress and the handsome shoulders under the tulle, his heart quivered as though with a foretaste of happiness; he smiled joyfully, and for the first time in his life experienced the sensation of jealousy.", "tag": "Curious", "color": "#F0E442"}]
[{"start": 0, "end": 582, "text": "Alice was walking with two unattractive-looking students and an officer. She was laughing, talking loudly, and obviously flirting. Vorotov had never seen her like that. She was evidently happy, contented, warm, sincere. What for? Why? Perhaps because these men were her friends and belonged to her own circle.And Vorotov felt there was a terrible gulf between himself and that circle. He bowed to his teacher, but she gave him a chilly nod and walked quickly by; she evidently did not care for her friends to know that she had pupils, and that she had to give lessons to earn money.", "tag": "Curious", "color": "#F0E442"}]
[{"start": 447, "end": 487, "text": "him, and that his position was hopeless.", "tag": "Confused", "color": "#CC79A7"}]
[{"start": 0, "end": 0, "text": "", "tag": "Connected", "color": "#D55E00"}, {"start": 0, "end": 0, "text": "", "tag": "Connected", "color": "#D55E00"}]
[{"start": 1, "end": 60, "text": "You are dear to me! I . . . I love you! Allow me to speak.\u201d", "tag": "Curious", "color": "#F0E442"}]
[{"start": 0, "end": 202, "text": "And Alice turned pale\u2014probably from dismay, reflecting that after this declaration she could not come here again and get a rouble a lesson. With a frightened look in her eyes she said in a loud whisper:", "tag": "Other", "color": "#009E73"}]
[{"start": 0, "end": 60, "text": "\u201cAch, you mustn\u2019t! Don\u2019t speak, I entreat you! You mustn\u2019t!\u201d", "tag": "Present", "color": "#0072B2"}]
[{"start": 0, "end": 219, "text": "And Vorotov did not sleep all night afterwards; he was tortured by shame; he blamed himself and thought intensely. It seemed to him that he had insulted the girl by his declaration, that she would not come to him again.", "tag": "Present", "color": "#0072B2"}]
[{"start": 0, "end": 147, "text": "He resolved to find out her address from the address bureau in the morning, and to write her a letter of apology. But Alice came without a letter. ", "tag": "Confused", "color": "#CC79A7"}]
[{"start": 0, "end": 114, "text": "\u201c\u2018Oh, young gentleman, don\u2019t tear those flowers in my garden which I want to be giving to my ill daughter. . . .\u2019\u201d", "tag": "Confused", "color": "#CC79A7"}]
[{"start": 0, "end": 255, "text": "She still comes to this day. Four books have already been translated, but Vorotov knows no French but the word \u201cM\u00e9moires,\u201d and when he is asked about his literary researches, he waves his hand, and without answering, turns the conversation to the weather.", "tag": "Curious", "color": "#F0E442"}]
