[]
[]
[]
[{"start": 119, "end": 307, "text": "he had once had a father and mother; they had lived in Moscow in a big flat near the Red Gate, but of all that life there was left in her memory only something vague and fluid like a dream", "tag": "Connected", "color": "#D55E00"}, {"start": 396, "end": 561, "text": "She had a brother, an officer; at first they used to write to each other, then her brother had given up answering her letters, he had got out of the way of writing. ", "tag": "Connected", "color": "#D55E00"}, {"start": 0, "end": 748, "text": "She had got out of the habit of thinking of her past before she became a schoolmistress, and had almost forgotten it. She had once had a father and mother; they had lived in Moscow in a big flat near the Red Gate, but of all that life there was left in her memory only something vague and fluid like a dream. Her father had died when she was ten years old, and her mother had died soon after.... She had a brother, an officer; at first they used to write to each other, then her brother had given up answering her letters, he had got out of the way of writing. Of her old belongings, all that was left was a photograph of her mother, but it had grown dim from the dampness of the school, and now nothing could be seen but the hair and the eyebrows.", "tag": "Connected", "color": "#D55E00"}]
[]
[]
[]
[]
[]
[]
[{"start": 164, "end": 362, "text": "He lived in his big homestead alone, and was not in the service; and people used to say of him that he did nothing at home but walk up and down the room whistling, or play chess with his old footman", "tag": "Curious", "color": "#F0E442"}, {"start": 1, "end": 0, "text": "", "tag": "Present", "color": "#0072B2"}, {"start": 364, "end": 510, "text": "People said, too, that he drank heavily. And indeed at the examination the year before the very papers he brought with him smelt of wine and scent", "tag": "Curious", "color": "#F0E442"}]
[]
[{"start": 0, "end": 381, "text": "They turned off the highroad into a by-road to the village, Hanov leading the way and Semyon following. The four horses moved at a walking pace, with effort dragging the heavy carriage through the mud. Semyon tacked from side to side, keeping to the edge of the road, at one time through a snowdrift, at another through a pool, often jumping out of the cart and helping the horse. ", "tag": "Present", "color": "#0072B2"}, {"start": 637, "end": 1164, "text": "Here she had been asking them for the last two years to dismiss the watchman, who did nothing, was rude to her, and hit the schoolboys; but no one paid any attention. It was hard to find the president at the office, and when one did find him he would say with tears in his eyes that he hadn\u2019t a moment to spare; the inspector visited the school at most once in three years, and knew nothing whatever about his work, as he had been in the Excise Duties Department, and had received the post of school inspector through influence", "tag": "Curious", "color": "#F0E442"}]
[]
[{"start": 0, "end": 206, "text": "The road grew worse and worse.... They drove into the wood. Here there was no room to turn round, the wheels sank deeply in, water splashed and gurgled through them, and sharp twigs struck them in the face.", "tag": "Present", "color": "#0072B2"}]
[]
[{"start": 639, "end": 714, "text": "but he only laughed, and apparently did not mind, and wanted no better life", "tag": "Curious", "color": "#F0E442"}, {"start": 998, "end": 1033, "text": " And what use were his globes here?", "tag": "Confused", "color": "#CC79A7"}, {"start": 90, "end": 225, "text": "hat could his money, his interesting appearance, his refined bearing do for him here, in this mud, in this God-forsaken, dreary place? ", "tag": "Curious", "color": "#F0E442"}]
[]
[{"start": 331, "end": 357, "text": "The horses breathed hard. ", "tag": "Present", "color": "#0072B2"}]
[]
[]
[{"start": 0, "end": 63, "text": "\u201cI am dull at home, grandfather. I don\u2019t like staying at home.\u201d", "tag": "Connected", "color": "#D55E00"}]
[{"start": 70, "end": 193, "text": " there was something just perceptible which betrayed in him a being already touched by decay, weak, and on the road to ruin", "tag": "Curious", "color": "#F0E442"}, {"start": 396, "end": 494, "text": "if she had been his wife or sister she would have devoted her whole life to saving him from ruin. ", "tag": "Curious", "color": "#F0E442"}, {"start": 667, "end": 925, "text": "that he and she might be close to one another and equals seemed impossible and absurd. In reality, life was arranged and human relations were complicated so utterly beyond all understanding that when one thought about it one felt uncanny and one\u2019s heart sank", "tag": "Connected", "color": "#D55E00"}]
[{"start": 51, "end": 172, "text": "\u201cwhy God gives beauty, this graciousness, and sad, sweet eyes to weak, unlucky, useless people\u2014why they are so charming.\u201d", "tag": "Connected", "color": "#D55E00"}]
[]
[{"start": 201, "end": 289, "text": "She longed to think of beautiful eyes, of love, of the happiness which would never be...", "tag": "Connected", "color": "#D55E00"}]
[{"start": 191, "end": 299, "text": "it was all so inconvenient, so comfortless. Her abode consisted of one little room and the kitchen close by.", "tag": "Present", "color": "#0072B2"}, {"start": 1005, "end": 1223, "text": "And no one thought her attractive, and life was passing drearily, without affection, without friendly sympathy, without interesting acquaintances. How awful it would have been in her position if she had fallen in love!", "tag": "Connected", "color": "#D55E00"}]
[]
[]
[{"start": 0, "end": 84, "text": "She had become a schoolmistress from necessity, without feeling any vocation for it;", "tag": "Curious", "color": "#F0E442"}, {"start": 168, "end": 295, "text": " it always seemed to her that what was most important in her work was not the children, nor enlightenment, but the examinations", "tag": "Curious", "color": "#F0E442"}]
[{"start": 0, "end": 350, "text": "Semyon kept picking out the driest and shortest way, first by a meadow, then by the backs of the village huts; but in one place the peasants would not let them pass, in another it was the priest\u2019s land and they could not cross it, in another Ivan Ionov had bought a plot from the landowner and had dug a ditch round it. They kept having to turn back.", "tag": "Confused", "color": "#CC79A7"}]
[{"start": 184, "end": 300, "text": "There were a great many people in the tavern, all drivers, and there was a smell of vodka, tobacco, and sheepskins. ", "tag": "Present", "color": "#0072B2"}, {"start": 300, "end": 374, "text": "There was a loud noise of conversation and the banging of the swing-door. ", "tag": "Present", "color": "#0072B2"}, {"start": 479, "end": 673, "text": "Marya Vassilyevna sat down and drank some tea, while at the next table peasants were drinking vodka and beer, perspiring from the tea they had just swallowed and the stifling fumes of the tavern", "tag": "Present", "color": "#0072B2"}]
[]
[]
[]
[]
[]
[]
[]
[]
[{"start": 0, "end": 167, "text": "Marya Vassilyevna drank her tea with satisfaction, and she, too, began turning red like the peasants, and fell to thinking again about firewood, about the watchman....", "tag": "Curious", "color": "#F0E442"}]
[]
[]
[]
[]
[]
[]
[]
[]
[]
[]
[{"start": 66, "end": 209, "text": "he peasants did not believe her. They always thought she received too large a salary, twenty-one roubles a month (five would have been enough),", "tag": "Curious", "color": "#F0E442"}]
[{"start": 0, "end": 136, "text": "The forest, thank God! was behind them, and now it would be flat, open ground all the way to Vyazovye, and there was not far to go now. ", "tag": "Confused", "color": "#CC79A7"}]
[]
[]
[]
[]
[]
[]
[]
[{"start": 0, "end": 127, "text": "\u201cGo on!\u201d shouted Semyon angrily and anxiously, tugging violently at the reins and jerking his elbows as a bird does its wings. ", "tag": "Present", "color": "#0072B2"}]
[]
[]
[]
[]
[]
[]
[{"start": 219, "end": 451, "text": "the school with the green roof, and the church with its crosses flashing in the evening sun: and the station windows flashed too, and a pink smoke rose from the engine... and it seemed to her that everything was trembling with cold.", "tag": "Present", "color": "#0072B2"}]
[{"start": 214, "end": 376, "text": "Marya Vassilyevna glanced at her as she passed. Her mother! What a resemblance! Her mother had had just such luxuriant hair, just such a brow and bend of the head", "tag": "Present", "color": "#0072B2"}, {"start": 410, "end": 785, "text": "or the first time in those thirteen years, there rose before her mind a vivid picture of her mother, her father, her brother, their flat in Moscow, the aquarium with little fish, everything to the tiniest detail; she heard the sound of the piano, her father\u2019s voice; she felt as she had been then, young, good-looking, well-dressed, in a bright warm room among her own people", "tag": "Present", "color": "#0072B2"}, {"start": 0, "end": 0, "text": "", "tag": "Curious", "color": "#F0E442"}]
[]
[{"start": 0, "end": 44, "text": "And she began crying, she did not know why. ", "tag": "Connected", "color": "#D55E00"}, {"start": 114, "end": 356, "text": "seeing him she imagined happiness such as she had never had, and smiled and nodded to him as an equal and a friend, and it seemed to her that her happiness, her triumph, was glowing in the sky and on all sides, in the windows and on the trees", "tag": "Curious", "color": "#F0E442"}, {"start": 358, "end": 500, "text": "Her father and mother had never died, she had never been a schoolmistress, it was a long, tedious, strange dream, and now she had awakened....", "tag": "Connected", "color": "#D55E00"}]
[]
[]
[]
