[{"start": 0, "end": 83, "text": "For a cultivated man to be ignorant of foreign languages is a great inconvenience. ", "tag": "Curious", "color": "#F0E442"}]
[]
[{"start": 0, "end": 101, "text": "\u201cIt\u2019s awful! Without languages I\u2019m like a bird without wings. I might just as well give up the work.\u201d", "tag": "Connected", "color": "#D55E00"}]
[]
[]
[]
[]
[]
[{"start": 0, "end": 72, "text": "As he talked to Mdlle. Enqu\u00eate he looked at her shyly and with curiosity", "tag": "Present", "color": "#0072B2"}, {"start": 74, "end": 365, "text": "She was a genuine Frenchwoman, very elegant and still quite young. Judging from her pale, languid face, her short curly hair, and her unnaturally slim waist, she might have been eighteen; but looking at her broad, well-developed shoulders, the elegant lines of her back and her severe eyes, ", "tag": "Present", "color": "#0072B2"}, {"start": 617, "end": 793, "text": "She did not once smile or frown, and only once a look of perplexity flitted over her face when she learnt that she was not required to teach children, but a stout grown-up man.", "tag": "Curious", "color": "#F0E442"}]
[]
[]
[{"start": 37, "end": 333, "text": ", Alice Osipovna answered that she had completed her studies at a private school and had the diploma of a private teacher, that her father had died lately of scarlet fever, that her mother was alive and made artificial flowers; that she, Mdlle. Enqu\u00eate, taught in a private school till dinnertime", "tag": "Present", "color": "#0072B2"}]
[]
[{"start": 0, "end": 0, "text": "", "tag": "Confused", "color": "#CC79A7"}, {"start": 0, "end": 283, "text": "\u201cIt\u2019s very pleasant to see a girl working to earn her own living,\u201d he thought. \u201cOn the other hand, it\u2019s very unpleasant to think that poverty should not spare such elegant and pretty girls asAlice Osipovna, and that she, too, should have to struggle for existence. It\u2019s a sad thing!\u201d", "tag": "Confused", "color": "#CC79A7"}]
[{"start": 46, "end": 187, "text": " he reflected also that this elegantly dressed young lady with her well-developed shoulders and exaggeratedly small waist in all probability ", "tag": "Present", "color": "#0072B2"}]
[]
[]
[]
[]
[]
[{"start": 45, "end": 109, "text": "Evidently the suggestion seemed to her very na\u00efve and ridiculous", "tag": "Curious", "color": "#F0E442"}, {"start": 111, "end": 169, "text": "If this strange proposal had been made to her by a child, ", "tag": "Curious", "color": "#F0E442"}]
[]
[]
[]
[]
[]
[]
[{"start": 162, "end": 302, "text": "She answered his questions languidly, grew confused, and evidently did not understand her pupil well, and did not attempt to understand him.", "tag": "Present", "color": "#0072B2"}]
[]
[{"start": 0, "end": 182, "text": "At eight o\u2019clock precisely she got up, and saying coldly and dryly, \u201cAu revoir, monsieur,\u201d walked out of the study, leaving behind her the same tender, delicate, disturbing fragrance", "tag": "Present", "color": "#0072B2"}]
[{"start": 33, "end": 201, "text": "became convinced that his teacher was a charming, conscientious, and precise young lady, but that she was very badly educated, and incapable of teaching grown-up people", "tag": "Curious", "color": "#F0E442"}]
[]
[{"start": 105, "end": 268, "text": "her face quivered and her cold, business-like expression vanished. She coloured a little, and dropping her eyes, began nervously fingering her slender gold chain. ", "tag": "Present", "color": "#0072B2"}, {"start": 0, "end": 0, "text": "", "tag": "Present", "color": "#0072B2"}]
[]
[{"start": 249, "end": 357, "text": "it struck him that she might have interpreted his brief absence in some way of her own, and he felt awkward.", "tag": "Present", "color": "#0072B2"}]
[{"start": 0, "end": 114, "text": "The lessons began again. Yorotov felt no interest in them. Realising that he would gain nothing from the lessons, ", "tag": "Connected", "color": "#D55E00"}, {"start": 314, "end": 446, "text": " having nothing better to do, gazed at her curly head, or her soft white hands or her neck and sniffed the fragrance of her clothes.", "tag": "Present", "color": "#0072B2"}, {"start": 447, "end": 731, "text": "He caught himself thinking very unsuitable thoughts, and felt ashamed, or he was moved to tenderness, and then he felt vexed and wounded that she was so cold and business-like with him, and treated him as a pupil, never smiling and seeming afraid that he might accidentally touch her.", "tag": "Curious", "color": "#F0E442"}, {"start": 732, "end": 812, "text": "He kept wondering how to inspire her with confidence and get to know her better,", "tag": "Connected", "color": "#D55E00"}]
[{"start": 15, "end": 160, "text": "Enqu\u00eate came to the lesson in a smart pink dress, slightly d\u00e9collet\u00e9, and surrounded by such a fragrance that she seemed to be wrapped in a cloud", "tag": "Present", "color": "#0072B2"}]
[{"start": 67, "end": 154, "text": "he understood why Frenchwomen had the reputation of frivolous creatures easily seduced;", "tag": "Curious", "color": "#F0E442"}, {"start": 270, "end": 314, "text": "probably not in the least interested in them", "tag": "Connected", "color": "#D55E00"}]
[]
[{"start": 223, "end": 306, "text": " Seeing her out after the lesson, Vorotov dressed and went to the theatre himself. ", "tag": "Curious", "color": "#F0E442"}, {"start": 333, "end": 425, "text": "e was going simply for change and amusement, and that he was not thinking about Alice at all", "tag": "Present", "color": "#0072B2"}, {"start": 523, "end": 667, "text": "could fling up his work and go to the theatre simply to meet there a girl he knew very little, who was unintelligent and utterly unintellectual.", "tag": "Connected", "color": "#D55E00"}]
[{"start": 240, "end": 477, "text": "And when he saw the familiar pink dress and the handsome shoulders under the tulle, his heart quivered as though with a foretaste of happiness; he smiled joyfully, and for the first time in his life experienced the sensation of jealousy.", "tag": "Present", "color": "#0072B2"}]
[{"start": 0, "end": 71, "text": "Alice was walking with two unattractive-looking students and an officer", "tag": "Present", "color": "#0072B2"}, {"start": 169, "end": 229, "text": "She was evidently happy, contented, warm, sincere. What for?", "tag": "Present", "color": "#0072B2"}, {"start": 309, "end": 384, "text": "And Vorotov felt there was a terrible gulf between himself and that circle.", "tag": "Connected", "color": "#D55E00"}, {"start": 463, "end": 581, "text": "she evidently did not care for her friends to know that she had pupils, and that she had to give lessons to earn money", "tag": "Connected", "color": "#D55E00"}]
[{"start": 0, "end": 69, "text": "After the meeting at the theatre Vorotov realised that he was in love", "tag": "Connected", "color": "#D55E00"}, {"start": 77, "end": 241, "text": "During the subsequent lessons he feasted his eyes on his elegant teacher, and without struggling with himself, gave full rein to his imaginations, pure and impure. ", "tag": "Present", "color": "#0072B2"}, {"start": 374, "end": 487, "text": "he felt she cared nothing about him, and never would care anything about him, and that his position was hopeless.", "tag": "Connected", "color": "#D55E00"}]
[{"start": 0, "end": 83, "text": "Sometimes in the middle of a lesson he would begin dreaming, hoping, making plans. ", "tag": "Curious", "color": "#F0E442"}, {"start": 189, "end": 354, "text": "it was enough for him to glance at the face of his teacher for his ideas to be extinguished as a candle is blown out when you bring it into the wind on the verandah.", "tag": "Present", "color": "#0072B2"}, {"start": 448, "end": 594, "text": "barred her way as she was going from the study into the entry after the lesson, and, gasping for breath and stammering, began to declare his love:", "tag": "Present", "color": "#0072B2"}]
[{"start": 1, "end": 60, "text": "You are dear to me! I . . . I love you! Allow me to speak.\u201d", "tag": "Present", "color": "#0072B2"}]
[{"start": 0, "end": 42, "text": "And Alice turned pale\u2014probably from dismay", "tag": "Present", "color": "#0072B2"}, {"start": 44, "end": 138, "text": "reflecting that after this declaration she could not come here again and get a rouble a lesson", "tag": "Connected", "color": "#D55E00"}]
[{"start": 7, "end": 60, "text": "ou mustn\u2019t! Don\u2019t speak, I entreat you! You mustn\u2019t!\u201d", "tag": "Present", "color": "#0072B2"}]
[{"start": 0, "end": 46, "text": "And Vorotov did not sleep all night afterwards", "tag": "Connected", "color": "#D55E00"}]
[{"start": 147, "end": 266, "text": "For the first minute she felt uncomfortable, then she opened a book and began briskly and rapidly translating as usual:", "tag": "Present", "color": "#0072B2"}]
[]
[{"start": 127, "end": 255, "text": "when he is asked about his literary researches, he waves his hand, and without answering, turns the conversation to the weather.", "tag": "Connected", "color": "#D55E00"}, {"start": 0, "end": 28, "text": "She still comes to this day.", "tag": "Present", "color": "#0072B2"}]
