[]
[{"start": 211, "end": 558, "text": "neither the warmth nor the languid transparent woods, warmed by the breath of spring, nor the black flocks of birds flying over the huge puddles that were like lakes, nor the marvelous fathomless sky, into which it seemed one would have gone away so joyfully, presented anything new or interesting to Marya Vassilyevna who was sitting in the cart.", "tag": "Confused", "color": "#CC79A7"}]
[]
[{"start": 0, "end": 391, "text": "She had got out of the habit of thinking of her past before she became a schoolmistress, and had almost forgotten it. She had once had a father and mother; they had lived in Moscow in a big flat near the Red Gate, but of all that life there was left in her memory only something vague and fluid like a dream. Her father had died when she was ten years old, and her mother had died soon after", "tag": "Confused", "color": "#CC79A7"}]
[]
[{"start": 1, "end": 152, "text": "They have caught a government clerk in the town. They have taken him away. The story is that with some Germans he killed Alexeyev, the Mayor, in Moscow", "tag": "Confused", "color": "#CC79A7"}]
[]
[]
[]
[]
[{"start": 0, "end": 362, "text": "This Hanov, a man of forty with a listless expression and a face that showed signs of wear, was beginning to look old, but was still handsome and admired by women. He lived in his big homestead alone, and was not in the service; and people used to say of him that he did nothing at home but walk up and down the room whistling, or play chess with his old footman", "tag": "Confused", "color": "#CC79A7"}]
[]
[{"start": 1166, "end": 1384, "text": "The School Council met very rarely, and there was no knowing where it met; the school guardian was an almost illiterate peasant, the head of a tanning business, unintelligent, rude, and a great friend of the watchman\u2019s", "tag": "Confused", "color": "#CC79A7"}]
[]
[]
[]
[]
[]
[]
[]
[]
[]
[{"start": 51, "end": 193, "text": "but yet in his walk there was something just perceptible which betrayed in him a being already touched by decay, weak, and on the road to ruin", "tag": "Confused", "color": "#CC79A7"}]
[{"start": 52, "end": 172, "text": "why God gives beauty, this graciousness, and sad, sweet eyes to weak, unlucky, useless people\u2014why they are so charming.\u201d", "tag": "Confused", "color": "#CC79A7"}]
[]
[]
[]
[]
[]
[]
[]
[]
[]
[{"start": 0, "end": 131, "text": "A little pock-marked man with a black beard, who was quite drunk, was suddenly surprised by something and began using bad language.", "tag": "Confused", "color": "#CC79A7"}]
[]
[]
[]
[]
[]
[]
[]
[]
[]
[]
[]
[]
[]
[]
[]
[]
[]
[]
[]
[]
[]
[{"start": 0, "end": 33, "text": "\u201cMind you don\u2019t drown the horse.\u201d", "tag": "Confused", "color": "#CC79A7"}]
[]
[]
[]
[]
[]
[]
[]
[]
[]
[]
[]
[]
[{"start": 294, "end": 925, "text": "Her mother had had just such luxuriant hair, just such a brow and bend of the head. And with amazing distinctness, for the first time in those thirteen years, there rose before her mind a vivid picture of her mother, her father, her brother, their flat in Moscow, the aquarium with little fish, everything to the tiniest detail; she heard the sound of the piano, her father\u2019s voice; she felt as she had been then, young, good-looking, well-dressed, in a bright warm room among her own people. A feeling of joy and happiness suddenly came over her, she pressed her hands to her temples in an ecstacy, and called softly, beseechingly", "tag": "Confused", "color": "#CC79A7"}]
[]
[]
[]
[]
[]
