[{"start": 0, "end": 192, "text": "For a cultivated man to be ignorant of foreign languages is a great inconvenience. Vorotov became acutely conscious of it when, after taking his degree, he began upon a piece of research work.", "tag": "Connected", "color": "#D55E00"}]
[{"start": 0, "end": 129, "text": "\u201cIt\u2019s awful,\u201d he said, breathing hard (although he was only twenty-six he was fat, heavy, and suffered from shortness of breath).", "tag": "Present", "color": "#0072B2"}]
[]
[]
[]
[]
[]
[{"start": 0, "end": 299, "text": "\u201cDelighted! Please sit down,\u201d said Vorotov, breathing hard and putting his hand over the collar of his nightshirt (to breathe more freely he always wore a nightshirt at work instead of a stiff linen one with collar). \u201cIt was Pyotr Sergeitch sent you? Yes, yes . . . I asked him about it. Delighted!\u201d", "tag": "Curious", "color": "#F0E442"}]
[{"start": 792, "end": 793, "text": ".", "tag": "Connected", "color": "#D55E00"}, {"start": 617, "end": 792, "text": "She did not once smile or frown, and only once a look of perplexity flitted over her face when she learnt that she was not required to teach children, but a stout grown-up man", "tag": "Connected", "color": "#D55E00"}]
[]
[]
[{"start": 1, "end": 416, "text": "ith a cold, business-like expression, Alice Osipovna answered that she had completed her studies at a private school and had the diploma of a private teacher, that her father had died lately of scarlet fever, that her mother was alive and made artificial flowers; that she, Mdlle. Enqu\u00eate, taught in a private school till dinnertime, and after dinner was busy till evening giving lessons in different good families.", "tag": "Present", "color": "#0072B2"}]
[{"start": 75, "end": 209, "text": "For a long time afterwards Vorotov could not settle to work, but, sitting at the table stroking its green baize surface, he meditated.", "tag": "Connected", "color": "#D55E00"}]
[]
[]
[]
[]
[{"start": 1, "end": 294, "text": "Excuse me,\u201d Vorotov interrupted, smiling. \u201cI must warn you, mademoiselle, that you must change your method a little in my case. You see, I know Russian, Greek, and Latin well. . . . I\u2019ve studied comparative philology, and I think we might omit Margot and pass straight to reading some author.\u201d", "tag": "Confused", "color": "#CC79A7"}]
[]
[{"start": 1, "end": 306, "text": "A friend of mine,\u201d he said, \u201cwanting to learn modern languages, laid before him the French, German, and Latin gospels, and read them side by side, carefully analysing each word, and would you believe it, he attained his object in less than a year. Let us do the same. We\u2019ll take some author and read him.\u201d", "tag": "Curious", "color": "#F0E442"}]
[{"start": 44, "end": 359, "text": " Evidently the suggestion seemed to her very na\u00efve and ridiculous. If this strange proposal had been made to her by a child, she would certainly have been angry and have scolded it, but as he was a grown-up man and very stout and she could not scold him, she only shrugged her shoulders hardly perceptibly and said:", "tag": "Connected", "color": "#D55E00"}]
[{"start": 16, "end": 0, "text": "", "tag": "Present", "color": "#0072B2"}, {"start": 0, "end": 0, "text": "", "tag": "Present", "color": "#0072B2"}, {"start": 6, "end": 0, "text": "", "tag": "Present", "color": "#0072B2"}]
[]
[]
[]
[]
[]
[{"start": 1, "end": 161, "text": "ith a good-natured smile, breathing hard, he spent a quarter of an hour over the word \u201cM\u00e9moires,\u201d and as much over the word de, and this wearied the young lady.", "tag": "Present", "color": "#0072B2"}]
[{"start": 0, "end": 141, "text": "\u201cHer hair isn\u2019t naturally curly; she curls it. It\u2019s a strange thing! She works from morning to night, and yet she has time to curl her hair.\u201d", "tag": "Connected", "color": "#D55E00"}]
[{"start": 184, "end": 260, "text": "For a long time again her pupil did nothing; he sat at the table meditating.", "tag": "Curious", "color": "#F0E442"}]
[]
[]
[]
[]
[{"start": 200, "end": 355, "text": "And then he returned more embarrassed than ever: it struck him that she might have interpreted his brief absence in some way of her own, and he felt awkwar", "tag": "Connected", "color": "#D55E00"}]
[{"start": 60, "end": 210, "text": "ealising that he would gain nothing from the lessons, he gave the French girl liberty to do as she liked, asking her nothing and not interrupting her.", "tag": "Connected", "color": "#D55E00"}, {"start": 447, "end": 886, "text": "He caught himself thinking very unsuitable thoughts, and felt ashamed, or he was moved to tenderness, and then he felt vexed and wounded that she was so cold and business-like with him, and treated him as a pupil, never smiling and seeming afraid that he might accidentally touch her. He kept wondering how to inspire her with confidence and get to know her better, and to help her, to make her understand how badly she taught, poor thing.", "tag": "Connected", "color": "#D55E00"}]
[{"start": 0, "end": 371, "text": "One day Mdlle. Enqu\u00eate came to the lesson in a smart pink dress, slightly d\u00e9collet\u00e9, and surrounded by such a fragrance that she seemed to be wrapped in a cloud, and, if one blew upon her, ready to fly away into the air or melt away like smoke. She apologised and said she could stay only half an hour for the lesson, as she was going straight from the lesson to a dance.", "tag": "Present", "color": "#0072B2"}]
[{"start": 0, "end": 375, "text": "He looked at her throat and the back of her bare neck, and thought he understood why Frenchwomen had the reputation of frivolous creatures easily seduced; he was carried away by this cloud of fragrance, beauty, and bare flesh, while she, unconscious of his thoughts and probably not in the least interested in them, rapidly turned over the pages and translated at full steam:", "tag": "Connected", "color": "#D55E00"}]
[]
[{"start": 305, "end": 667, "text": " He went, and fancied that he was going simply for change and amusement, and that he was not thinking about Alice at all. He could not admit that a serious man, preparing for a learned career, lethargic in his habits, could fling up his work and go to the theatre simply to meet there a girl he knew very little, who was unintelligent and utterly unintellectual.", "tag": "Connected", "color": "#D55E00"}]
[{"start": 382, "end": 477, "text": "; he smiled joyfully, and for the first time in his life experienced the sensation of jealousy.", "tag": "Connected", "color": "#D55E00"}]
[{"start": 309, "end": 384, "text": "And Vorotov felt there was a terrible gulf between himself and that circle.", "tag": "Connected", "color": "#D55E00"}]
[{"start": 0, "end": 70, "text": "After the meeting at the theatre Vorotov realised that he was in love.", "tag": "Connected", "color": "#D55E00"}, {"start": 76, "end": 240, "text": " During the subsequent lessons he feasted his eyes on his elegant teacher, and without struggling with himself, gave full rein to his imaginations, pure and impure.", "tag": "Connected", "color": "#D55E00"}, {"start": 346, "end": 487, "text": " \u201cAu revoir, monsieur,\u201d and he felt she cared nothing about him, and never would care anything about him, and that his position was hopeless.", "tag": "Present", "color": "#0072B2"}]
[{"start": 85, "end": 354, "text": " inwardly composed declarations of love, remembered that Frenchwomen were frivolous and easily won, but it was enough for him to glance at the face of his teacher for his ideas to be extinguished as a candle is blown out when you bring it into the wind on the verandah.", "tag": "Connected", "color": "#D55E00"}]
[{"start": 0, "end": 60, "text": "\u201cYou are dear to me! I . . . I love you! Allow me to speak.\u201d", "tag": "Connected", "color": "#D55E00"}]
[{"start": 0, "end": 202, "text": "And Alice turned pale\u2014probably from dismay, reflecting that after this declaration she could not come here again and get a rouble a lesson. With a frightened look in her eyes she said in a loud whisper:", "tag": "Present", "color": "#0072B2"}]
[]
[{"start": 1, "end": 219, "text": "nd Vorotov did not sleep all night afterwards; he was tortured by shame; he blamed himself and thought intensely. It seemed to him that he had insulted the girl by his declaration, that she would not come to him again.", "tag": "Connected", "color": "#D55E00"}]
[]
[]
[{"start": 1, "end": 255, "text": "he still comes to this day. Four books have already been translated, but Vorotov knows no French but the word \u201cM\u00e9moires,\u201d and when he is asked about his literary researches, he waves his hand, and without answering, turns the conversation to the weather.", "tag": "Connected", "color": "#D55E00"}]
