[]
[]
[{"start": 61, "end": 101, "text": " I might just as well give up the work.\u201d", "tag": "Connected", "color": "#D55E00"}]
[{"start": 0, "end": 100, "text": "And he made up his mind at all costs to overcome his innate laziness, and to learn French and German", "tag": "Connected", "color": "#D55E00"}]
[{"start": 63, "end": 123, "text": "he servant told him that a young lady was inquiring for him.", "tag": "Curious", "color": "#F0E442"}]
[]
[]
[]
[{"start": 514, "end": 793, "text": ". Her face looked as cold and business-like as the face of a person who has come to speak about money. She did not once smile or frown, and only once a look of perplexity flitted over her face when she learnt that she was not required to teach children, but a stout grown-up man.", "tag": "Connected", "color": "#D55E00"}]
[]
[]
[{"start": 0, "end": 38, "text": "With a cold, business-like expression,", "tag": "Connected", "color": "#D55E00"}]
[]
[]
[]
[{"start": 113, "end": 132, "text": "he opened Margot, w", "tag": "Confused", "color": "#CC79A7"}]
[]
[]
[]
[]
[{"start": 0, "end": 111, "text": "The French girl looked at him in perplexity. Evidently the suggestion seemed to her very na\u00efve and ridiculous. ", "tag": "Connected", "color": "#D55E00"}]
[]
[]
[]
[]
[]
[]
[{"start": 0, "end": 128, "text": "With a good-natured smile, breathing hard, he spent a quarter of an hour over the word \u201cM\u00e9moires,\u201d and as much over the word de,", "tag": "Other", "color": "#009E73"}, {"start": 133, "end": 162, "text": "this wearied the young lady. ", "tag": "Connected", "color": "#D55E00"}]
[]
[]
[{"start": 299, "end": 443, "text": " When she came the seventh time he took out of his pocket an envelope with seven roubles in it, and holding it in his hand, became very confused", "tag": "Curious", "color": "#F0E442"}]
[]
[]
[]
[]
[]
[]
[{"start": 233, "end": 315, "text": "she, unconscious of his thoughts and probably not in the least interested in them,", "tag": "Other", "color": "#009E73"}]
[{"start": 75, "end": 146, "text": "\u201cWhere are you striving to seeing your face so pale it makes me sad.\u201d\u2019\u201d", "tag": "Confused", "color": "#CC79A7"}]
[{"start": 223, "end": 306, "text": " Seeing her out after the lesson, Vorotov dressed and went to the theatre himself. ", "tag": "Curious", "color": "#F0E442"}]
[{"start": 0, "end": 477, "text": "Yet for some reason his heart was beating during the intervals, and without realizing what he was doing, he raced about the corridors and foyer like a boy impatiently looking for some one, and he was disappointed when the interval was over.And when he saw the familiar pink dress and the handsome shoulders under the tulle, his heart quivered as though with a foretaste of happiness; he smiled joyfully, and for the first time in his life experienced the sensation of jealousy.", "tag": "Connected", "color": "#D55E00"}]
[]
[]
[{"start": 0, "end": 83, "text": "Sometimes in the middle of a lesson he would begin dreaming, hoping, making plans. ", "tag": "Curious", "color": "#F0E442"}]
[]
[{"start": 3, "end": 176, "text": " Alice turned pale\u2014probably from dismay, reflecting that after this declaration she could not come here again and get a rouble a lesson. With a frightened look in her eyes s", "tag": "Connected", "color": "#D55E00"}]
[]
[]
[{"start": 118, "end": 147, "text": "Alice came without a letter. ", "tag": "Confused", "color": "#CC79A7"}]
[]
[{"start": 74, "end": 255, "text": "Vorotov knows no French but the word \u201cM\u00e9moires,\u201d and when he is asked about his literary researches, he waves his hand, and without answering, turns the conversation to the weather.", "tag": "Other", "color": "#009E73"}]
