[]
[{"start": 4, "end": 12, "text": "highroad", "tag": "Confused", "color": "#CC79A7"}, {"start": 219, "end": 410, "text": "the warmth nor the languid transparent woods, warmed by the breath of spring, nor the black flocks of birds flying over the huge puddles that were like lakes, nor the marvelous fathomless sky", "tag": "Present", "color": "#0072B2"}, {"start": 412, "end": 469, "text": "into which it seemed one would have gone away so joyfully", "tag": "Confused", "color": "#CC79A7"}, {"start": 818, "end": 923, "text": "she always\u2014invariably\u2014longed for one thing only, to get to the end of her journey as quickly as could be.", "tag": "Connected", "color": "#D55E00"}]
[{"start": 0, "end": 383, "text": "She felt as though she had been living in that part of the country for ages and ages, for a hundred years, and it seemed to her that she knew every stone, every tree on the road from the town to her school. Her past was here, her present was here, and she could imagine no other future than the school, the road to the town and back again, and again the school and again the road....", "tag": "Connected", "color": "#D55E00"}]
[]
[]
[{"start": 0, "end": 154, "text": "\u201cThey have caught a government clerk in the town. They have taken him away. The story is that with some Germans he killed Alexeyev, the Mayor, in Moscow.\u201d", "tag": "Curious", "color": "#F0E442"}]
[]
[]
[{"start": 334, "end": 361, "text": "man who had been examiner i", "tag": "Confused", "color": "#CC79A7"}, {"start": 391, "end": 442, "text": "When he came up to her he recognized her and bowed.", "tag": "Curious", "color": "#F0E442"}]
[]
[{"start": 625, "end": 682, "text": "ll the while she sat beside him she had felt embarrassed.", "tag": "Present", "color": "#0072B2"}]
[]
[{"start": 203, "end": 380, "text": "emyon tacked from side to side, keeping to the edge of the road, at one time through a snowdrift, at another through a pool, often jumping out of the cart and helping the horse.", "tag": "Present", "color": "#0072B2"}, {"start": 381, "end": 1461, "text": "Marya Vassilyevna was still thinking about the school, wondering whether the arithmetic questions at the examination would be difficult or easy. And she felt annoyed with the Zemstvo board at which she had found no one the day before. How unbusiness-like! Here she had been asking them for the last two years to dismiss the watchman, who did nothing, was rude to her, and hit the schoolboys; but no one paid any attention. It was hard to find the president at the office, and when one did find him he would say with tears in his eyes that he hadn\u2019t a moment to spare; the inspector visited the school at most once in three years, and knew nothing whatever about his work, as he had been in the Excise Duties Department, and had received the post of school inspector through influence. The School Council met very rarely, and there was no knowing where it met; the school guardian was an almost illiterate peasant, the head of a tanning business, unintelligent, rude, and a great friend of the watchman\u2019s\u2014and goodness knows to whom she could appeal with complaints or inquiries....", "tag": "Connected", "color": "#D55E00"}]
[]
[{"start": 0, "end": 206, "text": "The road grew worse and worse.... They drove into the wood. Here there was no room to turn round, the wheels sank deeply in, water splashed and gurgled through them, and sharp twigs struck them in the face.", "tag": "Curious", "color": "#F0E442"}]
[]
[{"start": 813, "end": 842, "text": "he did not know the prayers. ", "tag": "Confused", "color": "#CC79A7"}, {"start": 842, "end": 1033, "text": "He subscribed nothing to the schools but globes, and genuinely regarded himself as a useful person and a prominent worker in the cause of popular education. And what use were his globes here?", "tag": "Confused", "color": "#CC79A7"}]
[]
[{"start": 0, "end": 330, "text": "The cart lurched violently and was on the point of upsetting; something heavy rolled on to Marya Vassilyevna\u2019s feet\u2014it was her parcel of purchases. There was a steep ascent uphill through the clay; here in the winding ditches rivulets were gurgling. The water seemed to have gnawed away the road; and how could one get along here!", "tag": "Present", "color": "#0072B2"}]
[]
[{"start": 0, "end": 100, "text": "\u201cNobody obliges you to drive about in such weather,\u201d said Semyon surlily. \u201cYou should stay at home.\u201d", "tag": "Other", "color": "#009E73"}]
[]
[{"start": 253, "end": 503, "text": "Marya Vassilyevna was filled with dread and pity for this man going to his ruin for no visible cause or reason, and it came into her mind that if she had been his wife or sister she would have devoted her whole life to saving him from ruin. His wife!", "tag": "Connected", "color": "#D55E00"}, {"start": 754, "end": 926, "text": "In reality, life was arranged and human relations were complicated so utterly beyond all understanding that when one thought about it one felt uncanny and one\u2019s heart sank.", "tag": "Other", "color": "#009E73"}]
[{"start": 113, "end": 145, "text": "to weak, unlucky, useless people", "tag": "Confused", "color": "#CC79A7"}]
[]
[{"start": 201, "end": 290, "text": "She longed to think of beautiful eyes, of love, of the happiness which would never be....", "tag": "Confused", "color": "#CC79A7"}]
[{"start": 0, "end": 234, "text": "His wife? It was cold in the morning, there was no one to heat the stove, the watchman disappeared; the children came in as soon as it was light, bringing in snow and mud and making a noise: it was all so inconvenient, so comfortless.", "tag": "Confused", "color": "#CC79A7"}, {"start": 235, "end": 1151, "text": "Her abode consisted of one little room and the kitchen close by. Her head ached every day after her work, and after dinner she had heart-burn. She had to collect money from the school-children for wood and for the watchman, and to give it to the school guardian, and then to entreat him\u2014that overfed, insolent peasant\u2014for God\u2019s sake to send her wood. And at night she dreamed of examinations, peasants, snowdrifts. And this life was making her grow old and coarse, making her ugly, angular, and awkward, as though she were made of lead. She was always afraid, and she would get up from her seat and not venture to sit down in the presence of a member of the Zemstvo or the school guardian. And she used formal, deferential expressions when she spoke of any one of them. And no one thought her attractive, and life was passing drearily, without affection, without friendly sympathy, without interesting acquaintances.", "tag": "Connected", "color": "#D55E00"}, {"start": 1152, "end": 1223, "text": "How awful it would have been in her position if she had fallen in love!", "tag": "Confused", "color": "#CC79A7"}]
[]
[{"start": 0, "end": 31, "text": "Again a sharp ascent uphill....", "tag": "Present", "color": "#0072B2"}]
[{"start": 0, "end": 938, "text": "She had become a schoolmistress from necessity, without feeling any vocation for it; and she had never thought of a vocation, of serving the cause of enlightenment; and it always seemed to her that what was most important in her work was not the children, nor enlightenment, but the examinations. And what time had she for thinking of vocation, of serving the cause of enlightenment? Teachers, badly paid doctors, and their assistants, with their terribly hard work, have not even the comfort of thinking that they are serving an idea or the people, as their heads are always stuffed with thoughts of their daily bread, of wood for the fire, of bad roads, of illnesses. It is a hard-working, an uninteresting life, and only silent, patient cart-horses like Mary Vassilyevna could put up with it for long; the lively, nervous, impressionable people who talked about vocation and serving the idea were soon weary of it and gave up the work.", "tag": "Other", "color": "#009E73"}]
[{"start": 111, "end": 230, "text": "but in one place the peasants would not let them pass, in another it was the priest\u2019s land and they could not cross it,", "tag": "Confused", "color": "#CC79A7"}]
[{"start": 13, "end": 35, "text": "Nizhneye Gorodistche. ", "tag": "Confused", "color": "#CC79A7"}, {"start": 479, "end": 588, "text": "Marya Vassilyevna sat down and drank some tea, while at the next table peasants were drinking vodka and beer,", "tag": "Curious", "color": "#F0E442"}]
[{"start": 0, "end": 147, "text": "\u201cI say, Kuzma!\u201d voices kept shouting in confusion. \u201cWhat there!\u201d \u201cThe Lord bless us!\u201d \u201cIvan Dementyitch, I can tell you that!\u201d \u201cLook out, old man!\u201d", "tag": "Confused", "color": "#CC79A7"}]
[]
[]
[{"start": 0, "end": 53, "text": "\u201cThe young lady!\u201d someone mimicked in another corner.", "tag": "Present", "color": "#0072B2"}]
[]
[]
[]
[{"start": 0, "end": 34, "text": "\u201cAnd we thank you most feelingly.\u201d", "tag": "Confused", "color": "#CC79A7"}]
[]
[]
[]
[{"start": 192, "end": 312, "text": "The patches of sunshine had been on the floor, then they passed to the counter, to the wall, and disappeared altogether;", "tag": "Present", "color": "#0072B2"}]
[{"start": 0, "end": 47, "text": "\u201cVassilyevna, get ready,\u201d Semyon called to her.", "tag": "Curious", "color": "#F0E442"}]
[]
[]
[]
[]
[]
[]
[{"start": 99, "end": 537, "text": "They always thought she received too large a salary, twenty-one roubles a month (five would have been enough), and that of the money that she collected from the children for the firewood and the watchman the greater part she kept for herself. The guardian thought the same as the peasants, and he himself made a profit off the firewood and received payments from the peasants for being a guardian\u2014without the knowledge of the authorities.", "tag": "Connected", "color": "#D55E00"}]
[]
[]
[]
[{"start": 0, "end": 33, "text": "\u201cMind you don\u2019t drown the horse.\u201d", "tag": "Curious", "color": "#F0E442"}]
[]
[]
[]
[{"start": 152, "end": 315, "text": "it was a river forty feet in breadth, rapid, muddy, and cold; on the bank and right up to the water there were fresh tracks of wheels, so it had been crossed here.", "tag": "Curious", "color": "#F0E442"}]
[]
[]
[]
[]
[{"start": 0, "end": 134, "text": "\u201cNice mess it is, Lord have mercy upon us!\u201d muttered Semyon, setting straight the harness. \u201cIt\u2019s a perfect plague with this Zemstvo..\u201d", "tag": "Confused", "color": "#CC79A7"}]
[{"start": 0, "end": 157, "text": "Her shoes and goloshes were full of water, the lower part of her dress and of her coat and one sleeve were wet and dripping: the sugar and flour had got wet,", "tag": "Present", "color": "#0072B2"}]
[]
[{"start": 188, "end": 451, "text": "Vyazovye was in sight now, and the school with the green roof, and the church with its crosses flashing in the evening sun: and the station windows flashed too, and a pink smoke rose from the engine... and it seemed to her that everything was trembling with cold.", "tag": "Other", "color": "#009E73"}]
[{"start": 378, "end": 785, "text": "And with amazing distinctness, for the first time in those thirteen years, there rose before her mind a vivid picture of her mother, her father, her brother, their flat in Moscow, the aquarium with little fish, everything to the tiniest detail; she heard the sound of the piano, her father\u2019s voice; she felt as she had been then, young, good-looking, well-dressed, in a bright warm room among her own people", "tag": "Other", "color": "#009E73"}, {"start": 786, "end": 892, "text": " A feeling of joy and happiness suddenly came over her, she pressed her hands to her temples in an ecstacy", "tag": "Connected", "color": "#D55E00"}]
[]
[{"start": 45, "end": 500, "text": "ust at that instant Hanov drove up with his team of four horses, and seeing him she imagined happiness such as she had never had, and smiled and nodded to him as an equal and a friend, and it seemed to her that her happiness, her triumph, was glowing in the sky and on all sides, in the windows and on the trees. Her father and mother had never died, she had never been a schoolmistress, it was a long, tedious, strange dream, and now she had awakened....", "tag": "Other", "color": "#009E73"}]
[]
[{"start": 0, "end": 29, "text": "And at once it all vanished. ", "tag": "Connected", "color": "#D55E00"}]
[]
