[]
[{"start": 0, "end": 558, "text": "The highroad was dry, a lovely April sun was shining warmly, but the snow was still lying in the ditches and in the woods. Winter, dark, long, and spiteful, was hardly over; spring had come all of a sudden. But neither the warmth nor the languid transparent woods, warmed by the breath of spring, nor the black flocks of birds flying over the huge puddles that were like lakes, nor the marvelous fathomless sky, into which it seemed one would have gone away so joyfully, presented anything new or interesting to Marya Vassilyevna who was sitting in the cart.", "tag": "Present", "color": "#0072B2"}]
[{"start": 207, "end": 383, "text": "Her past was here, her present was here, and she could imagine no other future than the school, the road to the town and back again, and again the school and again the road....", "tag": "Curious", "color": "#F0E442"}]
[{"start": 0, "end": 116, "text": "She had got out of the habit of thinking of her past before she became a schoolmistress, and had almost forgotten it", "tag": "Curious", "color": "#F0E442"}, {"start": 212, "end": 309, "text": ", but of all that life there was left in her memory only something vague and fluid like a dream. ", "tag": "Curious", "color": "#F0E442"}, {"start": 309, "end": 748, "text": "Her father had died when she was ten years old, and her mother had died soon after.... She had a brother, an officer; at first they used to write to each other, then her brother had given up answering her letters, he had got out of the way of writing. Of her old belongings, all that was left was a photograph of her mother, but it had grown dim from the dampness of the school, and now nothing could be seen but the hair and the eyebrows.", "tag": "Connected", "color": "#D55E00"}]
[]
[]
[]
[]
[{"start": 0, "end": 442, "text": "And again they were silent for a long time. Marya Vassilyevna thought of her school, of the examination that was coming soon, and of the girl and four boys she was sending up for it. And just as she was thinking about the examination, she was overtaken by a neighboring landowner called Hanov in a carriage with four horses, the very man who had been examiner in her school the year before. When he came up to her he recognized her and bowed.", "tag": "Other", "color": "#009E73"}]
[]
[{"start": 405, "end": 682, "text": "And indeed at the examination the year before the very papers he brought with him smelt of wine and scent. He had been dressed all in new clothes on that occasion, and Marya Vassilyevna thought him very attractive, and all the while she sat beside him she had felt embarrassed.", "tag": "Present", "color": "#0072B2"}]
[]
[{"start": 525, "end": 614, "text": " And she felt annoyed with the Zemstvo board at which she had found no one the day before", "tag": "Confused", "color": "#CC79A7"}, {"start": 804, "end": 1461, "text": "It was hard to find the president at the office, and when one did find him he would say with tears in his eyes that he hadn\u2019t a moment to spare; the inspector visited the school at most once in three years, and knew nothing whatever about his work, as he had been in the Excise Duties Department, and had received the post of school inspector through influence. The School Council met very rarely, and there was no knowing where it met; the school guardian was an almost illiterate peasant, the head of a tanning business, unintelligent, rude, and a great friend of the watchman\u2019s\u2014and goodness knows to whom she could appeal with complaints or inquiries....", "tag": "Connected", "color": "#D55E00"}, {"start": 636, "end": 802, "text": " Here she had been asking them for the last two years to dismiss the watchman, who did nothing, was rude to her, and hit the schoolboys; but no one paid any attention", "tag": "Connected", "color": "#D55E00"}]
[]
[]
[]
[{"start": 372, "end": 715, "text": "Why live here if one could live in Petersburg or abroad? And one would have thought it would be nothing for a rich man like him to make a good road instead of this bad one, to avoid enduring this misery and seeing the despair on the faces of his coachman and Semyon; but he only laughed, and apparently did not mind, and wanted no better life.", "tag": "Other", "color": "#009E73"}, {"start": 841, "end": 1033, "text": " He subscribed nothing to the schools but globes, and genuinely regarded himself as a useful person and a prominent worker in the cause of popular education. And what use were his globes here?", "tag": "Other", "color": "#009E73"}]
[]
[{"start": 297, "end": 330, "text": "and how could one get along here!", "tag": "Confused", "color": "#CC79A7"}, {"start": 148, "end": 295, "text": "There was a steep ascent uphill through the clay; here in the winding ditches rivulets were gurgling. The water seemed to have gnawed away the road", "tag": "Present", "color": "#0072B2"}]
[]
[]
[]
[{"start": 195, "end": 502, "text": "And all at once there was a whiff of spirits in the wood. Marya Vassilyevna was filled with dread and pity for this man going to his ruin for no visible cause or reason, and it came into her mind that if she had been his wife or sister she would have devoted her whole life to saving him from ruin. His wife", "tag": "Connected", "color": "#D55E00"}, {"start": 754, "end": 926, "text": "In reality, life was arranged and human relations were complicated so utterly beyond all understanding that when one thought about it one felt uncanny and one\u2019s heart sank.", "tag": "Other", "color": "#009E73"}]
[]
[]
[]
[{"start": 378, "end": 586, "text": "She had to collect money from the school-children for wood and for the watchman, and to give it to the school guardian, and then to entreat him\u2014that overfed, insolent peasant\u2014for God\u2019s sake to send her wood. ", "tag": "Other", "color": "#009E73"}]
[{"start": 0, "end": 23, "text": "\u201cHold on, Vassilyevna!\u201d", "tag": "Confused", "color": "#CC79A7"}]
[]
[]
[]
[{"start": 35, "end": 374, "text": "Near the tavern on the dung-strewn earth, where the snow was still lying, there stood wagons that had brought great bottles of crude sulphuric acid. There were a great many people in the tavern, all drivers, and there was a smell of vodka, tobacco, and sheepskins. There was a loud noise of conversation and the banging of the swing-door. ", "tag": "Present", "color": "#0072B2"}]
[]
[]
[]
[]
[]
[]
[]
[]
[]
[]
[]
[{"start": 191, "end": 346, "text": " The patches of sunshine had been on the floor, then they passed to the counter, to the wall, and disappeared altogether; so by the sun it was past midday.", "tag": "Other", "color": "#009E73"}]
[]
[]
[]
[]
[]
[]
[]
[{"start": 0, "end": 537, "text": "But it was clear that Semyon did not believe the schoolmistress. The peasants did not believe her. They always thought she received too large a salary, twenty-one roubles a month (five would have been enough), and that of the money that she collected from the children for the firewood and the watchman the greater part she kept for herself. The guardian thought the same as the peasants, and he himself made a profit off the firewood and received payments from the peasants for being a guardian\u2014without the knowledge of the authorities.", "tag": "Other", "color": "#009E73"}]
[]
[]
[]
[]
[]
[]
[]
[{"start": 0, "end": 315, "text": "They reached the river. In the summer it was a little stream easily crossed by wading. It usually dried up in August, but now, after the spring floods, it was a river forty feet in breadth, rapid, muddy, and cold; on the bank and right up to the water there were fresh tracks of wheels, so it had been crossed here.", "tag": "Present", "color": "#0072B2"}]
[]
[]
[]
[]
[]
[]
[]
[{"start": 0, "end": 85, "text": "The barrier was down at the railway crossing. A train was coming out of the station. ", "tag": "Confused", "color": "#CC79A7"}, {"start": 388, "end": 451, "text": ". and it seemed to her that everything was trembling with cold.", "tag": "Other", "color": "#009E73"}]
[{"start": 260, "end": 926, "text": ". Her mother! What a resemblance! Her mother had had just such luxuriant hair, just such a brow and bend of the head. And with amazing distinctness, for the first time in those thirteen years, there rose before her mind a vivid picture of her mother, her father, her brother, their flat in Moscow, the aquarium with little fish, everything to the tiniest detail; she heard the sound of the piano, her father\u2019s voice; she felt as she had been then, young, good-looking, well-dressed, in a bright warm room among her own people. A feeling of joy and happiness suddenly came over her, she pressed her hands to her temples in an ecstacy, and called softly, beseechingly:", "tag": "Connected", "color": "#D55E00"}]
[]
[{"start": 178, "end": 324, "text": " smiled and nodded to him as an equal and a friend, and it seemed to her that her happiness, her triumph, was glowing in the sky and on all sides,", "tag": "Confused", "color": "#CC79A7"}]
[]
[{"start": 0, "end": 238, "text": "And at once it all vanished. The barrier was slowly raised. Marya Vassilyevna, shivering and numb with cold, got into the cart. The carriage with the four horses crossed the railway line; Semyon followed it. The signalman took off his cap", "tag": "Other", "color": "#009E73"}]
[]
