[{"start": 0, "end": 82, "text": "For a cultivated man to be ignorant of foreign languages is a great inconvenience.", "tag": "Other", "color": "#009E73"}]
[{"start": 23, "end": 37, "text": "breathing hard", "tag": "Confused", "color": "#CC79A7"}]
[{"start": 31, "end": 60, "text": "I\u2019m like a bird without wings", "tag": "Other", "color": "#009E73"}]
[{"start": 40, "end": 100, "text": "overcome his innate laziness, and to learn French and German", "tag": "Connected", "color": "#D55E00"}]
[]
[]
[]
[{"start": 43, "end": 216, "text": " breathing hard and putting his hand over the collar of his nightshirt (to breathe more freely he always wore a nightshirt at work instead of a stiff linen one with collar).", "tag": "Connected", "color": "#D55E00"}]
[{"start": 617, "end": 793, "text": "She did not once smile or frown, and only once a look of perplexity flitted over her face when she learnt that she was not required to teach children, but a stout grown-up man.", "tag": "Connected", "color": "#D55E00"}, {"start": 520, "end": 616, "text": "face looked as cold and business-like as the face of a person who has come to speak about money.", "tag": "Connected", "color": "#D55E00"}]
[]
[{"start": 0, "end": 240, "text": "And he asked her if she would not have some tea or coffee, whether it was a fine day, and with a good-natured smile, stroking the baize of the table, he inquired in a friendly voice who she was, where she had studied, and what she lived on.", "tag": "Connected", "color": "#D55E00"}]
[]
[]
[]
[]
[]
[]
[{"start": 138, "end": 293, "text": "I know Russian, Greek, and Latin well. . . . I\u2019ve studied comparative philology, and I think we might omit Margot and pass straight to reading some author.", "tag": "Connected", "color": "#D55E00"}]
[{"start": 4, "end": 71, "text": "he explained to the French girl how grown-up people learn languages", "tag": "Connected", "color": "#D55E00"}]
[]
[{"start": 0, "end": 110, "text": "The French girl looked at him in perplexity. Evidently the suggestion seemed to her very na\u00efve and ridiculous.", "tag": "Present", "color": "#0072B2"}, {"start": 299, "end": 358, "text": "she only shrugged her shoulders hardly perceptibly and said", "tag": "Connected", "color": "#D55E00"}]
[{"start": 0, "end": 16, "text": "\u201cAs you please.\u201d", "tag": "Connected", "color": "#D55E00"}]
[]
[]
[{"start": 0, "end": 29, "text": "\u201cIt\u2019s all the same,\u201d she said", "tag": "Connected", "color": "#D55E00"}]
[]
[]
[{"start": 7, "end": 41, "text": "good-natured smile, breathing hard", "tag": "Connected", "color": "#D55E00"}]
[]
[]
[]
[]
[{"start": 73, "end": 170, "text": "first time during their lessons her face quivered and her cold, business-like expression vanished", "tag": "Connected", "color": "#D55E00"}, {"start": 0, "end": 19, "text": "Seeing the envelope", "tag": "Connected", "color": "#D55E00"}]
[{"start": 175, "end": 207, "text": "I must leave you for ten minutes", "tag": "Curious", "color": "#F0E442"}]
[{"start": 249, "end": 356, "text": "it struck him that she might have interpreted his brief absence in some way of her own, and he felt awkward", "tag": "Other", "color": "#009E73"}]
[{"start": 58, "end": 209, "text": " Realising that he would gain nothing from the lessons, he gave the French girl liberty to do as she liked, asking her nothing and not interrupting her", "tag": "Connected", "color": "#D55E00"}]
[]
[]
[]
[]
[{"start": 439, "end": 476, "text": "experienced the sensation of jealousy", "tag": "Connected", "color": "#D55E00"}]
[{"start": 414, "end": 581, "text": "she gave him a chilly nod and walked quickly by; she evidently did not care for her friends to know that she had pupils, and that she had to give lessons to earn money", "tag": "Connected", "color": "#D55E00"}, {"start": 169, "end": 219, "text": "She was evidently happy, contented, warm, sincere.", "tag": "Other", "color": "#009E73"}]
[{"start": 55, "end": 76, "text": "he was in love. . . .", "tag": "Connected", "color": "#D55E00"}, {"start": 248, "end": 487, "text": "Enqu\u00eate\u2019s face did not cease to be cold; precisely at eight o\u2019clock every evening she said coldly, \u201cAu revoir, monsieur,\u201d and he felt she cared nothing about him, and never would care anything about him, and that his position was hopeless.", "tag": "Connected", "color": "#D55E00"}]
[{"start": 371, "end": 593, "text": "forgetting himself as though in delirium, he could not restrain himself, and barred her way as she was going from the study into the entry after the lesson, and, gasping for breath and stammering, began to declare his love", "tag": "Present", "color": "#0072B2"}]
[]
[{"start": 4, "end": 138, "text": "Alice turned pale\u2014probably from dismay, reflecting that after this declaration she could not come here again and get a rouble a lesson", "tag": "Present", "color": "#0072B2"}]
[{"start": 1, "end": 59, "text": "Ach, you mustn\u2019t! Don\u2019t speak, I entreat you! You mustn\u2019t!", "tag": "Connected", "color": "#D55E00"}]
[{"start": 4, "end": 218, "text": "Vorotov did not sleep all night afterwards; he was tortured by shame; he blamed himself and thought intensely. It seemed to him that he had insulted the girl by his declaration, that she would not come to him again", "tag": "Present", "color": "#0072B2"}]
[]
[]
[{"start": 127, "end": 254, "text": "when he is asked about his literary researches, he waves his hand, and without answering, turns the conversation to the weather", "tag": "Other", "color": "#009E73"}]
