[]
[{"start": 870, "end": 922, "text": "get to the end of her journey as quickly as could be", "tag": "Curious", "color": "#F0E442"}, {"start": 4, "end": 557, "text": "highroad was dry, a lovely April sun was shining warmly, but the snow was still lying in the ditches and in the woods. Winter, dark, long, and spiteful, was hardly over; spring had come all of a sudden. But neither the warmth nor the languid transparent woods, warmed by the breath of spring, nor the black flocks of birds flying over the huge puddles that were like lakes, nor the marvelous fathomless sky, into which it seemed one would have gone away so joyfully, presented anything new or interesting to Marya Vassilyevna who was sitting in the cart", "tag": "Present", "color": "#0072B2"}]
[{"start": 0, "end": 383, "text": "She felt as though she had been living in that part of the country for ages and ages, for a hundred years, and it seemed to her that she knew every stone, every tree on the road from the town to her school. Her past was here, her present was here, and she could imagine no other future than the school, the road to the town and back again, and again the school and again the road....", "tag": "Connected", "color": "#D55E00"}]
[{"start": 645, "end": 747, "text": "grown dim from the dampness of the school, and now nothing could be seen but the hair and the eyebrows", "tag": "Present", "color": "#0072B2"}, {"start": 8, "end": 87, "text": "got out of the habit of thinking of her past before she became a schoolmistress", "tag": "Connected", "color": "#D55E00"}, {"start": 214, "end": 307, "text": "but of all that life there was left in her memory only something vague and fluid like a dream", "tag": "Other", "color": "#009E73"}]
[]
[]
[]
[]
[{"start": 44, "end": 182, "text": "Marya Vassilyevna thought of her school, of the examination that was coming soon, and of the girl and four boys she was sending up for it.", "tag": "Connected", "color": "#D55E00"}]
[]
[{"start": 364, "end": 510, "text": "People said, too, that he drank heavily. And indeed at the examination the year before the very papers he brought with him smelt of wine and scent", "tag": "Connected", "color": "#D55E00"}, {"start": 624, "end": 681, "text": "all the while she sat beside him she had felt embarrassed", "tag": "Connected", "color": "#D55E00"}]
[]
[{"start": 202, "end": 380, "text": "Semyon tacked from side to side, keeping to the edge of the road, at one time through a snowdrift, at another through a pool, often jumping out of the cart and helping the horse.", "tag": "Present", "color": "#0072B2"}, {"start": 381, "end": 525, "text": "Marya Vassilyevna was still thinking about the school, wondering whether the arithmetic questions at the examination would be difficult or easy.", "tag": "Connected", "color": "#D55E00"}, {"start": 556, "end": 569, "text": "Zemstvo board", "tag": "Confused", "color": "#CC79A7"}, {"start": 705, "end": 713, "text": "watchman", "tag": "Confused", "color": "#CC79A7"}]
[]
[{"start": 0, "end": 206, "text": "The road grew worse and worse.... They drove into the wood. Here there was no room to turn round, the wheels sank deeply in, water splashed and gurgled through them, and sharp twigs struck them in the face.", "tag": "Present", "color": "#0072B2"}]
[{"start": 0, "end": 42, "text": "\u201cWhat a road!\u201d said Hanov, and he laughed.", "tag": "Connected", "color": "#D55E00"}]
[{"start": 58, "end": 87, "text": "why this queer man lived here", "tag": "Curious", "color": "#F0E442"}, {"start": 883, "end": 889, "text": "globes", "tag": "Confused", "color": "#CC79A7"}]
[]
[{"start": 0, "end": 443, "text": "The cart lurched violently and was on the point of upsetting; something heavy rolled on to Marya Vassilyevna\u2019s feet\u2014it was her parcel of purchases. There was a steep ascent uphill through the clay; here in the winding ditches rivulets were gurgling. The water seemed to have gnawed away the road; and how could one get along here! The horses breathed hard. Hanov got out of his carriage and walked at the side of the road in his long overcoat.", "tag": "Present", "color": "#0072B2"}]
[{"start": 0, "end": 83, "text": "\u201cWhat a road!\u201d he said, and laughed again. \u201cIt would soon smash up one\u2019s carriage.\u201d", "tag": "Connected", "color": "#D55E00"}]
[]
[]
[{"start": 55, "end": 193, "text": "yet in his walk there was something just perceptible which betrayed in him a being already touched by decay, weak, and on the road to ruin", "tag": "Present", "color": "#0072B2"}]
[{"start": 0, "end": 49, "text": "\u201cAnd it is beyond all understanding,\u201d she thought", "tag": "Connected", "color": "#D55E00"}]
[]
[{"start": 3, "end": 95, "text": " again she thought of her pupils, of the examination, of the watchman, of the School Council", "tag": "Connected", "color": "#D55E00"}]
[{"start": 78, "end": 86, "text": "watchman", "tag": "Confused", "color": "#CC79A7"}, {"start": 650, "end": 771, "text": "And this life was making her grow old and coarse, making her ugly, angular, and awkward, as though she were made of lead.", "tag": "Other", "color": "#009E73"}]
[]
[]
[{"start": 8, "end": 46, "text": "become a schoolmistress from necessity", "tag": "Connected", "color": "#D55E00"}, {"start": 207, "end": 295, "text": "most important in her work was not the children, nor enlightenment, but the examinations", "tag": "Connected", "color": "#D55E00"}, {"start": 301, "end": 382, "text": "what time had she for thinking of vocation, of serving the cause of enlightenment", "tag": "Connected", "color": "#D55E00"}, {"start": 384, "end": 669, "text": "Teachers, badly paid doctors, and their assistants, with their terribly hard work, have not even the comfort of thinking that they are serving an idea or the people, as their heads are always stuffed with thoughts of their daily bread, of wood for the fire, of bad roads, of illnesses.", "tag": "Other", "color": "#009E73"}]
[]
[{"start": 35, "end": 477, "text": "Near the tavern on the dung-strewn earth, where the snow was still lying, there stood wagons that had brought great bottles of crude sulphuric acid. There were a great many people in the tavern, all drivers, and there was a smell of vodka, tobacco, and sheepskins. There was a loud noise of conversation and the banging of the swing-door. Through the wall, without ceasing for a moment, came the sound of a concertina being played in the shop", "tag": "Present", "color": "#0072B2"}]
[]
[]
[]
[]
[]
[]
[]
[]
[]
[]
[{"start": 0, "end": 18, "text": "\u201cShe\u2019s all right!\u201d", "tag": "Other", "color": "#009E73"}]
[{"start": 0, "end": 647, "text": "The swing-door was continually banging, some coming in, others going out. Marya Vassilyevna sat on, thinking all the time of the same things, while the concertina went on playing and playing. The patches of sunshine had been on the floor, then they passed to the counter, to the wall, and disappeared altogether; so by the sun it was past midday. The peasants at the next table were getting ready to go. The little man, somewhat unsteadily, went up to Marya Vassilyevna and held out his hand to her; following his example, the others shook hands, too, at parting, and went out one after another, and the swing-door squeaked and slammed nine times.", "tag": "Present", "color": "#0072B2"}]
[]
[]
[]
[{"start": 0, "end": 12, "text": "\u201cWhy, what?\u201d", "tag": "Curious", "color": "#F0E442"}]
[]
[]
[]
[{"start": 65, "end": 341, "text": "The peasants did not believe her. They always thought she received too large a salary, twenty-one roubles a month (five would have been enough), and that of the money that she collected from the children for the firewood and the watchman the greater part she kept for herself.", "tag": "Connected", "color": "#D55E00"}]
[]
[]
[]
[]
[]
[]
[]
[{"start": 0, "end": 315, "text": "They reached the river. In the summer it was a little stream easily crossed by wading. It usually dried up in August, but now, after the spring floods, it was a river forty feet in breadth, rapid, muddy, and cold; on the bank and right up to the water there were fresh tracks of wheels, so it had been crossed here.", "tag": "Present", "color": "#0072B2"}]
[{"start": 17, "end": 126, "text": "Semyon angrily and anxiously, tugging violently at the reins and jerking his elbows as a bird does its wings.", "tag": "Present", "color": "#0072B2"}]
[{"start": 108, "end": 169, "text": "Marya Vassilyevna was aware of a keen chilliness in her feet.", "tag": "Other", "color": "#009E73"}]
[]
[]
[]
[{"start": 0, "end": 184, "text": "Her shoes and goloshes were full of water, the lower part of her dress and of her coat and one sleeve were wet and dripping: the sugar and flour had got wet, and that was worst of all,", "tag": "Present", "color": "#0072B2"}, {"start": 189, "end": 244, "text": "Marya Vassilyevna could only clasp her hands in despair", "tag": "Connected", "color": "#D55E00"}]
[{"start": 1, "end": 49, "text": "Oh, Semyon, Semyon! How tiresome you are really!", "tag": "Connected", "color": "#D55E00"}]
[{"start": 188, "end": 451, "text": "Vyazovye was in sight now, and the school with the green roof, and the church with its crosses flashing in the evening sun: and the station windows flashed too, and a pink smoke rose from the engine... and it seemed to her that everything was trembling with cold.", "tag": "Present", "color": "#0072B2"}]
[{"start": 0, "end": 131, "text": "Here was the train; the windows reflected the gleaming light like the crosses on the church: it made her eyes ache to look at them.", "tag": "Present", "color": "#0072B2"}, {"start": 262, "end": 925, "text": "Her mother! What a resemblance! Her mother had had just such luxuriant hair, just such a brow and bend of the head. And with amazing distinctness, for the first time in those thirteen years, there rose before her mind a vivid picture of her mother, her father, her brother, their flat in Moscow, the aquarium with little fish, everything to the tiniest detail; she heard the sound of the piano, her father\u2019s voice; she felt as she had been then, young, good-looking, well-dressed, in a bright warm room among her own people. A feeling of joy and happiness suddenly came over her, she pressed her hands to her temples in an ecstacy, and called softly, beseechingly", "tag": "Other", "color": "#009E73"}]
[]
[{"start": 358, "end": 500, "text": "Her father and mother had never died, she had never been a schoolmistress, it was a long, tedious, strange dream, and now she had awakened....", "tag": "Confused", "color": "#CC79A7"}]
[]
[]
[]
