2022-06-27 18:06:37,178 INFO : id10 logged in successfully
2022-06-27 18:08:06,756 INFO : Survey1: {'firstPageQuestions0': "I like the nervousness of the character, it's relatable", 'firstPageQuestions1': '... is he gonna fall in love with his new teacher??'}
2022-06-27 18:19:49,914 INFO : Survey2: {'lastPageQuestionsRadio0': '4', 'lastPageQuestionsRadio1': '4', 'lastPageQuestionsRadio2': '4', 'lastPageQuestionsRadio3': '5', 'lastPageQuestionsRadio4': '3', 'lastPageQuestionsRadio5': '4', 'lastPageQuestionsRadio6': '3', 'lastPageQuestionsRadio7': '4', 'lastPageQuestionsRadio8': '2', 'lastPageQuestionsFreeform0': 'He should have kept his feelings to himself'}
2022-06-27 18:20:32,681 INFO : Highlight: [{'start': 0, 'end': 101, 'text': '“It’s awful! Without languages I’m like a bird without wings. I might just as well give up the work.”', 'tag': 'Curious', 'color': '#F0E442'}, {'paragraph': 2}]
2022-06-27 18:20:32,735 INFO : Highlight: [{'start': 0, 'end': 101, 'text': '“It’s awful! Without languages I’m like a bird without wings. I might just as well give up the work.”', 'tag': 'Curious', 'color': '#F0E442'}, {'start': 11, 'end': 13, 'text': '! ', 'tag': 'Curious', 'color': '#F0E442'}, {'paragraph': 2}]
2022-06-27 18:20:32,747 INFO : Highlight: [{'start': 11, 'end': 13, 'text': '! ', 'tag': 'Curious', 'color': '#F0E442'}, {'paragraph': 2}]
2022-06-27 18:20:35,905 INFO : Highlight: [{'start': 11, 'end': 13, 'text': '! ', 'tag': 'Curious', 'color': '#F0E442'}, {'start': 0, 'end': 8, 'text': '“It’s aw', 'tag': 'Curious', 'color': '#F0E442'}, {'paragraph': 2}]
2022-06-27 18:20:37,645 INFO : Highlight: [{'start': 0, 'end': 8, 'text': '“It’s aw', 'tag': 'Curious', 'color': '#F0E442'}, {'paragraph': 2}]
2022-06-27 18:20:38,105 INFO : Highlight: [{'paragraph': 2}]
2022-06-27 18:20:41,672 INFO : Highlight: [{'start': 0, 'end': 100, 'text': '“It’s awful! Without languages I’m like a bird without wings. I might just as well give up the work.', 'tag': 'Curious', 'color': '#F0E442'}, {'paragraph': 2}]
2022-06-27 18:20:57,608 INFO : Highlight: [{'start': 0, 'end': 208, 'text': 'And a young lady elaborately dressed in the last fashion walked in. She introduced herself as a teacher of French, Alice Osipovna Enquête, and told Vorotov that she had been sent to him by one of his friends.', 'tag': 'Present', 'color': '#0072B2'}, {'paragraph': 6}]
2022-06-27 18:21:29,514 INFO : Highlight: [{'start': 0, 'end': 37, 'text': 'With a cold, business-like expression', 'tag': 'Connected', 'color': '#D55E00'}, {'paragraph': 11}]
2022-06-27 18:22:19,073 INFO : Highlight: [{'start': 0, 'end': 44, 'text': 'The French girl looked at him in perplexity.', 'tag': 'Connected', 'color': '#D55E00'}, {'paragraph': 20}]
2022-06-27 18:22:53,917 INFO : Highlight: [{'start': 43, 'end': 66, 'text': 'saying coldly and dryly', 'tag': 'Connected', 'color': '#D55E00'}, {'paragraph': 29}]
2022-06-27 18:23:56,522 INFO : Highlight: [{'start': 732, 'end': 886, 'text': 'He kept wondering how to inspire her with confidence and get to know her better, and to help her, to make her understand how badly she taught, poor thing.', 'tag': 'Curious', 'color': '#F0E442'}, {'paragraph': 35}]
2022-06-27 18:24:17,052 INFO : Highlight: [{'start': 67, 'end': 153, 'text': 'he understood why Frenchwomen had the reputation of frivolous creatures easily seduced', 'tag': 'Confused', 'color': '#CC79A7'}, {'paragraph': 37}]
2022-06-27 18:24:35,978 INFO : Highlight: [{'start': 67, 'end': 153, 'text': 'he understood why Frenchwomen had the reputation of frivolous creatures easily seduced', 'tag': 'Confused', 'color': '#CC79A7'}, {'start': 227, 'end': 314, 'text': 'while she, unconscious of his thoughts and probably not in the least interested in them', 'tag': 'Connected', 'color': '#D55E00'}, {'paragraph': 37}]
2022-06-27 18:25:00,099 INFO : Highlight: [{'start': 224, 'end': 305, 'text': 'Seeing her out after the lesson, Vorotov dressed and went to the theatre himself.', 'tag': 'Curious', 'color': '#F0E442'}, {'paragraph': 39}]
2022-06-27 18:25:23,983 INFO : Highlight: [{'start': 404, 'end': 477, 'text': 'and for the first time in his life experienced the sensation of jealousy.', 'tag': 'Other', 'color': '#009E73'}, {'paragraph': 40}]
2022-06-27 18:26:12,988 INFO : Highlight: [{'start': 0, 'end': 60, 'text': '“Ach, you mustn’t! Don’t speak, I entreat you! You mustn’t!”', 'tag': 'Connected', 'color': '#D55E00'}, {'paragraph': 46}]
2022-06-27 18:26:23,793 INFO : Highlight: [{'start': 0, 'end': 202, 'text': 'And Alice turned pale—probably from dismay, reflecting that after this declaration she could not come here again and get a rouble a lesson. With a frightened look in her eyes she said in a loud whisper:', 'tag': 'Present', 'color': '#0072B2'}, {'paragraph': 45}]
2022-06-27 18:26:36,887 INFO : Highlight: [{'start': 48, 'end': 72, 'text': 'he was tortured by shame', 'tag': 'Other', 'color': '#009E73'}, {'paragraph': 47}]
2022-06-27 18:26:41,614 INFO : Highlight: [{'paragraph': 47}]
2022-06-27 18:26:44,623 INFO : Highlight: [{'start': 48, 'end': 114, 'text': 'he was tortured by shame; he blamed himself and thought intensely.', 'tag': 'Other', 'color': '#009E73'}, {'paragraph': 47}]
2022-06-27 18:27:02,312 INFO : Highlight: [{'start': 0, 'end': 255, 'text': 'She still comes to this day. Four books have already been translated, but Vorotov knows no French but the word “Mémoires,” and when he is asked about his literary researches, he waves his hand, and without answering, turns the conversation to the weather.', 'tag': 'Curious', 'color': '#F0E442'}, {'paragraph': 50}]
