2022-06-30 00:13:53,178 INFO : id11 logged in successfully
2022-06-30 00:16:09,756 INFO : Survey1: {'firstPageQuestions0': 'The wide use of vocabulary. The unromantic depiction of the characters.\n', 'firstPageQuestions1': 'Is it originally written in another language? There are words that seem arranged poorly, as if translated quickly.'}
2022-06-30 00:26:12,739 INFO : Survey2: {'lastPageQuestionsRadio0': '2', 'lastPageQuestionsRadio1': '4', 'lastPageQuestionsRadio2': '3', 'lastPageQuestionsRadio3': '5', 'lastPageQuestionsRadio4': '1', 'lastPageQuestionsRadio5': '1', 'lastPageQuestionsRadio6': '4', 'lastPageQuestionsRadio7': '1', 'lastPageQuestionsRadio8': '4', 'lastPageQuestionsFreeform0': 'It displayed a rather outdated attitude towards women that was not charming, and hindered my ability to sympathize with the main character. Also, I was confused why the love interest was referred to by different names at different times. '}
2022-06-30 00:27:13,959 INFO : Highlight: [{'start': 57, 'end': 59, 'text': 'is', 'tag': 'Confused', 'color': '#CC79A7'}, {'paragraph': 0}]
2022-06-30 00:27:32,703 INFO : Highlight: [{'start': 23, 'end': 129, 'text': 'breathing hard (although he was only twenty-six he was fat, heavy, and suffered from shortness of breath).', 'tag': 'Present', 'color': '#0072B2'}, {'paragraph': 1}]
2022-06-30 00:27:48,798 INFO : Highlight: [{'start': 106, 'end': 123, 'text': 'began to look out', 'tag': 'Confused', 'color': '#CC79A7'}, {'paragraph': 3}]
2022-06-30 00:28:00,101 INFO : Highlight: [{'start': 62, 'end': 65, 'text': 'the', 'tag': 'Confused', 'color': '#CC79A7'}, {'paragraph': 4}]
2022-06-30 00:28:29,352 INFO : Highlight: [{'start': 115, 'end': 214, 'text': 'to breathe more freely he always wore a nightshirt at work instead of a stiff linen one with collar', 'tag': 'Present', 'color': '#0072B2'}, {'paragraph': 7}]
2022-06-30 00:28:45,133 INFO : Highlight: [{'start': 75, 'end': 117, 'text': 'he was a genuine Frenchwoman, very elegant', 'tag': 'Curious', 'color': '#F0E442'}, {'paragraph': 8}]
2022-06-30 00:29:03,018 INFO : Highlight: [{'start': 75, 'end': 117, 'text': 'he was a genuine Frenchwoman, very elegant', 'tag': 'Curious', 'color': '#F0E442'}, {'start': 394, 'end': 522, 'text': 'not less than three-and-twenty and might be twenty-five; but then again he began to think she was not more than eighteen. Her fa', 'tag': 'Confused', 'color': '#CC79A7'}, {'paragraph': 8}]
2022-06-30 00:29:03,133 INFO : Highlight: [{'start': 75, 'end': 117, 'text': 'he was a genuine Frenchwoman, very elegant', 'tag': 'Curious', 'color': '#F0E442'}, {'start': 394, 'end': 522, 'text': 'not less than three-and-twenty and might be twenty-five; but then again he began to think she was not more than eighteen. Her fa', 'tag': 'Confused', 'color': '#CC79A7'}, {'start': 520, 'end': 520, 'text': '', 'tag': 'Confused', 'color': '#CC79A7'}, {'paragraph': 8}]
2022-06-30 00:29:03,151 INFO : Highlight: [{'start': 75, 'end': 117, 'text': 'he was a genuine Frenchwoman, very elegant', 'tag': 'Curious', 'color': '#F0E442'}, {'start': 520, 'end': 520, 'text': '', 'tag': 'Confused', 'color': '#CC79A7'}, {'paragraph': 8}]
2022-06-30 00:29:03,705 INFO : Highlight: [{'start': 75, 'end': 117, 'text': 'he was a genuine Frenchwoman, very elegant', 'tag': 'Curious', 'color': '#F0E442'}, {'start': 520, 'end': 520, 'text': '', 'tag': 'Confused', 'color': '#CC79A7'}, {'start': 516, 'end': 519, 'text': 'Her', 'tag': 'Confused', 'color': '#CC79A7'}, {'paragraph': 8}]
2022-06-30 00:29:11,713 INFO : Highlight: [{'start': 75, 'end': 117, 'text': 'he was a genuine Frenchwoman, very elegant', 'tag': 'Curious', 'color': '#F0E442'}, {'start': 520, 'end': 520, 'text': '', 'tag': 'Confused', 'color': '#CC79A7'}, {'start': 516, 'end': 519, 'text': 'Her', 'tag': 'Confused', 'color': '#CC79A7'}, {'start': 365, 'end': 515, 'text': 'Vorotov thought that she was not less than three-and-twenty and might be twenty-five; but then again he began to think she was not more than eighteen.', 'tag': 'Confused', 'color': '#CC79A7'}, {'paragraph': 8}]
2022-06-30 00:29:12,440 INFO : Highlight: [{'start': 75, 'end': 117, 'text': 'he was a genuine Frenchwoman, very elegant', 'tag': 'Curious', 'color': '#F0E442'}, {'start': 520, 'end': 520, 'text': '', 'tag': 'Confused', 'color': '#CC79A7'}, {'start': 365, 'end': 515, 'text': 'Vorotov thought that she was not less than three-and-twenty and might be twenty-five; but then again he began to think she was not more than eighteen.', 'tag': 'Confused', 'color': '#CC79A7'}, {'paragraph': 8}]
2022-06-30 00:29:12,976 INFO : Highlight: [{'start': 75, 'end': 117, 'text': 'he was a genuine Frenchwoman, very elegant', 'tag': 'Curious', 'color': '#F0E442'}, {'start': 520, 'end': 520, 'text': '', 'tag': 'Confused', 'color': '#CC79A7'}, {'start': 365, 'end': 515, 'text': 'Vorotov thought that she was not less than three-and-twenty and might be twenty-five; but then again he began to think she was not more than eighteen.', 'tag': 'Confused', 'color': '#CC79A7'}, {'start': 516, 'end': 516, 'text': '', 'tag': 'Confused', 'color': '#CC79A7'}, {'paragraph': 8}]
2022-06-30 00:29:28,536 INFO : Highlight: [{'start': 114, 'end': 131, 'text': 'a rouble a lesson', 'tag': 'Confused', 'color': '#CC79A7'}, {'paragraph': 9}]
2022-06-30 00:29:35,142 INFO : Highlight: [{'start': 114, 'end': 131, 'text': 'a rouble a lesson', 'tag': 'Confused', 'color': '#CC79A7'}, {'start': 114, 'end': 114, 'text': '', 'tag': 'Other', 'color': '#009E73'}, {'paragraph': 9}]
2022-06-30 00:29:35,149 INFO : Highlight: [{'start': 114, 'end': 114, 'text': '', 'tag': 'Other', 'color': '#009E73'}, {'paragraph': 9}]
2022-06-30 00:29:46,847 INFO : Highlight: [{'start': 117, 'end': 134, 'text': 'stroking the baiz', 'tag': 'Confused', 'color': '#CC79A7'}, {'paragraph': 10}]
2022-06-30 00:29:58,864 INFO : Highlight: [{'start': 0, 'end': 38, 'text': 'With a cold, business-like expression,', 'tag': 'Connected', 'color': '#D55E00'}, {'paragraph': 11}]
2022-06-30 00:30:08,766 INFO : Highlight: [{'start': 0, 'end': 38, 'text': 'With a cold, business-like expression,', 'tag': 'Connected', 'color': '#D55E00'}, {'start': 178, 'end': 192, 'text': 'd died lately ', 'tag': 'Connected', 'color': '#D55E00'}, {'paragraph': 11}]
2022-06-30 00:30:26,372 INFO : Highlight: [{'start': 110, 'end': 134, 'text': 'could not settle to work', 'tag': 'Confused', 'color': '#CC79A7'}, {'paragraph': 12}]
2022-06-30 00:30:42,032 INFO : Highlight: [{'start': 0, 'end': 46, 'text': 'Having never seen virtuous Frenchwomen before,', 'tag': 'Confused', 'color': '#CC79A7'}, {'paragraph': 14}]
2022-06-30 00:30:59,971 INFO : Highlight: [{'start': 90, 'end': 111, 'text': ' rosy from the frost.', 'tag': 'Present', 'color': '#0072B2'}, {'paragraph': 15}]
2022-06-30 00:31:13,817 INFO : Highlight: [{'start': 196, 'end': 218, 'text': 'comparative philology,', 'tag': 'Confused', 'color': '#CC79A7'}, {'paragraph': 17}]
2022-06-30 00:31:20,451 INFO : Highlight: [{'start': 196, 'end': 218, 'text': 'comparative philology,', 'tag': 'Confused', 'color': '#CC79A7'}, {'start': 196, 'end': 196, 'text': '', 'tag': 'Curious', 'color': '#F0E442'}, {'paragraph': 17}]
2022-06-30 00:31:58,782 INFO : Highlight: [{'start': 138, 'end': 160, 'text': 'wearied the young lady', 'tag': 'Curious', 'color': '#F0E442'}, {'paragraph': 27}]
2022-06-30 00:31:59,187 INFO : Highlight: [{'start': 138, 'end': 160, 'text': 'wearied the young lady', 'tag': 'Curious', 'color': '#F0E442'}, {'start': 156, 'end': 160, 'text': 'lady', 'tag': 'Curious', 'color': '#F0E442'}, {'paragraph': 27}]
2022-06-30 00:32:02,572 INFO : Highlight: [{'start': 138, 'end': 160, 'text': 'wearied the young lady', 'tag': 'Curious', 'color': '#F0E442'}, {'start': 156, 'end': 160, 'text': 'lady', 'tag': 'Curious', 'color': '#F0E442'}, {'start': 179, 'end': 189, 'text': 'questions ', 'tag': 'Present', 'color': '#0072B2'}, {'paragraph': 27}]
2022-06-30 00:32:05,103 INFO : Highlight: [{'start': 138, 'end': 160, 'text': 'wearied the young lady', 'tag': 'Curious', 'color': '#F0E442'}, {'start': 156, 'end': 160, 'text': 'lady', 'tag': 'Curious', 'color': '#F0E442'}, {'start': 179, 'end': 189, 'text': 'questions ', 'tag': 'Present', 'color': '#0072B2'}, {'start': 189, 'end': 198, 'text': 'languidly', 'tag': 'Present', 'color': '#0072B2'}, {'paragraph': 27}]
2022-06-30 00:32:22,005 INFO : Highlight: [{'start': 42, 'end': 90, 'text': ' saying coldly and dryly, “Au revoir, monsieur,”', 'tag': 'Connected', 'color': '#D55E00'}, {'paragraph': 29}]
2022-06-30 00:32:56,253 INFO : Highlight: [{'start': 106, 'end': 196, 'text': 'er face quivered and her cold, business-like expression vanished. She coloured a little, a', 'tag': 'Present', 'color': '#0072B2'}, {'paragraph': 32}]
2022-06-30 00:33:02,717 INFO : Highlight: [{'start': 106, 'end': 196, 'text': 'er face quivered and her cold, business-like expression vanished. She coloured a little, a', 'tag': 'Present', 'color': '#0072B2'}, {'start': 292, 'end': 304, 'text': 'perturbation', 'tag': 'Other', 'color': '#009E73'}, {'paragraph': 32}]
2022-06-30 00:33:20,874 INFO : Highlight: [{'start': 249, 'end': 357, 'text': 'it struck him that she might have interpreted his brief absence in some way of her own, and he felt awkward.', 'tag': 'Confused', 'color': '#CC79A7'}, {'paragraph': 34}]
2022-06-30 00:33:26,241 INFO : Highlight: [{'start': 12, 'end': 18, 'text': 'began ', 'tag': 'Confused', 'color': '#CC79A7'}, {'paragraph': 35}]
2022-06-30 00:33:47,633 INFO : Highlight: [{'start': 46, 'end': 85, 'text': ' smart pink dress, slightly décolleté, ', 'tag': 'Confused', 'color': '#CC79A7'}, {'paragraph': 36}]
2022-06-30 00:33:57,387 INFO : Highlight: [{'start': 46, 'end': 85, 'text': ' smart pink dress, slightly décolleté, ', 'tag': 'Confused', 'color': '#CC79A7'}, {'start': 136, 'end': 168, 'text': 'to be wrapped in a cloud, and, i', 'tag': 'Confused', 'color': '#CC79A7'}, {'paragraph': 36}]
2022-06-30 00:34:19,153 INFO : Highlight: [{'start': 0, 'end': 146, 'text': '“‘He was walking the street and meeting a gentleman his friend and saying, “Where are you striving to seeing your face so pale it makes me sad.”’”', 'tag': 'Confused', 'color': '#CC79A7'}, {'paragraph': 38}]
2022-06-30 00:34:35,244 INFO : Highlight: [{'start': 83, 'end': 148, 'text': 'k. One day she came an hour too early for the lesson, apologizing', 'tag': 'Connected', 'color': '#D55E00'}, {'paragraph': 39}]
2022-06-30 00:34:41,697 INFO : Highlight: [{'start': 83, 'end': 148, 'text': 'k. One day she came an hour too early for the lesson, apologizing', 'tag': 'Connected', 'color': '#D55E00'}, {'start': 201, 'end': 224, 'text': 'to the Little Theatre. ', 'tag': 'Curious', 'color': '#F0E442'}, {'paragraph': 39}]
2022-06-30 00:35:25,143 INFO : Highlight: [{'start': 310, 'end': 386, 'text': 'nd Vorotov felt there was a terrible gulf between himself and that circle. H', 'tag': 'Curious', 'color': '#F0E442'}, {'paragraph': 41}]
2022-06-30 00:35:30,947 INFO : Highlight: [{'start': 310, 'end': 386, 'text': 'nd Vorotov felt there was a terrible gulf between himself and that circle. H', 'tag': 'Curious', 'color': '#F0E442'}, {'start': 429, 'end': 440, 'text': 'chilly nod ', 'tag': 'Connected', 'color': '#D55E00'}, {'paragraph': 41}]
2022-06-30 00:35:47,600 INFO : Highlight: [{'start': 240, 'end': 369, 'text': ' Mdlle. Enquête’s face did not cease to be cold; precisely at eight o’clock every evening she said coldly, “Au revoir, monsieur,”', 'tag': 'Present', 'color': '#0072B2'}, {'paragraph': 42}]
2022-06-30 00:36:06,709 INFO : Highlight: [{'start': 0, 'end': 60, 'text': '“Ach, you mustn’t! Don’t speak, I entreat you! You mustn’t!”', 'tag': 'Confused', 'color': '#CC79A7'}, {'paragraph': 46}]
2022-06-30 00:36:10,750 INFO : Highlight: [{'start': 0, 'end': 60, 'text': '“Ach, you mustn’t! Don’t speak, I entreat you! You mustn’t!”', 'tag': 'Confused', 'color': '#CC79A7'}, {'start': 0, 'end': 69, 'text': '', 'tag': 'Present', 'color': '#0072B2'}, {'paragraph': 46}]
2022-06-30 00:36:10,757 INFO : Highlight: [{'start': 0, 'end': 0, 'text': '', 'tag': 'Present', 'color': '#0072B2'}, {'paragraph': 46}]
2022-06-30 00:36:19,242 INFO : Highlight: [{'start': 48, 'end': 69, 'text': 'he was tortured by sh', 'tag': 'Other', 'color': '#009E73'}, {'paragraph': 47}]
2022-06-30 00:36:21,053 INFO : Highlight: [{'start': 48, 'end': 69, 'text': 'he was tortured by sh', 'tag': 'Other', 'color': '#009E73'}, {'start': 69, 'end': 69, 'text': '', 'tag': 'Other', 'color': '#009E73'}, {'paragraph': 47}]
2022-06-30 00:36:21,056 INFO : Highlight: [{'start': 69, 'end': 69, 'text': '', 'tag': 'Other', 'color': '#009E73'}, {'paragraph': 47}]
2022-06-30 00:36:31,724 INFO : Highlight: [{'start': 78, 'end': 148, 'text': 'd to write her a letter of apology. But Alice came without a letter. F', 'tag': 'Present', 'color': '#0072B2'}, {'paragraph': 48}]
2022-06-30 00:36:44,292 INFO : Highlight: [{'start': 0, 'end': 114, 'text': '“‘Oh, young gentleman, don’t tear those flowers in my garden which I want to be giving to my ill daughter. . . .’”', 'tag': 'Other', 'color': '#009E73'}, {'paragraph': 49}]
2022-06-30 00:36:50,544 INFO : Highlight: [{'start': 68, 'end': 118, 'text': ', but Vorotov knows no French but the word “Mémoir', 'tag': 'Present', 'color': '#0072B2'}, {'paragraph': 50}]