2022-09-04 16:47:48,314 INFO : id17 logged in successfully
2022-09-04 16:58:55,298 INFO : Survey1: {'firstPageQuestions1': 'if shes going to reconnect with her brother or find something happy to think about', 'firstPageQuestions0': 'Mayra seems interesting'}
2022-09-04 17:05:41,682 INFO : Survey2: {'lastPageQuestionsRadio0': '5', 'lastPageQuestionsRadio1': '4', 'lastPageQuestionsRadio2': '4', 'lastPageQuestionsRadio3': '4', 'lastPageQuestionsRadio4': '4', 'lastPageQuestionsRadio5': '5', 'lastPageQuestionsRadio6': '2', 'lastPageQuestionsRadio7': '3', 'lastPageQuestionsRadio8': '3', 'lastPageQuestionsFreeform0': 'It was good, i felt a bit bad for Marya, as she seems to be trapped in a kinda unhappy life. I hope she finds joy.'}
2022-09-04 17:07:50,603 INFO : Highlight: [{'start': 0, 'end': 122, 'text': 'The highroad was dry, a lovely April sun was shining warmly, but the snow was still lying in the ditches and in the woods.', 'tag': 'Present', 'color': '#0072B2'}, {'paragraph': 1}]
2022-09-04 17:08:12,132 INFO : Highlight: [{'start': 0, 'end': 122, 'text': 'The highroad was dry, a lovely April sun was shining warmly, but the snow was still lying in the ditches and in the woods.', 'tag': 'Present', 'color': '#0072B2'}, {'start': 264, 'end': 469, 'text': ' warmed by the breath of spring, nor the black flocks of birds flying over the huge puddles that were like lakes, nor the marvelous fathomless sky, into which it seemed one would have gone away so joyfully', 'tag': 'Present', 'color': '#0072B2'}, {'paragraph': 1}]
2022-09-04 17:08:22,710 INFO : Highlight: [{'start': 0, 'end': 122, 'text': 'The highroad was dry, a lovely April sun was shining warmly, but the snow was still lying in the ditches and in the woods.', 'tag': 'Present', 'color': '#0072B2'}, {'start': 264, 'end': 469, 'text': ' warmed by the breath of spring, nor the black flocks of birds flying over the huge puddles that were like lakes, nor the marvelous fathomless sky, into which it seemed one would have gone away so joyfully', 'tag': 'Present', 'color': '#0072B2'}, {'start': 558, 'end': 923, 'text': ' For thirteen years she had been schoolmistress, and there was no reckoning how many times during all those years she had been to the town for her salary; and whether it were spring as now, or a rainy autumn evening, or winter, it was all the same to her, and she always—invariably—longed for one thing only, to get to the end of her journey as quickly as could be.', 'tag': 'Connected', 'color': '#D55E00'}, {'paragraph': 1}]
2022-09-04 17:08:29,279 INFO : Highlight: [{'start': 1, 'end': 106, 'text': 'he felt as though she had been living in that part of the country for ages and ages, for a hundred years,', 'tag': 'Confused', 'color': '#CC79A7'}, {'paragraph': 2}]
2022-09-04 17:08:32,679 INFO : Highlight: [{'start': 1, 'end': 106, 'text': 'he felt as though she had been living in that part of the country for ages and ages, for a hundred years,', 'tag': 'Confused', 'color': '#CC79A7'}, {'start': 0, 'end': 1, 'text': 'S', 'tag': 'Confused', 'color': '#CC79A7'}, {'paragraph': 2}]
2022-09-04 17:08:36,750 INFO : Highlight: [{'start': 0, 'end': 1, 'text': 'S', 'tag': 'Confused', 'color': '#CC79A7'}, {'paragraph': 2}]
2022-09-04 17:08:37,750 INFO : Highlight: [{'paragraph': 2}]
2022-09-04 17:08:42,643 INFO : Highlight: [{'start': 0, 'end': 106, 'text': 'She felt as though she had been living in that part of the country for ages and ages, for a hundred years,', 'tag': 'Confused', 'color': '#CC79A7'}, {'paragraph': 2}]
2022-09-04 17:08:53,612 INFO : Highlight: [{'start': 0, 'end': 106, 'text': 'She felt as though she had been living in that part of the country for ages and ages, for a hundred years,', 'tag': 'Confused', 'color': '#CC79A7'}, {'start': 207, 'end': 379, 'text': 'Her past was here, her present was here, and she could imagine no other future than the school, the road to the town and back again, and again the school and again the road', 'tag': 'Other', 'color': '#009E73'}, {'paragraph': 2}]
2022-09-04 17:09:18,810 INFO : Highlight: [{'start': 117, 'end': 308, 'text': ' She had once had a father and mother; they had lived in Moscow in a big flat near the Red Gate, but of all that life there was left in her memory only something vague and fluid like a dream.', 'tag': 'Connected', 'color': '#D55E00'}, {'paragraph': 3}]
2022-09-04 17:09:20,153 INFO : Highlight: [{'paragraph': 3}]
2022-09-04 17:09:23,013 INFO : Highlight: [{'start': 213, 'end': 307, 'text': ' but of all that life there was left in her memory only something vague and fluid like a dream', 'tag': 'Connected', 'color': '#D55E00'}, {'paragraph': 3}]
2022-09-04 17:09:42,842 INFO : Highlight: [{'start': 213, 'end': 307, 'text': ' but of all that life there was left in her memory only something vague and fluid like a dream', 'tag': 'Connected', 'color': '#D55E00'}, {'start': 427, 'end': 560, 'text': 'at first they used to write to each other, then her brother had given up answering her letters, he had got out of the way of writing.', 'tag': 'Connected', 'color': '#D55E00'}, {'paragraph': 3}]
2022-09-04 17:10:03,477 INFO : Highlight: [{'start': 182, 'end': 442, 'text': ' And just as she was thinking about the examination, she was overtaken by a neighboring landowner called Hanov in a carriage with four horses, the very man who had been examiner in her school the year before. When he came up to her he recognized her and bowed.', 'tag': 'Present', 'color': '#0072B2'}, {'paragraph': 8}]
2022-09-04 17:10:38,324 INFO : Highlight: [{'start': 233, 'end': 363, 'text': 'people used to say of him that he did nothing at home but walk up and down the room whistling, or play chess with his old footman.', 'tag': 'Connected', 'color': '#D55E00'}, {'paragraph': 10}]
2022-09-04 17:10:49,243 INFO : Highlight: [{'start': 233, 'end': 363, 'text': 'people used to say of him that he did nothing at home but walk up and down the room whistling, or play chess with his old footman.', 'tag': 'Connected', 'color': '#D55E00'}, {'start': 754, 'end': 838, 'text': 'while this one did not remember a single prayer, or know what to ask questions about', 'tag': 'Connected', 'color': '#D55E00'}, {'paragraph': 10}]
2022-09-04 17:11:11,840 INFO : Highlight: [{'start': 530, 'end': 802, 'text': 'she felt annoyed with the Zemstvo board at which she had found no one the day before. How unbusiness-like! Here she had been asking them for the last two years to dismiss the watchman, who did nothing, was rude to her, and hit the schoolboys; but no one paid any attention', 'tag': 'Curious', 'color': '#F0E442'}, {'paragraph': 12}]
2022-09-04 17:11:27,925 INFO : Highlight: [{'start': 34, 'end': 206, 'text': 'They drove into the wood. Here there was no room to turn round, the wheels sank deeply in, water splashed and gurgled through them, and sharp twigs struck them in the face.', 'tag': 'Present', 'color': '#0072B2'}, {'paragraph': 14}]
2022-09-04 17:12:05,862 INFO : Highlight: [{'start': 148, 'end': 295, 'text': 'There was a steep ascent uphill through the clay; here in the winding ditches rivulets were gurgling. The water seemed to have gnawed away the road', 'tag': 'Present', 'color': '#0072B2'}, {'paragraph': 18}]
2022-09-04 17:12:21,919 INFO : Highlight: [{'start': 89, 'end': 224, 'text': 'What could his money, his interesting appearance, his refined bearing do for him here, in this mud, in this God-forsaken, dreary place?', 'tag': 'Connected', 'color': '#D55E00'}, {'paragraph': 16}]
2022-09-04 17:12:41,095 INFO : Highlight: [{'start': 51, 'end': 193, 'text': 'but yet in his walk there was something just perceptible which betrayed in him a being already touched by decay, weak, and on the road to ruin', 'tag': 'Present', 'color': '#0072B2'}, {'paragraph': 22}]
2022-09-04 17:12:58,648 INFO : Highlight: [{'start': 201, 'end': 287, 'text': 'She longed to think of beautiful eyes, of love, of the happiness which would never be.', 'tag': 'Connected', 'color': '#D55E00'}, {'paragraph': 25}]
2022-09-04 17:13:12,265 INFO : Highlight: [{'start': 586, 'end': 588, 'text': 'An', 'tag': 'Present', 'color': '#0072B2'}, {'paragraph': 26}]
2022-09-04 17:13:12,631 INFO : Highlight: [{'paragraph': 26}]
2022-09-04 17:13:21,455 INFO : Highlight: [{'start': 585, 'end': 793, 'text': ' And at night she dreamed of examinations, peasants, snowdrifts. And this life was making her grow old and coarse, making her ugly, angular, and awkward, as though she were made of lead. She was always afraid', 'tag': 'Connected', 'color': '#D55E00'}, {'paragraph': 26}]
2022-09-04 17:13:36,452 INFO : Highlight: [{'start': 0, 'end': 84, 'text': 'She had become a schoolmistress from necessity, without feeling any vocation for it;', 'tag': 'Confused', 'color': '#CC79A7'}, {'paragraph': 29}]
2022-09-04 17:13:37,982 INFO : Highlight: [{'paragraph': 29}]
2022-09-04 17:14:06,097 INFO : Highlight: [{'start': 471, 'end': 670, 'text': ' not even the comfort of thinking that they are serving an idea or the people, as their heads are always stuffed with thoughts of their daily bread, of wood for the fire, of bad roads, of illnesses. ', 'tag': 'Connected', 'color': '#D55E00'}, {'paragraph': 29}]
2022-09-04 17:14:06,446 INFO : Highlight: [{'paragraph': 29}]
2022-09-04 17:14:52,788 INFO : Highlight: [{'start': 191, 'end': 347, 'text': ' The patches of sunshine had been on the floor, then they passed to the counter, to the wall, and disappeared altogether; so by the sun it was past midday. ', 'tag': 'Present', 'color': '#0072B2'}, {'paragraph': 43}]
2022-09-04 17:15:17,333 INFO : Highlight: [{'start': 5, 'end': 97, 'text': 't was clear that Semyon did not believe the schoolmistress. The peasants did not believe her', 'tag': 'Curious', 'color': '#F0E442'}, {'paragraph': 51}]
2022-09-04 17:15:56,565 INFO : Highlight: [{'start': 0, 'end': 169, 'text': 'The horse went on into the water up to his belly and stopped, but at once went on again with an effort, and Marya Vassilyevna was aware of a keen chilliness in her feet.', 'tag': 'Present', 'color': '#0072B2'}, {'paragraph': 61}]
2022-09-04 17:16:05,333 INFO : Highlight: [{'start': 0, 'end': 135, 'text': '“Go on!” shouted Semyon angrily and anxiously, tugging violently at the reins and jerking his elbows as a bird does its wings. “Go on!”', 'tag': 'Present', 'color': '#0072B2'}, {'paragraph': 60}]
2022-09-04 17:16:13,900 INFO : Highlight: [{'start': 118, 'end': 315, 'text': 'but now, after the spring floods, it was a river forty feet in breadth, rapid, muddy, and cold; on the bank and right up to the water there were fresh tracks of wheels, so it had been crossed here.', 'tag': 'Confused', 'color': '#CC79A7'}, {'paragraph': 59}]
2022-09-04 17:16:16,627 INFO : Highlight: [{'paragraph': 59}]
2022-09-04 17:16:24,260 INFO : Highlight: [{'start': 116, 'end': 315, 'text': ', but now, after the spring floods, it was a river forty feet in breadth, rapid, muddy, and cold; on the bank and right up to the water there were fresh tracks of wheels, so it had been crossed here.', 'tag': 'Curious', 'color': '#F0E442'}, {'paragraph': 59}]
2022-09-04 17:16:29,141 INFO : Highlight: [{'start': 0, 'end': 253, 'text': 'Her shoes and goloshes were full of water, the lower part of her dress and of her coat and one sleeve were wet and dripping: the sugar and flour had got wet, and that was worst of all, and Marya Vassilyevna could only clasp her hands in despair and say:', 'tag': 'Confused', 'color': '#CC79A7'}, {'paragraph': 65}]
2022-09-04 17:16:30,984 INFO : Highlight: [{'paragraph': 65}]
2022-09-04 17:16:34,125 INFO : Highlight: [{'start': 0, 'end': 253, 'text': 'Her shoes and goloshes were full of water, the lower part of her dress and of her coat and one sleeve were wet and dripping: the sugar and flour had got wet, and that was worst of all, and Marya Vassilyevna could only clasp her hands in despair and say:', 'tag': 'Curious', 'color': '#F0E442'}, {'paragraph': 65}]
2022-09-04 17:16:44,858 INFO : Highlight: [{'start': 85, 'end': 451, 'text': 'Marya Vassilyevna stood at the crossing waiting till it should pass, and shivering all over with cold. Vyazovye was in sight now, and the school with the green roof, and the church with its crosses flashing in the evening sun: and the station windows flashed too, and a pink smoke rose from the engine... and it seemed to her that everything was trembling with cold.', 'tag': 'Curious', 'color': '#F0E442'}, {'paragraph': 67}]
2022-09-04 17:16:56,336 INFO : Highlight: [{'start': 213, 'end': 926, 'text': ' Marya Vassilyevna glanced at her as she passed. Her mother! What a resemblance! Her mother had had just such luxuriant hair, just such a brow and bend of the head. And with amazing distinctness, for the first time in those thirteen years, there rose before her mind a vivid picture of her mother, her father, her brother, their flat in Moscow, the aquarium with little fish, everything to the tiniest detail; she heard the sound of the piano, her father’s voice; she felt as she had been then, young, good-looking, well-dressed, in a bright warm room among her own people. A feeling of joy and happiness suddenly came over her, she pressed her hands to her temples in an ecstacy, and called softly, beseechingly:', 'tag': 'Present', 'color': '#0072B2'}, {'paragraph': 68}]
2022-09-04 17:17:07,989 INFO : Highlight: [{'start': 0, 'end': 496, 'text': 'And she began crying, she did not know why. Just at that instant Hanov drove up with his team of four horses, and seeing him she imagined happiness such as she had never had, and smiled and nodded to him as an equal and a friend, and it seemed to her that her happiness, her triumph, was glowing in the sky and on all sides, in the windows and on the trees. Her father and mother had never died, she had never been a schoolmistress, it was a long, tedious, strange dream, and now she had awakened', 'tag': 'Connected', 'color': '#D55E00'}, {'paragraph': 70}]
2022-09-04 17:17:24,097 INFO : Highlight: [{'start': 0, 'end': 26, 'text': 'And at once it all vanishe', 'tag': 'Present', 'color': '#0072B2'}, {'paragraph': 72}]
2022-09-04 17:17:26,142 INFO : Highlight: [{'paragraph': 72}]
2022-09-04 17:17:29,660 INFO : Highlight: [{'start': 0, 'end': 27, 'text': 'And at once it all vanished', 'tag': 'Connected', 'color': '#D55E00'}, {'paragraph': 72}]
