2022-09-04 16:49:36,079 INFO : Survey1: {'firstPageQuestions1': 'Why is he determined to learn french and German\n', 'firstPageQuestions0': 'The descriptions of Voltrov'}
2022-09-04 16:56:42,232 INFO : Survey2: {'lastPageQuestionsRadio4': '1', 'lastPageQuestionsRadio6': '4', 'lastPageQuestionsRadio7': '4', 'lastPageQuestionsRadio8': '2', 'lastPageQuestionsRadio0': '4', 'lastPageQuestionsRadio1': '2', 'lastPageQuestionsRadio2': '3', 'lastPageQuestionsRadio3': '4', 'lastPageQuestionsRadio5': '4', 'lastPageQuestionsFreeform0': "I thought that the guy was kind of stuck up. he hired a french teacher, complained about the way she was teaching, and then when she changed it to how he wanted to be taught, he complained that he wasn't learning anything. Plus she was around 18 and he was a grown man so that was kinda creepy"}
2022-09-04 17:18:24,561 INFO : Highlight: [{'start': 1, 'end': 129, 'text': 'It’s awful,” he said, breathing hard (although he was only twenty-six he was fat, heavy, and suffered from shortness of breath).', 'tag': 'Present', 'color': '#0072B2'}, {'paragraph': 1}]
2022-09-04 17:18:34,564 INFO : Highlight: [{'start': 0, 'end': 208, 'text': 'And a young lady elaborately dressed in the last fashion walked in. She introduced herself as a teacher of French, Alice Osipovna Enquête, and told Vorotov that she had been sent to him by one of his friends.', 'tag': 'Present', 'color': '#0072B2'}, {'paragraph': 6}]
2022-09-04 17:18:55,732 INFO : Highlight: [{'start': 74, 'end': 515, 'text': 'She was a genuine Frenchwoman, very elegant and still quite young. Judging from her pale, languid face, her short curly hair, and her unnaturally slim waist, she might have been eighteen; but looking at her broad, well-developed shoulders, the elegant lines of her back and her severe eyes, Vorotov thought that she was not less than three-and-twenty and might be twenty-five; but then again he began to think she was not more than eighteen.', 'tag': 'Confused', 'color': '#CC79A7'}, {'paragraph': 8}]
2022-09-04 17:19:37,908 INFO : Highlight: [{'start': 0, 'end': 245, 'text': 'Having never seen virtuous Frenchwomen before, he reflected also that this elegantly dressed young lady with her well-developed shoulders and exaggeratedly small waist in all probability followed another calling as well as giving French lessons.', 'tag': 'Confused', 'color': '#CC79A7'}, {'paragraph': 14}]
2022-09-04 17:20:06,541 INFO : Highlight: [{'start': 0, 'end': 359, 'text': 'The French girl looked at him in perplexity. Evidently the suggestion seemed to her very naïve and ridiculous. If this strange proposal had been made to her by a child, she would certainly have been angry and have scolded it, but as he was a grown-up man and very stout and she could not scold him, she only shrugged her shoulders hardly perceptibly and said:', 'tag': 'Present', 'color': '#0072B2'}, {'paragraph': 20}]
2022-09-04 17:20:08,499 INFO : Highlight: [{'start': 1, 'end': 16, 'text': 'As you please.”', 'tag': 'Confused', 'color': '#CC79A7'}, {'paragraph': 21}]
2022-09-04 17:20:09,999 INFO : Highlight: [{'paragraph': 21}]
2022-09-04 17:20:23,701 INFO : Highlight: [{'start': 3, 'end': 13, 'text': ' you pleas', 'tag': 'Present', 'color': '#0072B2'}, {'paragraph': 21}]
2022-09-04 17:20:25,260 INFO : Highlight: [{'paragraph': 21}]
2022-09-04 17:20:27,845 INFO : Highlight: [{'start': 0, 'end': 16, 'text': '“As you please.”', 'tag': 'Present', 'color': '#0072B2'}, {'paragraph': 21}]
2022-09-04 17:20:48,065 INFO : Highlight: [{'start': 0, 'end': 141, 'text': '“Her hair isn’t naturally curly; she curls it. It’s a strange thing! She works from morning to night, and yet she has time to curl her hair.”', 'tag': 'Confused', 'color': '#CC79A7'}, {'paragraph': 28}]
2022-09-04 17:21:07,863 INFO : Highlight: [{'start': 122, 'end': 203, 'text': 'but that she was very badly educated, and incapable of teaching grown-up people, ', 'tag': 'Confused', 'color': '#CC79A7'}, {'paragraph': 30}]
2022-09-04 17:21:36,503 INFO : Highlight: [{'start': 277, 'end': 446, 'text': 'he did not listen, breathed hard, and having nothing better to do, gazed at her curly head, or her soft white hands or her neck and sniffed the fragrance of her clothes.', 'tag': 'Present', 'color': '#0072B2'}, {'paragraph': 35}]
2022-09-04 17:21:58,816 INFO : Highlight: [{'start': 7, 'end': 245, 'text': ' Mdlle. Enquête came to the lesson in a smart pink dress, slightly décolleté, and surrounded by such a fragrance that she seemed to be wrapped in a cloud, and, if one blew upon her, ready to fly away into the air or melt away like smoke. ', 'tag': 'Present', 'color': '#0072B2'}, {'paragraph': 36}]
2022-09-04 17:22:11,336 INFO : Highlight: [{'start': 0, 'end': 225, 'text': 'He looked at her throat and the back of her bare neck, and thought he understood why Frenchwomen had the reputation of frivolous creatures easily seduced; he was carried away by this cloud of fragrance, beauty, and bare flesh', 'tag': 'Confused', 'color': '#CC79A7'}, {'paragraph': 37}]
2022-09-04 17:22:41,873 INFO : Highlight: [{'start': 427, 'end': 667, 'text': 'He could not admit that a serious man, preparing for a learned career, lethargic in his habits, could fling up his work and go to the theatre simply to meet there a girl he knew very little, who was unintelligent and utterly unintellectual.', 'tag': 'Curious', 'color': '#F0E442'}, {'paragraph': 39}]
2022-09-04 17:23:03,113 INFO : Highlight: [{'start': 0, 'end': 69, 'text': 'After the meeting at the theatre Vorotov realised that he was in love', 'tag': 'Confused', 'color': '#CC79A7'}, {'paragraph': 42}]
2022-09-04 17:23:08,586 INFO : Highlight: [{'start': 0, 'end': 69, 'text': 'After the meeting at the theatre Vorotov realised that he was in love', 'tag': 'Confused', 'color': '#CC79A7'}, {'start': 187, 'end': 241, 'text': ' gave full rein to his imaginations, pure and impure. ', 'tag': 'Confused', 'color': '#CC79A7'}, {'paragraph': 42}]
2022-09-04 17:23:51,069 INFO : Highlight: [{'start': 147, 'end': 266, 'text': 'For the first minute she felt uncomfortable, then she opened a book and began briskly and rapidly translating as usual:', 'tag': 'Connected', 'color': '#D55E00'}, {'paragraph': 48}]
