2022-09-05 18:23:05,160 INFO : id18 logged in successfully
2022-09-05 18:53:01,948 INFO : Survey1: {'firstPageQuestions0': 'The phrase "and again the school and again the road" is kind of marvelous.', 'firstPageQuestions1': 'Not much at present.'}
2022-09-05 19:16:48,749 INFO : Survey2: {'lastPageQuestionsRadio0': '2', 'lastPageQuestionsRadio1': '3', 'lastPageQuestionsRadio2': '2', 'lastPageQuestionsRadio3': '3', 'lastPageQuestionsRadio4': '4', 'lastPageQuestionsRadio5': '3', 'lastPageQuestionsRadio6': '2', 'lastPageQuestionsRadio7': '4', 'lastPageQuestionsRadio8': '3', 'lastPageQuestionsFreeform0': 'It was okay.'}
2022-09-05 19:30:42,557 INFO : Highlight: [{'start': 676, 'end': 696, 'text': 'had been to the town', 'tag': 'Confused', 'color': '#CC79A7'}, {'paragraph': 1}]
2022-09-05 19:31:10,861 INFO : Highlight: [{'start': 340, 'end': 379, 'text': 'and again the school and again the road', 'tag': 'Other', 'color': '#009E73'}, {'paragraph': 2}]
2022-09-05 19:31:32,010 INFO : Highlight: [{'start': 93, 'end': 116, 'text': 'had almost forgotten it', 'tag': 'Confused', 'color': '#CC79A7'}, {'paragraph': 3}]
2022-09-05 19:31:48,784 INFO : Highlight: [{'start': 93, 'end': 116, 'text': 'had almost forgotten it', 'tag': 'Confused', 'color': '#CC79A7'}, {'start': 696, 'end': 747, 'text': 'nothing could be seen but the hair and the eyebrows', 'tag': 'Confused', 'color': '#CC79A7'}, {'paragraph': 3}]
2022-09-05 19:32:21,655 INFO : Highlight: [{'start': 312, 'end': 323, 'text': 'four horses', 'tag': 'Confused', 'color': '#CC79A7'}, {'paragraph': 8}]
2022-09-05 19:32:55,052 INFO : Highlight: [{'start': 12, 'end': 162, 'text': 'a man of forty with a listless expression and a face that showed signs of wear, was beginning to look old, but was still handsome and admired by women', 'tag': 'Connected', 'color': '#D55E00'}, {'paragraph': 10}]
2022-09-05 19:33:14,759 INFO : Highlight: [{'start': 12, 'end': 162, 'text': 'a man of forty with a listless expression and a face that showed signs of wear, was beginning to look old, but was still handsome and admired by women', 'tag': 'Connected', 'color': '#D55E00'}, {'start': 487, 'end': 510, 'text': 'smelt of wine and scent', 'tag': 'Confused', 'color': '#CC79A7'}, {'paragraph': 10}]
2022-09-05 19:33:46,322 INFO : Highlight: [{'start': 0, 'end': 107, 'text': '“I am going to visit Bakvist,” he went on, addressing Marya Vassilyevna, “but I am told he is not at home.”', 'tag': 'Confused', 'color': '#CC79A7'}, {'paragraph': 11}]
2022-09-05 19:34:18,591 INFO : Highlight: [{'start': 436, 'end': 524, 'text': 'wondering whether the arithmetic questions at the examination would be difficult or easy', 'tag': 'Confused', 'color': '#CC79A7'}, {'paragraph': 12}]
2022-09-05 19:34:32,832 INFO : Highlight: [{'start': 436, 'end': 524, 'text': 'wondering whether the arithmetic questions at the examination would be difficult or easy', 'tag': 'Confused', 'color': '#CC79A7'}, {'start': 616, 'end': 636, 'text': 'How unbusiness-like!', 'tag': 'Confused', 'color': '#CC79A7'}, {'paragraph': 12}]
2022-09-05 19:34:56,065 INFO : Highlight: [{'start': 170, 'end': 205, 'text': 'sharp twigs struck them in the face', 'tag': 'Confused', 'color': '#CC79A7'}, {'paragraph': 14}]
2022-09-05 19:35:23,073 INFO : Highlight: [{'start': 650, 'end': 714, 'text': ' laughed, and apparently did not mind, and wanted no better life', 'tag': 'Connected', 'color': '#D55E00'}, {'paragraph': 16}]
2022-09-05 19:35:36,926 INFO : Highlight: [{'start': 650, 'end': 714, 'text': ' laughed, and apparently did not mind, and wanted no better life', 'tag': 'Connected', 'color': '#D55E00'}, {'start': 816, 'end': 840, 'text': 'did not know the prayers', 'tag': 'Confused', 'color': '#CC79A7'}, {'paragraph': 16}]
2022-09-05 19:35:46,962 INFO : Highlight: [{'start': 650, 'end': 714, 'text': ' laughed, and apparently did not mind, and wanted no better life', 'tag': 'Connected', 'color': '#D55E00'}, {'start': 816, 'end': 840, 'text': 'did not know the prayers', 'tag': 'Confused', 'color': '#CC79A7'}, {'start': 845, 'end': 889, 'text': 'subscribed nothing to the schools but globes', 'tag': 'Confused', 'color': '#CC79A7'}, {'paragraph': 16}]
2022-09-05 19:36:08,227 INFO : Highlight: [{'start': 444, 'end': 455, 'text': 'He was hot.', 'tag': 'Confused', 'color': '#CC79A7'}, {'paragraph': 18}]
2022-09-05 19:36:18,492 INFO : Highlight: [{'start': 20, 'end': 31, 'text': 'grandfather', 'tag': 'Confused', 'color': '#CC79A7'}, {'paragraph': 21}]
2022-09-05 19:36:38,938 INFO : Highlight: [{'start': 18, 'end': 193, 'text': 'he looked graceful and vigorous, but yet in his walk there was something just perceptible which betrayed in him a being already touched by decay, weak, and on the road to ruin', 'tag': 'Confused', 'color': '#CC79A7'}, {'paragraph': 22}]
2022-09-05 19:36:43,728 INFO : Highlight: [{'start': 18, 'end': 193, 'text': 'he looked graceful and vigorous, but yet in his walk there was something just perceptible which betrayed in him a being already touched by decay, weak, and on the road to ruin', 'tag': 'Confused', 'color': '#CC79A7'}, {'start': 223, 'end': 251, 'text': 'whiff of spirits in the wood', 'tag': 'Confused', 'color': '#CC79A7'}, {'paragraph': 22}]
2022-09-05 19:37:02,394 INFO : Highlight: [{'start': 18, 'end': 193, 'text': 'he looked graceful and vigorous, but yet in his walk there was something just perceptible which betrayed in him a being already touched by decay, weak, and on the road to ruin', 'tag': 'Confused', 'color': '#CC79A7'}, {'start': 223, 'end': 251, 'text': 'whiff of spirits in the wood', 'tag': 'Confused', 'color': '#CC79A7'}, {'start': 494, 'end': 503, 'text': 'His wife!', 'tag': 'Connected', 'color': '#D55E00'}, {'paragraph': 22}]
2022-09-05 19:37:25,528 INFO : Highlight: [{'start': 51, 'end': 92, 'text': '“why God gives beauty, this graciousness,', 'tag': 'Confused', 'color': '#CC79A7'}, {'paragraph': 23}]
2022-09-05 19:38:07,567 INFO : Highlight: [{'start': 1152, 'end': 1223, 'text': 'How awful it would have been in her position if she had fallen in love!', 'tag': 'Confused', 'color': '#CC79A7'}, {'paragraph': 26}]
2022-09-05 19:39:27,573 INFO : Highlight: [{'start': 22, 'end': 63, 'text': 'Semyon did not believe the schoolmistress', 'tag': 'Confused', 'color': '#CC79A7'}, {'paragraph': 51}]
2022-09-05 19:40:15,932 INFO : Highlight: [{'start': 137, 'end': 176, 'text': ' It’s fully two miles nearer this way.”', 'tag': 'Confused', 'color': '#CC79A7'}, {'paragraph': 58}]
2022-09-05 19:40:34,339 INFO : Highlight: [{'start': 14, 'end': 23, 'text': 'goloshes ', 'tag': 'Confused', 'color': '#CC79A7'}, {'paragraph': 65}]
2022-09-05 19:40:52,514 INFO : Highlight: [{'start': 14, 'end': 23, 'text': 'goloshes ', 'tag': 'Confused', 'color': '#CC79A7'}, {'start': 47, 'end': 181, 'text': 'lower part of her dress and of her coat and one sleeve were wet and dripping: the sugar and flour had got wet, and that was worst of a', 'tag': 'Connected', 'color': '#D55E00'}, {'paragraph': 65}]
2022-09-05 19:40:53,507 INFO : Highlight: [{'start': 14, 'end': 23, 'text': 'goloshes ', 'tag': 'Confused', 'color': '#CC79A7'}, {'paragraph': 65}]
2022-09-05 19:41:01,378 INFO : Highlight: [{'start': 14, 'end': 23, 'text': 'goloshes ', 'tag': 'Confused', 'color': '#CC79A7'}, {'start': 125, 'end': 156, 'text': 'the sugar and flour had got wet', 'tag': 'Connected', 'color': '#D55E00'}, {'paragraph': 65}]
2022-09-05 19:41:31,471 INFO : Highlight: [{'start': 103, 'end': 124, 'text': 'stood at the crossing', 'tag': 'Confused', 'color': '#CC79A7'}, {'paragraph': 67}]
