2022-09-05 18:23:05,160 INFO : id18 logged in successfully
2022-09-05 18:26:58,029 INFO : Survey1: {'firstPageQuestions0': "It's okay.  It builds some sense that something unexpected may be happening to the main character.  Not thrilling yet, though.", 'firstPageQuestions1': 'Who really is this mysterious woman?'}
2022-09-05 18:48:30,402 INFO : Survey2: {'lastPageQuestionsRadio0': '3', 'lastPageQuestionsRadio1': '1', 'lastPageQuestionsRadio2': '1', 'lastPageQuestionsRadio3': '4', 'lastPageQuestionsRadio4': '1', 'lastPageQuestionsRadio5': '3', 'lastPageQuestionsRadio6': '2', 'lastPageQuestionsRadio7': '4', 'lastPageQuestionsRadio8': '1', 'lastPageQuestionsFreeform0': "It felt... constructed.  It wasn't bad, per se, but not engaging.  It had run-on sentences, which was slightly distracting.  Moreover, though, it seemed as though it had... compulsive theming and re-theming.  It made me wonder if it were written by a machine?  Though I've had no reason to think that before reading it, it seems... to be how I'd de-construct ideas (the traits of the characters, etc.)  It wasn't unpleasant, but I wouldn't recommend it."}
2022-09-05 19:19:47,767 INFO : Highlight: [{'start': 128, 'end': 191, 'text': 'after taking his degree, he began upon a piece of research work', 'tag': 'Confused', 'color': '#CC79A7'}, {'paragraph': 0}]
2022-09-05 19:20:38,579 INFO : Highlight: [{'start': 17, 'end': 56, 'text': 'elaborately dressed in the last fashion', 'tag': 'Confused', 'color': '#CC79A7'}, {'paragraph': 6}]
2022-09-05 19:21:47,666 INFO : Highlight: [{'start': 664, 'end': 792, 'text': 'a look of perplexity flitted over her face when she learnt that she was not required to teach children, but a stout grown-up man', 'tag': 'Confused', 'color': '#CC79A7'}, {'paragraph': 8}]
2022-09-05 19:22:23,362 INFO : Highlight: [{'start': 101, 'end': 263, 'text': 'a private school and had the diploma of a private teacher, that her father had died lately of scarlet fever, that her mother was alive and made artificial flowers', 'tag': 'Confused', 'color': '#CC79A7'}, {'paragraph': 11}]
2022-09-05 19:22:46,149 INFO : Highlight: [{'start': 37, 'end': 73, 'text': 'faint fragrance of a woman’s clothes', 'tag': 'Confused', 'color': '#CC79A7'}, {'paragraph': 12}]
2022-09-05 19:23:20,286 INFO : Highlight: [{'start': 129, 'end': 175, 'text': 'You see, I know Russian, Greek, and Latin well', 'tag': 'Confused', 'color': '#CC79A7'}, {'paragraph': 17}]
2022-09-05 19:23:27,843 INFO : Highlight: [{'start': 129, 'end': 175, 'text': 'You see, I know Russian, Greek, and Latin well', 'tag': 'Confused', 'color': '#CC79A7'}, {'start': 188, 'end': 217, 'text': 'studied comparative philology', 'tag': 'Confused', 'color': '#CC79A7'}, {'paragraph': 17}]
2022-09-05 19:24:05,615 INFO : Highlight: [{'start': 43, 'end': 127, 'text': 'he spent a quarter of an hour over the word “Mémoires,” and as much over the word de', 'tag': 'Confused', 'color': '#CC79A7'}, {'paragraph': 27}]
2022-09-05 19:24:19,408 INFO : Highlight: [{'start': 43, 'end': 127, 'text': 'he spent a quarter of an hour over the word “Mémoires,” and as much over the word de', 'tag': 'Confused', 'color': '#CC79A7'}, {'start': 200, 'end': 213, 'text': 'grew confused', 'tag': 'Confused', 'color': '#CC79A7'}, {'paragraph': 27}]
2022-09-05 19:24:41,670 INFO : Highlight: [{'start': 1, 'end': 68, 'text': 'Her hair isn’t naturally curly; she curls it. It’s a strange thing!', 'tag': 'Confused', 'color': '#CC79A7'}, {'paragraph': 28}]
2022-09-05 19:24:50,450 INFO : Highlight: [{'start': 1, 'end': 68, 'text': 'Her hair isn’t naturally curly; she curls it. It’s a strange thing!', 'tag': 'Confused', 'color': '#CC79A7'}, {'start': 69, 'end': 140, 'text': 'She works from morning to night, and yet she has time to curl her hair.', 'tag': 'Confused', 'color': '#CC79A7'}, {'paragraph': 28}]
2022-09-05 19:25:05,844 INFO : Highlight: [{'start': 161, 'end': 182, 'text': ' disturbing fragrance', 'tag': 'Confused', 'color': '#CC79A7'}, {'paragraph': 29}]
2022-09-05 19:25:19,081 INFO : Highlight: [{'start': 33, 'end': 96, 'text': 'became convinced that his teacher was a charming, conscientious', 'tag': 'Confused', 'color': '#CC79A7'}, {'paragraph': 30}]
2022-09-05 19:25:28,199 INFO : Highlight: [{'start': 33, 'end': 96, 'text': 'became convinced that his teacher was a charming, conscientious', 'tag': 'Confused', 'color': '#CC79A7'}, {'start': 139, 'end': 158, 'text': 'very badly educated', 'tag': 'Confused', 'color': '#CC79A7'}, {'paragraph': 30}]
2022-09-05 19:25:59,077 INFO : Highlight: [{'start': 306, 'end': 345, 'text': 'realised how much a rouble meant to her', 'tag': 'Connected', 'color': '#D55E00'}, {'paragraph': 32}]
2022-09-05 19:26:15,005 INFO : Highlight: [{'start': 72, 'end': 90, 'text': 'quavering inwardly', 'tag': 'Confused', 'color': '#CC79A7'}, {'paragraph': 33}]
2022-09-05 19:26:44,059 INFO : Highlight: [{'start': 0, 'end': 58, 'text': 'The lessons began again. Yorotov felt no interest in them.', 'tag': 'Confused', 'color': '#CC79A7'}, {'paragraph': 35}]
2022-09-05 19:27:05,944 INFO : Highlight: [{'start': 0, 'end': 58, 'text': 'The lessons began again. Yorotov felt no interest in them.', 'tag': 'Confused', 'color': '#CC79A7'}, {'start': 409, 'end': 445, 'text': 'sniffed the fragrance of her clothes', 'tag': 'Confused', 'color': '#CC79A7'}, {'paragraph': 35}]
2022-09-05 19:29:23,521 INFO : Highlight: [{'start': 82, 'end': 122, 'text': 'knows no French but the word “Mémoires,”', 'tag': 'Confused', 'color': '#CC79A7'}, {'paragraph': 50}]