2022-11-02 23:06:01,498 INFO : ID26 logged in successfully
2022-11-02 23:08:02,361 INFO : Survey1: {'firstPageQuestions0': 'The descriptive language of the setting', 'firstPageQuestions1': 'More about the main character, what do they look like?'}
2022-11-02 23:20:50,064 INFO : Survey2: {'lastPageQuestionsRadio0': '2', 'lastPageQuestionsRadio1': '1', 'lastPageQuestionsRadio2': '3', 'lastPageQuestionsRadio3': '5', 'lastPageQuestionsRadio4': '3', 'lastPageQuestionsRadio5': '2', 'lastPageQuestionsRadio6': '5', 'lastPageQuestionsRadio7': '2', 'lastPageQuestionsRadio8': '4', 'lastPageQuestionsFreeform0': 'I kept waiting for something exciting to happen... there were many run-on sentences that made it confusing to read. It was difficult to keep track of names/places.'}
2022-11-02 23:21:03,658 INFO : ID26 logged in successfully
2022-11-02 23:32:00,375 INFO : Highlight: [{'start': 174, 'end': 207, 'text': 'spring had come all of a sudden. ', 'tag': 'Confused', 'color': '#CC79A7'}, {'paragraph': 1}]
2022-11-02 23:32:20,481 INFO : Highlight: [{'start': 174, 'end': 207, 'text': 'spring had come all of a sudden. ', 'tag': 'Confused', 'color': '#CC79A7'}, {'start': 378, 'end': 411, 'text': 'nor the marvelous fathomless sky,', 'tag': 'Confused', 'color': '#CC79A7'}, {'paragraph': 1}]
2022-11-02 23:32:41,554 INFO : Highlight: [{'start': 174, 'end': 207, 'text': 'spring had come all of a sudden. ', 'tag': 'Confused', 'color': '#CC79A7'}, {'start': 378, 'end': 411, 'text': 'nor the marvelous fathomless sky,', 'tag': 'Confused', 'color': '#CC79A7'}, {'start': 611, 'end': 711, 'text': 'there was no reckoning how many times during all those years she had been to the town for her salary', 'tag': 'Confused', 'color': '#CC79A7'}, {'paragraph': 1}]
2022-11-02 23:33:09,140 INFO : Highlight: [{'start': 207, 'end': 383, 'text': 'Her past was here, her present was here, and she could imagine no other future than the school, the road to the town and back again, and again the school and again the road....', 'tag': 'Confused', 'color': '#CC79A7'}, {'paragraph': 2}]
2022-11-02 23:33:18,274 INFO : Highlight: [{'paragraph': 2}]
2022-11-02 23:33:30,569 INFO : Highlight: [{'start': 207, 'end': 383, 'text': 'Her past was here, her present was here, and she could imagine no other future than the school, the road to the town and back again, and again the school and again the road....', 'tag': 'Connected', 'color': '#D55E00'}, {'paragraph': 2}]
2022-11-02 23:33:48,171 INFO : Highlight: [{'start': 156, 'end': 213, 'text': 'they had lived in Moscow in a big flat near the Red Gate,', 'tag': 'Confused', 'color': '#CC79A7'}, {'paragraph': 3}]
2022-11-02 23:34:00,347 INFO : Highlight: [{'start': 156, 'end': 213, 'text': 'they had lived in Moscow in a big flat near the Red Gate,', 'tag': 'Confused', 'color': '#CC79A7'}, {'start': 415, 'end': 425, 'text': 'an officer', 'tag': 'Confused', 'color': '#CC79A7'}, {'paragraph': 3}]
2022-11-02 23:34:06,779 INFO : Highlight: [{'start': 156, 'end': 213, 'text': 'they had lived in Moscow in a big flat near the Red Gate,', 'tag': 'Confused', 'color': '#CC79A7'}, {'start': 415, 'end': 425, 'text': 'an officer', 'tag': 'Confused', 'color': '#CC79A7'}, {'start': 561, 'end': 748, 'text': 'Of her old belongings, all that was left was a photograph of her mother, but it had grown dim from the dampness of the school, and now nothing could be seen but the hair and the eyebrows.', 'tag': 'Confused', 'color': '#CC79A7'}, {'paragraph': 3}]
2022-11-02 23:34:14,301 INFO : Highlight: [{'start': 156, 'end': 213, 'text': 'they had lived in Moscow in a big flat near the Red Gate,', 'tag': 'Confused', 'color': '#CC79A7'}, {'start': 415, 'end': 425, 'text': 'an officer', 'tag': 'Confused', 'color': '#CC79A7'}, {'start': 561, 'end': 748, 'text': 'Of her old belongings, all that was left was a photograph of her mother, but it had grown dim from the dampness of the school, and now nothing could be seen but the hair and the eyebrows.', 'tag': 'Confused', 'color': '#CC79A7'}, {'start': 561, 'end': 561, 'text': '', 'tag': 'Present', 'color': '#0072B2'}, {'paragraph': 3}]
2022-11-02 23:34:16,773 INFO : Highlight: [{'start': 156, 'end': 213, 'text': 'they had lived in Moscow in a big flat near the Red Gate,', 'tag': 'Confused', 'color': '#CC79A7'}, {'start': 415, 'end': 425, 'text': 'an officer', 'tag': 'Confused', 'color': '#CC79A7'}, {'start': 561, 'end': 561, 'text': '', 'tag': 'Present', 'color': '#0072B2'}, {'paragraph': 3}]
2022-11-02 23:34:55,910 INFO : Highlight: [{'start': 40, 'end': 81, 'text': 'old Semyon, who was driving, turned round', 'tag': 'Present', 'color': '#0072B2'}, {'paragraph': 4}]
2022-11-02 23:35:03,735 INFO : Highlight: [{'start': 76, 'end': 154, 'text': 'The story is that with some Germans he killed Alexeyev, the Mayor, in Moscow.”', 'tag': 'Confused', 'color': '#CC79A7'}, {'paragraph': 5}]
2022-11-02 23:35:13,878 INFO : Highlight: [{'start': 88, 'end': 103, 'text': 'the examination', 'tag': 'Confused', 'color': '#CC79A7'}, {'paragraph': 8}]
2022-11-02 23:35:41,439 INFO : Highlight: [{'start': 216, 'end': 227, 'text': 'the service', 'tag': 'Confused', 'color': '#CC79A7'}, {'paragraph': 10}]
2022-11-02 23:35:52,015 INFO : Highlight: [{'start': 216, 'end': 227, 'text': 'the service', 'tag': 'Confused', 'color': '#CC79A7'}, {'start': 487, 'end': 511, 'text': 'smelt of wine and scent.', 'tag': 'Confused', 'color': '#CC79A7'}, {'paragraph': 10}]
2022-11-02 23:36:04,561 INFO : Highlight: [{'start': 216, 'end': 227, 'text': 'the service', 'tag': 'Confused', 'color': '#CC79A7'}, {'start': 487, 'end': 511, 'text': 'smelt of wine and scent.', 'tag': 'Confused', 'color': '#CC79A7'}, {'start': 795, 'end': 801, 'text': 'prayer', 'tag': 'Confused', 'color': '#CC79A7'}, {'paragraph': 10}]
2022-11-02 23:36:39,107 INFO : Highlight: [{'start': 556, 'end': 569, 'text': 'Zemstvo board', 'tag': 'Confused', 'color': '#CC79A7'}, {'paragraph': 12}]
2022-11-02 23:36:57,745 INFO : Highlight: [{'start': 556, 'end': 569, 'text': 'Zemstvo board', 'tag': 'Confused', 'color': '#CC79A7'}, {'start': 897, 'end': 914, 'text': 'tears in his eyes', 'tag': 'Confused', 'color': '#CC79A7'}, {'paragraph': 12}]
2022-11-02 23:37:19,656 INFO : Highlight: [{'start': 556, 'end': 569, 'text': 'Zemstvo board', 'tag': 'Confused', 'color': '#CC79A7'}, {'start': 897, 'end': 914, 'text': 'tears in his eyes', 'tag': 'Confused', 'color': '#CC79A7'}, {'start': 732, 'end': 748, 'text': 'was rude to her,', 'tag': 'Connected', 'color': '#D55E00'}, {'paragraph': 12}]
2022-11-02 23:37:33,175 INFO : Highlight: [{'start': 556, 'end': 569, 'text': 'Zemstvo board', 'tag': 'Confused', 'color': '#CC79A7'}, {'start': 897, 'end': 914, 'text': 'tears in his eyes', 'tag': 'Confused', 'color': '#CC79A7'}, {'start': 732, 'end': 748, 'text': 'was rude to her,', 'tag': 'Connected', 'color': '#D55E00'}, {'start': 1075, 'end': 1099, 'text': 'Excise Duties Department', 'tag': 'Confused', 'color': '#CC79A7'}, {'paragraph': 12}]
2022-11-02 23:37:40,089 INFO : Highlight: [{'start': 556, 'end': 569, 'text': 'Zemstvo board', 'tag': 'Confused', 'color': '#CC79A7'}, {'start': 897, 'end': 914, 'text': 'tears in his eyes', 'tag': 'Confused', 'color': '#CC79A7'}, {'start': 732, 'end': 748, 'text': 'was rude to her,', 'tag': 'Connected', 'color': '#D55E00'}, {'start': 1075, 'end': 1099, 'text': 'Excise Duties Department', 'tag': 'Confused', 'color': '#CC79A7'}, {'start': 1206, 'end': 1239, 'text': 'there was no knowing where it met', 'tag': 'Confused', 'color': '#CC79A7'}, {'paragraph': 12}]
2022-11-02 23:37:44,678 INFO : Highlight: [{'start': 556, 'end': 569, 'text': 'Zemstvo board', 'tag': 'Confused', 'color': '#CC79A7'}, {'start': 897, 'end': 914, 'text': 'tears in his eyes', 'tag': 'Confused', 'color': '#CC79A7'}, {'start': 732, 'end': 748, 'text': 'was rude to her,', 'tag': 'Connected', 'color': '#D55E00'}, {'start': 1075, 'end': 1099, 'text': 'Excise Duties Department', 'tag': 'Confused', 'color': '#CC79A7'}, {'start': 1206, 'end': 1239, 'text': 'there was no knowing where it met', 'tag': 'Confused', 'color': '#CC79A7'}, {'start': 1274, 'end': 1294, 'text': ' illiterate peasant,', 'tag': 'Confused', 'color': '#CC79A7'}, {'paragraph': 12}]
2022-11-02 23:37:55,996 INFO : Highlight: [{'start': 0, 'end': 56, 'text': '“He really is handsome,” she thought, glancing at Hanov.', 'tag': 'Confused', 'color': '#CC79A7'}, {'paragraph': 13}]
2022-11-02 23:38:04,186 INFO : Highlight: [{'start': 0, 'end': 33, 'text': 'The road grew worse and worse....', 'tag': 'Curious', 'color': '#F0E442'}, {'paragraph': 14}]
2022-11-02 23:38:17,851 INFO : Highlight: [{'start': 1, 'end': 42, 'text': 'What a road!” said Hanov, and he laughed.', 'tag': 'Present', 'color': '#0072B2'}, {'paragraph': 15}]
2022-11-02 23:38:34,085 INFO : Highlight: [{'start': 307, 'end': 315, 'text': 'jog-trot', 'tag': 'Confused', 'color': '#CC79A7'}, {'paragraph': 16}]
2022-11-02 23:38:40,652 INFO : Highlight: [{'start': 307, 'end': 315, 'text': 'jog-trot', 'tag': 'Confused', 'color': '#CC79A7'}, {'start': 407, 'end': 417, 'text': 'Petersburg', 'tag': 'Confused', 'color': '#CC79A7'}, {'paragraph': 16}]
2022-11-02 23:38:49,877 INFO : Highlight: [{'start': 307, 'end': 315, 'text': 'jog-trot', 'tag': 'Confused', 'color': '#CC79A7'}, {'start': 407, 'end': 417, 'text': 'Petersburg', 'tag': 'Confused', 'color': '#CC79A7'}, {'start': 510, 'end': 543, 'text': 'good road instead of this bad one', 'tag': 'Confused', 'color': '#CC79A7'}, {'paragraph': 16}]
2022-11-02 23:39:03,623 INFO : Highlight: [{'start': 307, 'end': 315, 'text': 'jog-trot', 'tag': 'Confused', 'color': '#CC79A7'}, {'start': 407, 'end': 417, 'text': 'Petersburg', 'tag': 'Confused', 'color': '#CC79A7'}, {'start': 510, 'end': 543, 'text': 'good road instead of this bad one', 'tag': 'Confused', 'color': '#CC79A7'}, {'start': 842, 'end': 889, 'text': 'He subscribed nothing to the schools but globes', 'tag': 'Confused', 'color': '#CC79A7'}, {'paragraph': 16}]
2022-11-02 23:39:11,388 INFO : Highlight: [{'start': 0, 'end': 36, 'text': '“Hold on, Vassilyevna!” said Semyon.', 'tag': 'Curious', 'color': '#F0E442'}, {'paragraph': 17}]
2022-11-02 23:39:31,115 INFO : Highlight: [{'start': 148, 'end': 249, 'text': 'There was a steep ascent uphill through the clay; here in the winding ditches rivulets were gurgling.', 'tag': 'Present', 'color': '#0072B2'}, {'paragraph': 18}]
2022-11-02 23:39:38,240 INFO : Highlight: [{'start': 148, 'end': 249, 'text': 'There was a steep ascent uphill through the clay; here in the winding ditches rivulets were gurgling.', 'tag': 'Present', 'color': '#0072B2'}, {'start': 62, 'end': 115, 'text': 'something heavy rolled on to Marya Vassilyevna’s feet', 'tag': 'Curious', 'color': '#F0E442'}, {'paragraph': 18}]
2022-11-02 23:39:55,319 INFO : Highlight: [{'start': 148, 'end': 249, 'text': 'There was a steep ascent uphill through the clay; here in the winding ditches rivulets were gurgling.', 'tag': 'Present', 'color': '#0072B2'}, {'start': 62, 'end': 115, 'text': 'something heavy rolled on to Marya Vassilyevna’s feet', 'tag': 'Curious', 'color': '#F0E442'}, {'start': 444, 'end': 455, 'text': 'He was hot.', 'tag': 'Confused', 'color': '#CC79A7'}, {'paragraph': 18}]
2022-11-02 23:40:05,430 INFO : Highlight: [{'start': 65, 'end': 72, 'text': 'surlily', 'tag': 'Confused', 'color': '#CC79A7'}, {'paragraph': 20}]
2022-11-02 23:40:10,998 INFO : Highlight: [{'start': 20, 'end': 31, 'text': 'grandfather', 'tag': 'Confused', 'color': '#CC79A7'}, {'paragraph': 21}]
2022-11-02 23:40:22,582 INFO : Highlight: [{'start': 138, 'end': 194, 'text': 'already touched by decay, weak, and on the road to ruin.', 'tag': 'Confused', 'color': '#CC79A7'}, {'paragraph': 22}]
2022-11-02 23:40:27,579 INFO : Highlight: [{'start': 138, 'end': 194, 'text': 'already touched by decay, weak, and on the road to ruin.', 'tag': 'Confused', 'color': '#CC79A7'}, {'start': 232, 'end': 239, 'text': 'spirits', 'tag': 'Confused', 'color': '#CC79A7'}, {'paragraph': 22}]
2022-11-02 23:40:50,353 INFO : Highlight: [{'start': 138, 'end': 194, 'text': 'already touched by decay, weak, and on the road to ruin.', 'tag': 'Confused', 'color': '#CC79A7'}, {'start': 232, 'end': 239, 'text': 'spirits', 'tag': 'Confused', 'color': '#CC79A7'}, {'start': 909, 'end': 926, 'text': 'one’s heart sank.', 'tag': 'Connected', 'color': '#D55E00'}, {'paragraph': 22}]
2022-11-02 23:41:19,063 INFO : Highlight: [{'start': 201, 'end': 290, 'text': 'She longed to think of beautiful eyes, of love, of the happiness which would never be....', 'tag': 'Connected', 'color': '#D55E00'}, {'paragraph': 25}]
2022-11-02 23:41:27,897 INFO : Highlight: [{'start': 0, 'end': 9, 'text': 'His wife?', 'tag': 'Confused', 'color': '#CC79A7'}, {'paragraph': 26}]
2022-11-02 23:41:33,554 INFO : Highlight: [{'start': 0, 'end': 9, 'text': 'His wife?', 'tag': 'Confused', 'color': '#CC79A7'}, {'start': 25, 'end': 36, 'text': 'the morning', 'tag': 'Confused', 'color': '#CC79A7'}, {'paragraph': 26}]
2022-11-02 23:41:44,595 INFO : Highlight: [{'start': 0, 'end': 9, 'text': 'His wife?', 'tag': 'Confused', 'color': '#CC79A7'}, {'start': 25, 'end': 36, 'text': 'the morning', 'tag': 'Confused', 'color': '#CC79A7'}, {'start': 235, 'end': 244, 'text': 'Her abode', 'tag': 'Confused', 'color': '#CC79A7'}, {'paragraph': 26}]
2022-11-02 23:41:56,758 INFO : Highlight: [{'start': 0, 'end': 9, 'text': 'His wife?', 'tag': 'Confused', 'color': '#CC79A7'}, {'start': 25, 'end': 36, 'text': 'the morning', 'tag': 'Confused', 'color': '#CC79A7'}, {'start': 235, 'end': 244, 'text': 'Her abode', 'tag': 'Confused', 'color': '#CC79A7'}, {'start': 300, 'end': 376, 'text': 'Her head ached every day after her work, and after dinner she had heart-burn', 'tag': 'Confused', 'color': '#CC79A7'}, {'paragraph': 26}]
2022-11-02 23:42:09,626 INFO : Highlight: [{'start': 0, 'end': 9, 'text': 'His wife?', 'tag': 'Confused', 'color': '#CC79A7'}, {'start': 25, 'end': 36, 'text': 'the morning', 'tag': 'Confused', 'color': '#CC79A7'}, {'start': 235, 'end': 244, 'text': 'Her abode', 'tag': 'Confused', 'color': '#CC79A7'}, {'start': 300, 'end': 376, 'text': 'Her head ached every day after her work, and after dinner she had heart-burn', 'tag': 'Confused', 'color': '#CC79A7'}, {'start': 553, 'end': 584, 'text': 'for God’s sake to send her wood', 'tag': 'Confused', 'color': '#CC79A7'}, {'paragraph': 26}]
2022-11-02 23:42:46,157 INFO : Highlight: [{'start': 0, 'end': 9, 'text': 'His wife?', 'tag': 'Confused', 'color': '#CC79A7'}, {'start': 25, 'end': 36, 'text': 'the morning', 'tag': 'Confused', 'color': '#CC79A7'}, {'start': 235, 'end': 244, 'text': 'Her abode', 'tag': 'Confused', 'color': '#CC79A7'}, {'start': 300, 'end': 376, 'text': 'Her head ached every day after her work, and after dinner she had heart-burn', 'tag': 'Confused', 'color': '#CC79A7'}, {'start': 553, 'end': 584, 'text': 'for God’s sake to send her wood', 'tag': 'Confused', 'color': '#CC79A7'}, {'start': 1152, 'end': 1223, 'text': 'How awful it would have been in her position if she had fallen in love!', 'tag': 'Curious', 'color': '#F0E442'}, {'paragraph': 26}]
2022-11-02 23:42:51,867 INFO : Highlight: [{'start': 0, 'end': 23, 'text': '“Hold on, Vassilyevna!”', 'tag': 'Confused', 'color': '#CC79A7'}, {'paragraph': 27}]
2022-11-02 23:42:54,468 INFO : Highlight: [{'start': 21, 'end': 31, 'text': 'uphill....', 'tag': 'Confused', 'color': '#CC79A7'}, {'paragraph': 28}]
2022-11-02 23:43:02,976 INFO : Highlight: [{'start': 150, 'end': 163, 'text': 'enlightenment', 'tag': 'Confused', 'color': '#CC79A7'}, {'paragraph': 29}]
2022-11-02 23:43:11,662 INFO : Highlight: [{'start': 150, 'end': 163, 'text': 'enlightenment', 'tag': 'Confused', 'color': '#CC79A7'}, {'start': 360, 'end': 383, 'text': 'cause of enlightenment?', 'tag': 'Confused', 'color': '#CC79A7'}, {'paragraph': 29}]
2022-11-02 23:43:35,532 INFO : Highlight: [{'start': 150, 'end': 163, 'text': 'enlightenment', 'tag': 'Confused', 'color': '#CC79A7'}, {'start': 360, 'end': 383, 'text': 'cause of enlightenment?', 'tag': 'Confused', 'color': '#CC79A7'}, {'start': 670, 'end': 938, 'text': 'It is a hard-working, an uninteresting life, and only silent, patient cart-horses like Mary Vassilyevna could put up with it for long; the lively, nervous, impressionable people who talked about vocation and serving the idea were soon weary of it and gave up the work.', 'tag': 'Confused', 'color': '#CC79A7'}, {'paragraph': 29}]
2022-11-02 23:43:49,934 INFO : Highlight: [{'start': 294, 'end': 350, 'text': 'had dug a ditch round it. They kept having to turn back.', 'tag': 'Confused', 'color': '#CC79A7'}, {'paragraph': 30}]
2022-11-02 23:44:11,821 INFO : Highlight: [{'paragraph': 30}]
2022-11-02 23:44:25,284 INFO : Highlight: [{'start': 115, 'end': 350, 'text': 'in one place the peasants would not let them pass, in another it was the priest’s land and they could not cross it, in another Ivan Ionov had bought a plot from the landowner and had dug a ditch round it. They kept having to turn back.', 'tag': 'Present', 'color': '#0072B2'}, {'paragraph': 30}]
2022-11-02 23:44:31,727 INFO : Highlight: [{'start': 13, 'end': 33, 'text': 'Nizhneye Gorodistche', 'tag': 'Confused', 'color': '#CC79A7'}, {'paragraph': 31}]
2022-11-02 23:44:38,454 INFO : Highlight: [{'start': 13, 'end': 33, 'text': 'Nizhneye Gorodistche', 'tag': 'Confused', 'color': '#CC79A7'}, {'start': 168, 'end': 183, 'text': 'sulphuric acid.', 'tag': 'Confused', 'color': '#CC79A7'}, {'paragraph': 31}]
2022-11-02 23:44:54,984 INFO : Highlight: [{'start': 13, 'end': 33, 'text': 'Nizhneye Gorodistche', 'tag': 'Confused', 'color': '#CC79A7'}, {'start': 168, 'end': 183, 'text': 'sulphuric acid.', 'tag': 'Confused', 'color': '#CC79A7'}, {'start': 374, 'end': 478, 'text': 'Through the wall, without ceasing for a moment, came the sound of a concertina being played in the shop.', 'tag': 'Present', 'color': '#0072B2'}, {'paragraph': 31}]
2022-11-02 23:45:01,126 INFO : Highlight: [{'start': 13, 'end': 33, 'text': 'Nizhneye Gorodistche', 'tag': 'Confused', 'color': '#CC79A7'}, {'start': 168, 'end': 183, 'text': 'sulphuric acid.', 'tag': 'Confused', 'color': '#CC79A7'}, {'start': 374, 'end': 478, 'text': 'Through the wall, without ceasing for a moment, came the sound of a concertina being played in the shop.', 'tag': 'Present', 'color': '#0072B2'}, {'start': 510, 'end': 524, 'text': 'drank some tea', 'tag': 'Confused', 'color': '#CC79A7'}, {'paragraph': 31}]
2022-11-02 23:45:06,904 INFO : Highlight: [{'start': 13, 'end': 33, 'text': 'Nizhneye Gorodistche', 'tag': 'Confused', 'color': '#CC79A7'}, {'start': 168, 'end': 183, 'text': 'sulphuric acid.', 'tag': 'Confused', 'color': '#CC79A7'}, {'start': 374, 'end': 478, 'text': 'Through the wall, without ceasing for a moment, came the sound of a concertina being played in the shop.', 'tag': 'Present', 'color': '#0072B2'}, {'start': 510, 'end': 524, 'text': 'drank some tea', 'tag': 'Confused', 'color': '#CC79A7'}, {'start': 609, 'end': 612, 'text': 'tea', 'tag': 'Confused', 'color': '#CC79A7'}, {'paragraph': 31}]
2022-11-02 23:45:14,793 INFO : Highlight: [{'start': 8, 'end': 14, 'text': 'Kuzma!', 'tag': 'Confused', 'color': '#CC79A7'}, {'paragraph': 32}]
2022-11-02 23:45:20,951 INFO : Highlight: [{'start': 8, 'end': 14, 'text': 'Kuzma!', 'tag': 'Confused', 'color': '#CC79A7'}, {'start': 51, 'end': 147, 'text': '“What there!” “The Lord bless us!” “Ivan Dementyitch, I can tell you that!” “Look out, old man!”', 'tag': 'Confused', 'color': '#CC79A7'}, {'paragraph': 32}]
2022-11-02 23:45:28,424 INFO : Highlight: [{'start': 118, 'end': 130, 'text': 'bad language', 'tag': 'Confused', 'color': '#CC79A7'}, {'paragraph': 33}]
2022-11-02 23:45:34,592 INFO : Highlight: [{'start': 26, 'end': 34, 'text': 'mimicked', 'tag': 'Confused', 'color': '#CC79A7'}, {'paragraph': 35}]
2022-11-02 23:45:39,663 INFO : Highlight: [{'start': 9, 'end': 13, 'text': 'crow', 'tag': 'Confused', 'color': '#CC79A7'}, {'paragraph': 36}]
2022-11-02 23:45:53,793 INFO : Highlight: [{'start': 76, 'end': 141, 'text': 'We pay with our money and the young lady with hers. Good-morning!', 'tag': 'Confused', 'color': '#CC79A7'}, {'paragraph': 37}]
2022-11-02 23:46:08,823 INFO : Highlight: [{'start': 0, 'end': 18, 'text': '“She’s all right!”', 'tag': 'Confused', 'color': '#CC79A7'}, {'paragraph': 42}]
2022-11-02 23:46:25,426 INFO : Highlight: [{'start': 0, 'end': 4, 'text': '“Vas', 'tag': 'Confused', 'color': '#CC79A7'}, {'paragraph': 44}]
2022-11-02 23:46:26,277 INFO : Highlight: [{'paragraph': 44}]
2022-11-02 23:46:31,803 INFO : Highlight: [{'start': 0, 'end': 47, 'text': '“Vassilyevna, get ready,” Semyon called to her.', 'tag': 'Curious', 'color': '#F0E442'}, {'paragraph': 44}]
2022-11-02 23:46:46,808 INFO : Highlight: [{'start': 114, 'end': 152, 'text': '“It was a wicked thing that was done!”', 'tag': 'Curious', 'color': '#F0E442'}, {'paragraph': 46}]
2022-11-02 23:47:03,260 INFO : Highlight: [{'start': 70, 'end': 81, 'text': 'grandfather', 'tag': 'Confused', 'color': '#CC79A7'}, {'paragraph': 49}]
2022-11-02 23:47:08,763 INFO : Highlight: [{'start': 13, 'end': 17, 'text': ',...', 'tag': 'Confused', 'color': '#CC79A7'}, {'paragraph': 50}]
2022-11-02 23:47:15,828 INFO : Highlight: [{'start': 65, 'end': 98, 'text': 'The peasants did not believe her.', 'tag': 'Confused', 'color': '#CC79A7'}, {'paragraph': 51}]
2022-11-02 23:47:22,930 INFO : Highlight: [{'start': 65, 'end': 98, 'text': 'The peasants did not believe her.', 'tag': 'Confused', 'color': '#CC79A7'}, {'start': 163, 'end': 170, 'text': 'roubles', 'tag': 'Confused', 'color': '#CC79A7'}, {'paragraph': 51}]
2022-11-02 23:47:40,429 INFO : Highlight: [{'start': 65, 'end': 98, 'text': 'The peasants did not believe her.', 'tag': 'Confused', 'color': '#CC79A7'}, {'start': 163, 'end': 170, 'text': 'roubles', 'tag': 'Confused', 'color': '#CC79A7'}, {'start': 290, 'end': 302, 'text': 'the watchman', 'tag': 'Confused', 'color': '#CC79A7'}, {'paragraph': 51}]
2022-11-02 23:47:53,996 INFO : Highlight: [{'start': 65, 'end': 98, 'text': 'The peasants did not believe her.', 'tag': 'Confused', 'color': '#CC79A7'}, {'start': 163, 'end': 170, 'text': 'roubles', 'tag': 'Confused', 'color': '#CC79A7'}, {'start': 290, 'end': 302, 'text': 'the watchman', 'tag': 'Confused', 'color': '#CC79A7'}, {'start': 439, 'end': 537, 'text': 'received payments from the peasants for being a guardian—without the knowledge of the authorities.', 'tag': 'Confused', 'color': '#CC79A7'}, {'paragraph': 51}]
2022-11-02 23:47:59,740 INFO : Highlight: [{'start': 0, 'end': 22, 'text': 'The forest, thank God!', 'tag': 'Curious', 'color': '#F0E442'}, {'paragraph': 52}]
2022-11-02 23:48:04,661 INFO : Highlight: [{'start': 0, 'end': 22, 'text': 'The forest, thank God!', 'tag': 'Curious', 'color': '#F0E442'}, {'start': 23, 'end': 38, 'text': 'was behind them', 'tag': 'Confused', 'color': '#CC79A7'}, {'paragraph': 52}]
2022-11-02 23:48:09,662 INFO : Highlight: [{'start': 0, 'end': 22, 'text': 'The forest, thank God!', 'tag': 'Curious', 'color': '#F0E442'}, {'start': 23, 'end': 38, 'text': 'was behind them', 'tag': 'Confused', 'color': '#CC79A7'}, {'start': 93, 'end': 101, 'text': 'Vyazovye', 'tag': 'Confused', 'color': '#CC79A7'}, {'paragraph': 52}]
2022-11-02 23:48:20,798 INFO : Highlight: [{'start': 0, 'end': 24, 'text': '“Where are you driving?”', 'tag': 'Curious', 'color': '#F0E442'}, {'paragraph': 53}]
2022-11-02 23:48:35,630 INFO : Highlight: [{'start': 0, 'end': 33, 'text': '“Mind you don’t drown the horse.”', 'tag': 'Confused', 'color': '#CC79A7'}, {'paragraph': 55}]
2022-11-02 23:48:42,892 INFO : Highlight: [{'start': 7, 'end': 37, 'text': 'Hanov is driving to the bridge', 'tag': 'Confused', 'color': '#CC79A7'}, {'paragraph': 57}]
2022-11-02 23:49:11,535 INFO : Highlight: [{'start': 24, 'end': 315, 'text': 'In the summer it was a little stream easily crossed by wading. It usually dried up in August, but now, after the spring floods, it was a river forty feet in breadth, rapid, muddy, and cold; on the bank and right up to the water there were fresh tracks of wheels, so it had been crossed here.', 'tag': 'Present', 'color': '#0072B2'}, {'paragraph': 59}]
2022-11-02 23:49:21,835 INFO : Highlight: [{'start': 24, 'end': 125, 'text': 'angrily and anxiously, tugging violently at the reins and jerking his elbows as a bird does its wings', 'tag': 'Present', 'color': '#0072B2'}, {'paragraph': 60}]
2022-11-02 23:49:37,563 INFO : Highlight: [{'start': 0, 'end': 48, 'text': '“Go on!” she, too, shouted, getting up. “Go on!”', 'tag': 'Curious', 'color': '#F0E442'}, {'paragraph': 62}]
2022-11-02 23:49:47,552 INFO : Highlight: [{'start': 99, 'end': 113, 'text': 'perfect plague', 'tag': 'Confused', 'color': '#CC79A7'}, {'paragraph': 64}]
2022-11-02 23:49:57,408 INFO : Highlight: [{'start': 0, 'end': 253, 'text': 'Her shoes and goloshes were full of water, the lower part of her dress and of her coat and one sleeve were wet and dripping: the sugar and flour had got wet, and that was worst of all, and Marya Vassilyevna could only clasp her hands in despair and say:', 'tag': 'Present', 'color': '#0072B2'}, {'paragraph': 65}]
2022-11-02 23:50:02,545 INFO : Highlight: [{'start': 0, 'end': 53, 'text': '“Oh, Semyon, Semyon! How tiresome you are really!...”', 'tag': 'Present', 'color': '#0072B2'}, {'paragraph': 66}]
2022-11-02 23:50:10,385 INFO : Highlight: [{'start': 0, 'end': 46, 'text': 'The barrier was down at the railway crossing. ', 'tag': 'Confused', 'color': '#CC79A7'}, {'paragraph': 67}]
2022-11-02 23:50:22,113 INFO : Highlight: [{'start': 0, 'end': 46, 'text': 'The barrier was down at the railway crossing. ', 'tag': 'Confused', 'color': '#CC79A7'}, {'start': 355, 'end': 365, 'text': 'pink smoke', 'tag': 'Confused', 'color': '#CC79A7'}, {'paragraph': 67}]
2022-11-02 23:50:37,935 INFO : Highlight: [{'start': 262, 'end': 273, 'text': 'Her mother!', 'tag': 'Confused', 'color': '#CC79A7'}, {'paragraph': 68}]
2022-11-02 23:50:43,833 INFO : Highlight: [{'start': 262, 'end': 273, 'text': 'Her mother!', 'tag': 'Confused', 'color': '#CC79A7'}, {'start': 305, 'end': 312, 'text': 'had had', 'tag': 'Confused', 'color': '#CC79A7'}, {'paragraph': 68}]
2022-11-02 23:51:01,809 INFO : Highlight: [{'start': 262, 'end': 273, 'text': 'Her mother!', 'tag': 'Confused', 'color': '#CC79A7'}, {'start': 305, 'end': 312, 'text': 'had had', 'tag': 'Confused', 'color': '#CC79A7'}, {'start': 558, 'end': 676, 'text': 'the aquarium with little fish, everything to the tiniest detail; she heard the sound of the piano, her father’s voice;', 'tag': 'Present', 'color': '#0072B2'}, {'paragraph': 68}]
2022-11-02 23:51:08,402 INFO : Highlight: [{'start': 262, 'end': 273, 'text': 'Her mother!', 'tag': 'Confused', 'color': '#CC79A7'}, {'start': 305, 'end': 312, 'text': 'had had', 'tag': 'Confused', 'color': '#CC79A7'}, {'start': 558, 'end': 676, 'text': 'the aquarium with little fish, everything to the tiniest detail; she heard the sound of the piano, her father’s voice;', 'tag': 'Present', 'color': '#0072B2'}, {'start': 775, 'end': 785, 'text': 'own people', 'tag': 'Confused', 'color': '#CC79A7'}, {'paragraph': 68}]
2022-11-02 23:51:24,991 INFO : Highlight: [{'start': 44, 'end': 108, 'text': 'Just at that instant Hanov drove up with his team of four horses', 'tag': 'Confused', 'color': '#CC79A7'}, {'paragraph': 70}]
2022-11-02 23:51:31,868 INFO : Highlight: [{'start': 44, 'end': 108, 'text': 'Just at that instant Hanov drove up with his team of four horses', 'tag': 'Confused', 'color': '#CC79A7'}, {'start': 207, 'end': 215, 'text': 'an equal', 'tag': 'Confused', 'color': '#CC79A7'}, {'paragraph': 70}]
2022-11-02 23:51:41,933 INFO : Highlight: [{'start': 44, 'end': 108, 'text': 'Just at that instant Hanov drove up with his team of four horses', 'tag': 'Confused', 'color': '#CC79A7'}, {'start': 207, 'end': 215, 'text': 'an equal', 'tag': 'Confused', 'color': '#CC79A7'}, {'start': 234, 'end': 500, 'text': 'it seemed to her that her happiness, her triumph, was glowing in the sky and on all sides, in the windows and on the trees. Her father and mother had never died, she had never been a schoolmistress, it was a long, tedious, strange dream, and now she had awakened....', 'tag': 'Confused', 'color': '#CC79A7'}, {'paragraph': 70}]
2022-11-02 23:51:45,946 INFO : Highlight: [{'start': 0, 'end': 22, 'text': '“Vassilyevna, get in!”', 'tag': 'Confused', 'color': '#CC79A7'}, {'paragraph': 71}]
2022-11-02 23:52:30,644 INFO : Highlight: [{'start': 0, 'end': 59, 'text': 'And at once it all vanished. The barrier was slowly raised.', 'tag': 'Other', 'color': '#009E73'}, {'paragraph': 72}]