2022-11-04 19:06:17,744 INFO : id27 logged in successfully
2022-11-04 19:21:52,559 INFO : Survey1: {'firstPageQuestions0': "I'm not sure; I'm not getting much information that keeps me curious about it. The protagonist seems to live a hard life, in which she's isolated following her parents' deaths and losing touch with her brother, but that's a trope.", 'firstPageQuestions1': 'The point of the story, probably, if anything.'}
2022-11-04 19:30:04,352 INFO : Survey2: {'lastPageQuestionsRadio0': '2', 'lastPageQuestionsRadio1': '1', 'lastPageQuestionsRadio2': '2', 'lastPageQuestionsRadio3': '4', 'lastPageQuestionsRadio4': '1', 'lastPageQuestionsRadio5': '1', 'lastPageQuestionsRadio6': '5', 'lastPageQuestionsRadio7': '2', 'lastPageQuestionsRadio8': '4', 'lastPageQuestionsFreeform0': 'This one was more boring than the other one, in my opinion.'}
2022-11-04 19:32:16,216 INFO : Highlight: [{'start': 22, 'end': 122, 'text': 'a lovely April sun was shining warmly, but the snow was still lying in the ditches and in the woods.', 'tag': 'Present', 'color': '#0072B2'}, {'paragraph': 1}]
2022-11-04 19:32:23,575 INFO : Highlight: [{'start': 22, 'end': 122, 'text': 'a lovely April sun was shining warmly, but the snow was still lying in the ditches and in the woods.', 'tag': 'Present', 'color': '#0072B2'}, {'start': 174, 'end': 206, 'text': 'spring had come all of a sudden.', 'tag': 'Present', 'color': '#0072B2'}, {'paragraph': 1}]
2022-11-04 19:33:01,508 INFO : Highlight: [{'start': 22, 'end': 122, 'text': 'a lovely April sun was shining warmly, but the snow was still lying in the ditches and in the woods.', 'tag': 'Present', 'color': '#0072B2'}, {'start': 174, 'end': 206, 'text': 'spring had come all of a sudden.', 'tag': 'Present', 'color': '#0072B2'}, {'start': 786, 'end': 923, 'text': 'it was all the same to her, and she always—invariably—longed for one thing only, to get to the end of her journey as quickly as could be.', 'tag': 'Connected', 'color': '#D55E00'}, {'paragraph': 1}]
2022-11-04 19:33:28,522 INFO : Highlight: [{'start': 0, 'end': 247, 'text': 'She felt as though she had been living in that part of the country for ages and ages, for a hundred years, and it seemed to her that she knew every stone, every tree on the road from the town to her school. Her past was here, her present was here,', 'tag': 'Connected', 'color': '#D55E00'}, {'paragraph': 2}]
2022-11-04 19:34:03,459 INFO : Highlight: [{'start': 214, 'end': 308, 'text': 'but of all that life there was left in her memory only something vague and fluid like a dream.', 'tag': 'Other', 'color': '#009E73'}, {'paragraph': 3}]
2022-11-04 19:34:25,092 INFO : Highlight: [{'start': 214, 'end': 308, 'text': 'but of all that life there was left in her memory only something vague and fluid like a dream.', 'tag': 'Other', 'color': '#009E73'}, {'start': 634, 'end': 748, 'text': 'but it had grown dim from the dampness of the school, and now nothing could be seen but the hair and the eyebrows.', 'tag': 'Present', 'color': '#0072B2'}, {'paragraph': 3}]
2022-11-04 19:34:44,447 INFO : Highlight: [{'start': 0, 'end': 154, 'text': '“They have caught a government clerk in the town. They have taken him away. The story is that with some Germans he killed Alexeyev, the Mayor, in Moscow.”', 'tag': 'Curious', 'color': '#F0E442'}, {'paragraph': 5}]
2022-11-04 19:35:09,260 INFO : Highlight: [{'start': 391, 'end': 442, 'text': 'When he came up to her he recognized her and bowed.', 'tag': 'Curious', 'color': '#F0E442'}, {'paragraph': 8}]
2022-11-04 19:35:39,025 INFO : Highlight: [{'start': 364, 'end': 404, 'text': 'People said, too, that he drank heavily.', 'tag': 'Other', 'color': '#009E73'}, {'paragraph': 10}]
2022-11-04 19:35:54,849 INFO : Highlight: [{'start': 364, 'end': 404, 'text': 'People said, too, that he drank heavily.', 'tag': 'Other', 'color': '#009E73'}, {'start': 405, 'end': 511, 'text': 'And indeed at the examination the year before the very papers he brought with him smelt of wine and scent.', 'tag': 'Other', 'color': '#009E73'}, {'paragraph': 10}]
2022-11-04 19:36:28,224 INFO : Highlight: [{'start': 364, 'end': 404, 'text': 'People said, too, that he drank heavily.', 'tag': 'Other', 'color': '#009E73'}, {'start': 405, 'end': 511, 'text': 'And indeed at the examination the year before the very papers he brought with him smelt of wine and scent.', 'tag': 'Other', 'color': '#009E73'}, {'start': 683, 'end': 801, 'text': 'She was accustomed to see frigid and sensible examiners at the school, while this one did not remember a single prayer', 'tag': 'Connected', 'color': '#D55E00'}, {'paragraph': 10}]
2022-11-04 19:36:41,143 INFO : Highlight: [{'start': 0, 'end': 107, 'text': '“I am going to visit Bakvist,” he went on, addressing Marya Vassilyevna, “but I am told he is not at home.”', 'tag': 'Curious', 'color': '#F0E442'}, {'paragraph': 11}]
2022-11-04 19:37:16,794 INFO : Highlight: [{'start': 526, 'end': 615, 'text': 'And she felt annoyed with the Zemstvo board at which she had found no one the day before.', 'tag': 'Confused', 'color': '#CC79A7'}, {'paragraph': 12}]
2022-11-04 19:37:30,199 INFO : Highlight: [{'start': 526, 'end': 615, 'text': 'And she felt annoyed with the Zemstvo board at which she had found no one the day before.', 'tag': 'Confused', 'color': '#CC79A7'}, {'start': 525, 'end': 644, 'text': ' And she felt annoyed with the Zemstvo board at which she had found no one the day before. How unbusiness-like! Here sh', 'tag': 'Confused', 'color': '#CC79A7'}, {'paragraph': 12}]
2022-11-04 19:37:37,622 INFO : Highlight: [{'start': 526, 'end': 615, 'text': 'And she felt annoyed with the Zemstvo board at which she had found no one the day before.', 'tag': 'Confused', 'color': '#CC79A7'}, {'paragraph': 12}]
2022-11-04 19:37:38,707 INFO : Highlight: [{'paragraph': 12}]
2022-11-04 19:38:38,322 INFO : Highlight: [{'start': 0, 'end': 206, 'text': 'The road grew worse and worse.... They drove into the wood. Here there was no room to turn round, the wheels sank deeply in, water splashed and gurgled through them, and sharp twigs struck them in the face.', 'tag': 'Confused', 'color': '#CC79A7'}, {'paragraph': 14}]
2022-11-04 19:38:43,992 INFO : Highlight: [{'paragraph': 14}]
2022-11-04 19:38:46,100 INFO : Highlight: [{'start': 1, 'end': 180, 'text': 'he road grew worse and worse.... They drove into the wood. Here there was no room to turn round, the wheels sank deeply in, water splashed and gurgled through them, and sharp twig', 'tag': 'Present', 'color': '#0072B2'}, {'paragraph': 14}]
2022-11-04 19:38:47,685 INFO : Highlight: [{'paragraph': 14}]
2022-11-04 19:38:50,844 INFO : Highlight: [{'start': 0, 'end': 206, 'text': 'The road grew worse and worse.... They drove into the wood. Here there was no room to turn round, the wheels sank deeply in, water splashed and gurgled through them, and sharp twigs struck them in the face.', 'tag': 'Present', 'color': '#0072B2'}, {'paragraph': 14}]
2022-11-04 19:39:43,142 INFO : Highlight: [{'start': 716, 'end': 842, 'text': 'He was kind, soft, naive, and he did not understand this coarse life, just as at the examination he did not know the prayers. ', 'tag': 'Other', 'color': '#009E73'}, {'paragraph': 16}]
2022-11-04 19:40:09,038 INFO : Highlight: [{'start': 198, 'end': 249, 'text': 'here in the winding ditches rivulets were gurgling.', 'tag': 'Confused', 'color': '#CC79A7'}, {'paragraph': 18}]
2022-11-04 19:40:39,426 INFO : Highlight: [{'start': 32, 'end': 63, 'text': ' I don’t like staying at home.”', 'tag': 'Connected', 'color': '#D55E00'}, {'paragraph': 21}]
2022-11-04 19:40:59,696 INFO : Highlight: [{'start': 0, 'end': 195, 'text': 'Beside old Semyon he looked graceful and vigorous, but yet in his walk there was something just perceptible which betrayed in him a being already touched by decay, weak, and on the road to ruin. ', 'tag': 'Other', 'color': '#009E73'}, {'paragraph': 22}]
2022-11-04 19:41:39,545 INFO : Highlight: [{'start': 0, 'end': 195, 'text': 'Beside old Semyon he looked graceful and vigorous, but yet in his walk there was something just perceptible which betrayed in him a being already touched by decay, weak, and on the road to ruin. ', 'tag': 'Other', 'color': '#009E73'}, {'start': 754, 'end': 926, 'text': 'In reality, life was arranged and human relations were complicated so utterly beyond all understanding that when one thought about it one felt uncanny and one’s heart sank.', 'tag': 'Other', 'color': '#009E73'}, {'paragraph': 22}]
2022-11-04 19:42:51,433 INFO : Highlight: [{'start': 650, 'end': 771, 'text': 'And this life was making her grow old and coarse, making her ugly, angular, and awkward, as though she were made of lead.', 'tag': 'Other', 'color': '#009E73'}, {'paragraph': 26}]
2022-11-04 19:43:16,508 INFO : Highlight: [{'start': 0, 'end': 23, 'text': '“Hold on, Vassilyevna!”', 'tag': 'Confused', 'color': '#CC79A7'}, {'paragraph': 27}]
2022-11-04 19:43:21,612 INFO : Highlight: [{'start': 0, 'end': 31, 'text': 'Again a sharp ascent uphill....', 'tag': 'Confused', 'color': '#CC79A7'}, {'paragraph': 28}]
2022-11-04 19:43:26,570 INFO : Highlight: [{'paragraph': 27}]
2022-11-04 19:43:27,236 INFO : Highlight: [{'paragraph': 28}]
2022-11-04 19:43:52,803 INFO : Highlight: [{'start': 0, 'end': 46, 'text': 'She had become a schoolmistress from necessity', 'tag': 'Connected', 'color': '#D55E00'}, {'paragraph': 29}]
2022-11-04 19:45:13,507 INFO : Highlight: [{'start': 230, 'end': 350, 'text': ' in another Ivan Ionov had bought a plot from the landowner and had dug a ditch round it. They kept having to turn back.', 'tag': 'Other', 'color': '#009E73'}, {'paragraph': 30}]
2022-11-04 19:45:32,071 INFO : Highlight: [{'start': 184, 'end': 446, 'text': 'There were a great many people in the tavern, all drivers, and there was a smell of vodka, tobacco, and sheepskins. There was a loud noise of conversation and the banging of the swing-door. Through the wall, without ceasing for a moment, came the sound of a conc', 'tag': 'Confused', 'color': '#CC79A7'}, {'paragraph': 31}]
2022-11-04 19:45:33,301 INFO : Highlight: [{'paragraph': 31}]
2022-11-04 19:45:40,706 INFO : Highlight: [{'start': 184, 'end': 299, 'text': 'There were a great many people in the tavern, all drivers, and there was a smell of vodka, tobacco, and sheepskins.', 'tag': 'Other', 'color': '#009E73'}, {'paragraph': 31}]
2022-11-04 19:45:53,865 INFO : Highlight: [{'start': 184, 'end': 299, 'text': 'There were a great many people in the tavern, all drivers, and there was a smell of vodka, tobacco, and sheepskins.', 'tag': 'Other', 'color': '#009E73'}, {'start': 300, 'end': 478, 'text': 'There was a loud noise of conversation and the banging of the swing-door. Through the wall, without ceasing for a moment, came the sound of a concertina being played in the shop.', 'tag': 'Present', 'color': '#0072B2'}, {'paragraph': 31}]
2022-11-04 19:46:06,415 INFO : Highlight: [{'start': 184, 'end': 299, 'text': 'There were a great many people in the tavern, all drivers, and there was a smell of vodka, tobacco, and sheepskins.', 'tag': 'Other', 'color': '#009E73'}, {'start': 300, 'end': 478, 'text': 'There was a loud noise of conversation and the banging of the swing-door. Through the wall, without ceasing for a moment, came the sound of a concertina being played in the shop.', 'tag': 'Present', 'color': '#0072B2'}, {'start': 526, 'end': 674, 'text': 'while at the next table peasants were drinking vodka and beer, perspiring from the tea they had just swallowed and the stifling fumes of the tavern.', 'tag': 'Other', 'color': '#009E73'}, {'paragraph': 31}]
2022-11-04 19:46:52,367 INFO : Highlight: [{'start': 142, 'end': 347, 'text': 'while the concertina went on playing and playing. The patches of sunshine had been on the floor, then they passed to the counter, to the wall, and disappeared altogether; so by the sun it was past midday. ', 'tag': 'Present', 'color': '#0072B2'}, {'paragraph': 43}]
2022-11-04 19:48:10,239 INFO : Highlight: [{'start': 0, 'end': 100, 'text': '“Where are you driving?” Marya Vassilyevna asked Semyon. “Take the road to the right to the bridge.”', 'tag': 'Curious', 'color': '#F0E442'}, {'paragraph': 53}]
2022-11-04 19:48:19,241 INFO : Highlight: [{'start': 0, 'end': 66, 'text': '“Why, we can go this way as well. It’s not deep enough to matter.”', 'tag': 'Curious', 'color': '#F0E442'}, {'paragraph': 54}]
2022-11-04 19:49:41,614 INFO : Highlight: [{'start': 188, 'end': 390, 'text': 'Vyazovye was in sight now, and the school with the green roof, and the church with its crosses flashing in the evening sun: and the station windows flashed too, and a pink smoke rose from the engine... ', 'tag': 'Present', 'color': '#0072B2'}, {'paragraph': 67}]
2022-11-04 19:49:50,016 INFO : Highlight: [{'start': 188, 'end': 390, 'text': 'Vyazovye was in sight now, and the school with the green roof, and the church with its crosses flashing in the evening sun: and the station windows flashed too, and a pink smoke rose from the engine... ', 'tag': 'Present', 'color': '#0072B2'}, {'start': 390, 'end': 451, 'text': 'and it seemed to her that everything was trembling with cold.', 'tag': 'Other', 'color': '#009E73'}, {'paragraph': 67}]