2022-06-11 14:19:52,646 INFO : id5 logged in successfully
2022-06-11 15:02:10,458 INFO : Survey1: {'firstPageQuestions0': "seems like it might be funny (altho I'm not a fan of fat jokes)", 'firstPageQuestions1': 'will the man and woman have a flirtation. '}
2022-06-11 15:09:10,171 INFO : Survey2: {'lastPageQuestionsRadio0': '5', 'lastPageQuestionsRadio1': '5', 'lastPageQuestionsRadio2': '5', 'lastPageQuestionsRadio3': '5', 'lastPageQuestionsRadio4': '1', 'lastPageQuestionsRadio5': '4', 'lastPageQuestionsRadio6': '1', 'lastPageQuestionsRadio7': '5', 'lastPageQuestionsRadio8': '4', 'lastPageQuestionsFreeform0': '!!! I was very interested but did not like the main character at all. I don\'t think I was supposed to (especially since he was described in such negative physical terms) but I still wonder how much the author was aware of how badly he made the character out to be. A typical "nice guy." '}
2022-06-11 15:09:44,821 INFO : Highlight: [{'start': 61, 'end': 101, 'text': ' I might just as well give up the work.”', 'tag': 'Connected', 'color': '#D55E00'}, {'paragraph': 2}]
2022-06-11 15:09:55,810 INFO : Highlight: [{'start': 0, 'end': 100, 'text': 'And he made up his mind at all costs to overcome his innate laziness, and to learn French and German', 'tag': 'Connected', 'color': '#D55E00'}, {'paragraph': 3}]
2022-06-11 15:10:04,766 INFO : Highlight: [{'start': 63, 'end': 123, 'text': 'he servant told him that a young lady was inquiring for him.', 'tag': 'Curious', 'color': '#F0E442'}, {'paragraph': 4}]
2022-06-11 15:11:14,315 INFO : Highlight: [{'start': 514, 'end': 793, 'text': '. Her face looked as cold and business-like as the face of a person who has come to speak about money. She did not once smile or frown, and only once a look of perplexity flitted over her face when she learnt that she was not required to teach children, but a stout grown-up man.', 'tag': 'Connected', 'color': '#D55E00'}, {'paragraph': 8}]
2022-06-11 15:11:25,937 INFO : Highlight: [{'start': 0, 'end': 38, 'text': 'With a cold, business-like expression,', 'tag': 'Connected', 'color': '#D55E00'}, {'paragraph': 11}]
2022-06-11 15:11:51,716 INFO : Highlight: [{'start': 113, 'end': 132, 'text': 'he opened Margot, w', 'tag': 'Confused', 'color': '#CC79A7'}, {'paragraph': 15}]
2022-06-11 15:12:16,438 INFO : Highlight: [{'start': 0, 'end': 111, 'text': 'The French girl looked at him in perplexity. Evidently the suggestion seemed to her very naïve and ridiculous. ', 'tag': 'Connected', 'color': '#D55E00'}, {'paragraph': 20}]
2022-06-11 15:12:42,940 INFO : Highlight: [{'start': 0, 'end': 128, 'text': 'With a good-natured smile, breathing hard, he spent a quarter of an hour over the word “Mémoires,” and as much over the word de,', 'tag': 'Other', 'color': '#009E73'}, {'paragraph': 27}]
2022-06-11 15:12:52,576 INFO : Highlight: [{'start': 0, 'end': 128, 'text': 'With a good-natured smile, breathing hard, he spent a quarter of an hour over the word “Mémoires,” and as much over the word de,', 'tag': 'Other', 'color': '#009E73'}, {'start': 133, 'end': 162, 'text': 'this wearied the young lady. ', 'tag': 'Connected', 'color': '#D55E00'}, {'paragraph': 27}]
2022-06-11 15:13:15,620 INFO : Highlight: [{'start': 299, 'end': 443, 'text': ' When she came the seventh time he took out of his pocket an envelope with seven roubles in it, and holding it in his hand, became very confused', 'tag': 'Curious', 'color': '#F0E442'}, {'paragraph': 30}]
2022-06-11 15:14:22,920 INFO : Highlight: [{'start': 270, 'end': 314, 'text': 'probably not in the least interested in them', 'tag': 'Connected', 'color': '#D55E00'}, {'paragraph': 37}]
2022-06-11 15:14:25,778 INFO : Highlight: [{'paragraph': 37}]
2022-06-11 15:14:35,013 INFO : Highlight: [{'start': 233, 'end': 315, 'text': 'she, unconscious of his thoughts and probably not in the least interested in them,', 'tag': 'Other', 'color': '#009E73'}, {'paragraph': 37}]
2022-06-11 15:14:48,021 INFO : Highlight: [{'start': 75, 'end': 146, 'text': '“Where are you striving to seeing your face so pale it makes me sad.”’”', 'tag': 'Confused', 'color': '#CC79A7'}, {'paragraph': 38}]
2022-06-11 15:14:57,342 INFO : Highlight: [{'start': 223, 'end': 306, 'text': ' Seeing her out after the lesson, Vorotov dressed and went to the theatre himself. ', 'tag': 'Curious', 'color': '#F0E442'}, {'paragraph': 39}]
2022-06-11 15:15:23,512 INFO : Highlight: [{'start': 0, 'end': 477, 'text': 'Yet for some reason his heart was beating during the intervals, and without realizing what he was doing, he raced about the corridors and foyer like a boy impatiently looking for some one, and he was disappointed when the interval was over.And when he saw the familiar pink dress and the handsome shoulders under the tulle, his heart quivered as though with a foretaste of happiness; he smiled joyfully, and for the first time in his life experienced the sensation of jealousy.', 'tag': 'Connected', 'color': '#D55E00'}, {'paragraph': 40}]
2022-06-11 15:16:06,583 INFO : Highlight: [{'start': 0, 'end': 83, 'text': 'Sometimes in the middle of a lesson he would begin dreaming, hoping, making plans. ', 'tag': 'Curious', 'color': '#F0E442'}, {'paragraph': 43}]
2022-06-11 15:16:30,349 INFO : Highlight: [{'start': 3, 'end': 176, 'text': ' Alice turned pale—probably from dismay, reflecting that after this declaration she could not come here again and get a rouble a lesson. With a frightened look in her eyes s', 'tag': 'Connected', 'color': '#D55E00'}, {'paragraph': 45}]
2022-06-11 15:16:44,180 INFO : Highlight: [{'start': 119, 'end': 147, 'text': 'lice came without a letter. ', 'tag': 'Confused', 'color': '#CC79A7'}, {'paragraph': 48}]
2022-06-11 15:16:47,718 INFO : Highlight: [{'paragraph': 48}]
2022-06-11 15:16:50,305 INFO : Highlight: [{'start': 118, 'end': 147, 'text': 'Alice came without a letter. ', 'tag': 'Confused', 'color': '#CC79A7'}, {'paragraph': 48}]
2022-06-11 15:17:11,366 INFO : Highlight: [{'start': 74, 'end': 123, 'text': 'Vorotov knows no French but the word “Mémoires,” ', 'tag': 'Other', 'color': '#009E73'}, {'paragraph': 50}]
2022-06-11 15:17:16,661 INFO : Highlight: [{'paragraph': 50}]
2022-06-11 15:17:18,272 INFO : Highlight: [{'start': 74, 'end': 255, 'text': 'Vorotov knows no French but the word “Mémoires,” and when he is asked about his literary researches, he waves his hand, and without answering, turns the conversation to the weather.', 'tag': 'Other', 'color': '#009E73'}, {'paragraph': 50}]
