2022-06-22 22:13:09,925 INFO : id8 logged in successfully
2022-06-22 22:13:21,774 INFO : id8 logged in successfully
2022-06-22 23:05:11,142 INFO : Survey2: {'lastPageQuestionsRadio0': '5', 'lastPageQuestionsRadio1': '4', 'lastPageQuestionsRadio2': '5', 'lastPageQuestionsRadio3': '5', 'lastPageQuestionsRadio4': '3', 'lastPageQuestionsRadio5': '5', 'lastPageQuestionsRadio6': '3', 'lastPageQuestionsRadio7': '5', 'lastPageQuestionsRadio8': '2', 'lastPageQuestionsFreeform0': "It's a great descriptive story. I read it again and understood the story better so there was less confusion. Was it really all a dream of her being a school mistress or is it just a feeling for her? A memory that was brought back to her? The ending had me confused but overall a great story that shows a lot of connection to the characters as well as the scene description."}
2022-06-22 23:10:22,113 INFO : id8 logged in successfully
2022-06-22 23:10:24,328 INFO : id8 logged in successfully
2022-06-22 23:12:32,750 INFO : Survey1: {'firstPageQuestions0': 'The character seems likeable, I relate to my laziness in learning new language to him.', 'firstPageQuestions1': 'How to story progresses. Did he manage to learn French and German?'}
2022-06-22 23:23:26,963 INFO : Survey2: {'lastPageQuestionsRadio0': '4', 'lastPageQuestionsRadio1': '5', 'lastPageQuestionsRadio2': '5', 'lastPageQuestionsRadio3': '2', 'lastPageQuestionsRadio4': '2', 'lastPageQuestionsRadio5': '5', 'lastPageQuestionsRadio6': '3', 'lastPageQuestionsRadio7': '5', 'lastPageQuestionsRadio8': '1', 'lastPageQuestionsFreeform0': "This story was easier to comprehend compared to the previous story probably because the previous story had more foreign words used without description. The setting and character is clear in the story. I understood the character and his goal. I personally don't like it when he had a crush on the French girl but that is the character. Otherwise I like the overall story and enjoyed reading. Too bad he did not learn much in French."}
2022-06-22 23:23:29,549 INFO : Survey2: {'lastPageQuestionsRadio0': '4', 'lastPageQuestionsRadio1': '5', 'lastPageQuestionsRadio2': '5', 'lastPageQuestionsRadio3': '2', 'lastPageQuestionsRadio4': '2', 'lastPageQuestionsRadio5': '5', 'lastPageQuestionsRadio6': '3', 'lastPageQuestionsRadio7': '5', 'lastPageQuestionsRadio8': '1', 'lastPageQuestionsFreeform0': "This story was easier to comprehend compared to the previous story probably because the previous story had more foreign words used without description. The setting and character is clear in the story. I understood the character and his goal. I personally don't like it when he had a crush on the French girl but that is the character. Otherwise I like the overall story and enjoyed reading. Too bad he did not learn much in French."}
2022-06-22 23:24:07,919 INFO : Highlight: [{'start': 0, 'end': 82, 'text': 'For a cultivated man to be ignorant of foreign languages is a great inconvenience.', 'tag': 'Other', 'color': '#009E73'}, {'paragraph': 0}]
2022-06-22 23:24:18,197 INFO : Highlight: [{'start': 23, 'end': 37, 'text': 'breathing hard', 'tag': 'Confused', 'color': '#CC79A7'}, {'paragraph': 1}]
2022-06-22 23:24:29,251 INFO : Highlight: [{'start': 31, 'end': 60, 'text': 'I’m like a bird without wings', 'tag': 'Other', 'color': '#009E73'}, {'paragraph': 2}]
2022-06-22 23:24:48,686 INFO : Highlight: [{'start': 40, 'end': 100, 'text': 'overcome his innate laziness, and to learn French and German', 'tag': 'Connected', 'color': '#D55E00'}, {'paragraph': 3}]
2022-06-22 23:25:12,488 INFO : Highlight: [{'start': 43, 'end': 216, 'text': ' breathing hard and putting his hand over the collar of his nightshirt (to breathe more freely he always wore a nightshirt at work instead of a stiff linen one with collar).', 'tag': 'Connected', 'color': '#D55E00'}, {'paragraph': 7}]
2022-06-22 23:25:49,563 INFO : Highlight: [{'start': 617, 'end': 793, 'text': 'She did not once smile or frown, and only once a look of perplexity flitted over her face when she learnt that she was not required to teach children, but a stout grown-up man.', 'tag': 'Connected', 'color': '#D55E00'}, {'paragraph': 8}]
2022-06-22 23:25:57,855 INFO : Highlight: [{'start': 617, 'end': 793, 'text': 'She did not once smile or frown, and only once a look of perplexity flitted over her face when she learnt that she was not required to teach children, but a stout grown-up man.', 'tag': 'Connected', 'color': '#D55E00'}, {'start': 520, 'end': 616, 'text': 'face looked as cold and business-like as the face of a person who has come to speak about money.', 'tag': 'Connected', 'color': '#D55E00'}, {'paragraph': 8}]
2022-06-22 23:26:28,333 INFO : Highlight: [{'start': 0, 'end': 240, 'text': 'And he asked her if she would not have some tea or coffee, whether it was a fine day, and with a good-natured smile, stroking the baize of the table, he inquired in a friendly voice who she was, where she had studied, and what she lived on.', 'tag': 'Connected', 'color': '#D55E00'}, {'paragraph': 10}]
2022-06-22 23:27:44,041 INFO : Highlight: [{'start': 138, 'end': 293, 'text': 'I know Russian, Greek, and Latin well. . . . I’ve studied comparative philology, and I think we might omit Margot and pass straight to reading some author.', 'tag': 'Connected', 'color': '#D55E00'}, {'paragraph': 17}]
2022-06-22 23:27:52,525 INFO : Highlight: [{'start': 7, 'end': 59, 'text': 'explained to the French girl how grown-up people lea', 'tag': 'Confused', 'color': '#CC79A7'}, {'paragraph': 18}]
2022-06-22 23:27:52,997 INFO : Highlight: [{'paragraph': 18}]
2022-06-22 23:27:57,838 INFO : Highlight: [{'start': 4, 'end': 71, 'text': 'he explained to the French girl how grown-up people learn languages', 'tag': 'Connected', 'color': '#D55E00'}, {'paragraph': 18}]
2022-06-22 23:28:31,723 INFO : Highlight: [{'start': 0, 'end': 110, 'text': 'The French girl looked at him in perplexity. Evidently the suggestion seemed to her very naïve and ridiculous.', 'tag': 'Present', 'color': '#0072B2'}, {'paragraph': 20}]
2022-06-22 23:28:43,592 INFO : Highlight: [{'start': 0, 'end': 110, 'text': 'The French girl looked at him in perplexity. Evidently the suggestion seemed to her very naïve and ridiculous.', 'tag': 'Present', 'color': '#0072B2'}, {'start': 299, 'end': 358, 'text': 'she only shrugged her shoulders hardly perceptibly and said', 'tag': 'Connected', 'color': '#D55E00'}, {'paragraph': 20}]
2022-06-22 23:28:48,828 INFO : Highlight: [{'start': 0, 'end': 16, 'text': '“As you please.”', 'tag': 'Connected', 'color': '#D55E00'}, {'paragraph': 21}]
2022-06-22 23:28:59,766 INFO : Highlight: [{'start': 0, 'end': 29, 'text': '“It’s all the same,” she said', 'tag': 'Connected', 'color': '#D55E00'}, {'paragraph': 24}]
2022-06-22 23:29:13,361 INFO : Highlight: [{'start': 27, 'end': 40, 'text': 'breathing har', 'tag': 'Connected', 'color': '#D55E00'}, {'paragraph': 27}]
2022-06-22 23:29:13,738 INFO : Highlight: [{'paragraph': 27}]
2022-06-22 23:29:17,128 INFO : Highlight: [{'start': 7, 'end': 41, 'text': 'good-natured smile, breathing hard', 'tag': 'Connected', 'color': '#D55E00'}, {'paragraph': 27}]
2022-06-22 23:30:17,805 INFO : Highlight: [{'start': 73, 'end': 170, 'text': 'first time during their lessons her face quivered and her cold, business-like expression vanished', 'tag': 'Connected', 'color': '#D55E00'}, {'paragraph': 32}]
2022-06-22 23:30:21,482 INFO : Highlight: [{'start': 73, 'end': 170, 'text': 'first time during their lessons her face quivered and her cold, business-like expression vanished', 'tag': 'Connected', 'color': '#D55E00'}, {'start': 0, 'end': 19, 'text': 'Seeing the envelope', 'tag': 'Connected', 'color': '#D55E00'}, {'paragraph': 32}]
2022-06-22 23:30:53,267 INFO : Highlight: [{'start': 175, 'end': 207, 'text': 'I must leave you for ten minutes', 'tag': 'Curious', 'color': '#F0E442'}, {'paragraph': 33}]
2022-06-22 23:31:12,032 INFO : Highlight: [{'start': 343, 'end': 357, 'text': ' felt awkward.', 'tag': 'Other', 'color': '#009E73'}, {'paragraph': 34}]
2022-06-22 23:31:13,531 INFO : Highlight: [{'paragraph': 34}]
2022-06-22 23:31:21,905 INFO : Highlight: [{'start': 249, 'end': 356, 'text': 'it struck him that she might have interpreted his brief absence in some way of her own, and he felt awkward', 'tag': 'Other', 'color': '#009E73'}, {'paragraph': 34}]
2022-06-22 23:31:50,584 INFO : Highlight: [{'start': 58, 'end': 209, 'text': ' Realising that he would gain nothing from the lessons, he gave the French girl liberty to do as she liked, asking her nothing and not interrupting her', 'tag': 'Connected', 'color': '#D55E00'}, {'paragraph': 35}]
2022-06-22 23:33:15,605 INFO : Highlight: [{'start': 439, 'end': 476, 'text': 'experienced the sensation of jealousy', 'tag': 'Connected', 'color': '#D55E00'}, {'paragraph': 40}]
2022-06-22 23:33:57,737 INFO : Highlight: [{'start': 414, 'end': 581, 'text': 'she gave him a chilly nod and walked quickly by; she evidently did not care for her friends to know that she had pupils, and that she had to give lessons to earn money', 'tag': 'Connected', 'color': '#D55E00'}, {'paragraph': 41}]
2022-06-22 23:34:10,873 INFO : Highlight: [{'start': 414, 'end': 581, 'text': 'she gave him a chilly nod and walked quickly by; she evidently did not care for her friends to know that she had pupils, and that she had to give lessons to earn money', 'tag': 'Connected', 'color': '#D55E00'}, {'start': 169, 'end': 219, 'text': 'She was evidently happy, contented, warm, sincere.', 'tag': 'Other', 'color': '#009E73'}, {'paragraph': 41}]
2022-06-22 23:34:26,906 INFO : Highlight: [{'start': 0, 'end': 69, 'text': 'After the meeting at the theatre Vorotov realised that he was in love', 'tag': 'Connected', 'color': '#D55E00'}, {'paragraph': 42}]
2022-06-22 23:34:27,262 INFO : Highlight: [{'paragraph': 42}]
2022-06-22 23:34:29,735 INFO : Highlight: [{'start': 55, 'end': 76, 'text': 'he was in love. . . .', 'tag': 'Connected', 'color': '#D55E00'}, {'paragraph': 42}]
2022-06-22 23:34:43,206 INFO : Highlight: [{'start': 55, 'end': 76, 'text': 'he was in love. . . .', 'tag': 'Connected', 'color': '#D55E00'}, {'start': 248, 'end': 487, 'text': 'Enquête’s face did not cease to be cold; precisely at eight o’clock every evening she said coldly, “Au revoir, monsieur,” and he felt she cared nothing about him, and never would care anything about him, and that his position was hopeless.', 'tag': 'Connected', 'color': '#D55E00'}, {'paragraph': 42}]
2022-06-22 23:35:19,948 INFO : Highlight: [{'start': 4, 'end': 138, 'text': 'Alice turned pale—probably from dismay, reflecting that after this declaration she could not come here again and get a rouble a lesson', 'tag': 'Present', 'color': '#0072B2'}, {'paragraph': 45}]
2022-06-22 23:35:51,374 INFO : Highlight: [{'start': 371, 'end': 593, 'text': 'forgetting himself as though in delirium, he could not restrain himself, and barred her way as she was going from the study into the entry after the lesson, and, gasping for breath and stammering, began to declare his love', 'tag': 'Present', 'color': '#0072B2'}, {'paragraph': 43}]
2022-06-22 23:36:01,485 INFO : Highlight: [{'start': 1, 'end': 59, 'text': 'Ach, you mustn’t! Don’t speak, I entreat you! You mustn’t!', 'tag': 'Connected', 'color': '#D55E00'}, {'paragraph': 46}]
2022-06-22 23:36:52,470 INFO : Highlight: [{'start': 127, 'end': 254, 'text': 'when he is asked about his literary researches, he waves his hand, and without answering, turns the conversation to the weather', 'tag': 'Other', 'color': '#009E73'}, {'paragraph': 50}]
2022-06-22 23:37:01,678 INFO : Highlight: [{'start': 48, 'end': 62, 'text': 'he was torture', 'tag': 'Connected', 'color': '#D55E00'}, {'paragraph': 47}]
2022-06-22 23:37:02,092 INFO : Highlight: [{'paragraph': 47}]
2022-06-22 23:37:10,643 INFO : Highlight: [{'start': 12, 'end': 218, 'text': 'did not sleep all night afterwards; he was tortured by shame; he blamed himself and thought intensely. It seemed to him that he had insulted the girl by his declaration, that she would not come to him again', 'tag': 'Present', 'color': '#0072B2'}, {'paragraph': 47}]
2022-06-22 23:37:11,443 INFO : Highlight: [{'paragraph': 47}]
2022-06-22 23:37:14,413 INFO : Highlight: [{'start': 4, 'end': 218, 'text': 'Vorotov did not sleep all night afterwards; he was tortured by shame; he blamed himself and thought intensely. It seemed to him that he had insulted the girl by his declaration, that she would not come to him again', 'tag': 'Present', 'color': '#0072B2'}, {'paragraph': 47}]
2022-06-22 23:39:28,858 INFO : Survey2: {'lastPageQuestionsRadio0': '4', 'lastPageQuestionsRadio1': '5', 'lastPageQuestionsRadio2': '5', 'lastPageQuestionsRadio3': '3', 'lastPageQuestionsRadio4': '2', 'lastPageQuestionsRadio5': '5', 'lastPageQuestionsRadio6': '3', 'lastPageQuestionsRadio7': '5', 'lastPageQuestionsRadio8': '1', 'lastPageQuestionsFreeform0': "Re-reading this again, I'm really not liking the main character's view of professionalism and the hustle for the young French lady that she was tutoring. I think in general I am just not the biggest fan of how the character grew into his tutor. Wished he was able to overcome his language learning in French."}
2022-06-22 23:39:28,865 INFO : Survey2: {'lastPageQuestionsRadio0': '4', 'lastPageQuestionsRadio1': '5', 'lastPageQuestionsRadio2': '5', 'lastPageQuestionsRadio3': '3', 'lastPageQuestionsRadio4': '2', 'lastPageQuestionsRadio5': '5', 'lastPageQuestionsRadio6': '3', 'lastPageQuestionsRadio7': '5', 'lastPageQuestionsRadio8': '1', 'lastPageQuestionsFreeform0': "Re-reading this again, I'm really not liking the main character's view of professionalism and the hustle for the young French lady that she was tutoring. I think in general I am just not the biggest fan of how the character grew into his tutor. Wished he was able to overcome his language learning in French."}
